\BOOKMARK [0][]{Title.0}{\376\377\000T\000i\000t\000l\000e\000p\000a\000g\000e}{}% 1
\BOOKMARK [0][]{acknowledgments.0}{\376\377\000A\000c\000k\000n\000o\000w\000l\000e\000d\000g\000m\000e\000n\000t\000s}{}% 2
\BOOKMARK [0][]{Abstract.0}{\376\377\000A\000b\000s\000t\000r\000a\000c\000t}{}% 3
\BOOKMARK [0][]{Resumo.0}{\376\377\000R\000e\000s\000u\000m\000o}{}% 4
\BOOKMARK [0][]{toc.0}{\376\377\000C\000o\000n\000t\000e\000n\000t\000s}{}% 5
\BOOKMARK [1][]{lof.1}{\376\377\000L\000i\000s\000t\000\040\000o\000f\000\040\000F\000i\000g\000u\000r\000e\000s}{toc.0}% 6
\BOOKMARK [1][]{lot.1}{\376\377\000L\000i\000s\000t\000\040\000o\000f\000\040\000T\000a\000b\000l\000e\000s}{toc.0}% 7
\BOOKMARK [1][]{loa.1}{\376\377\000L\000i\000s\000t\000\040\000o\000f\000\040\000A\000l\000g\000o\000r\000i\000t\000h\000m\000s}{toc.0}% 8
\BOOKMARK [1][]{lol.1}{\376\377\000L\000i\000s\000t\000i\000n\000g\000s}{toc.0}% 9
\BOOKMARK [1][]{loac.1}{\376\377\000A\000c\000r\000o\000n\000y\000m\000s}{toc.0}% 10
\BOOKMARK [0][]{chapter.1}{\376\377\0001\000\040\000I\000n\000t\000r\000o\000d\000u\000c\000t\000i\000o\000n}{}% 11
\BOOKMARK [1][]{section.1.1}{\376\377\0001\000.\0001\000\040\000T\000h\000e\000s\000i\000s\000\040\000O\000v\000e\000r\000v\000i\000e\000w}{chapter.1}% 12
\BOOKMARK [0][]{chapter.2}{\376\377\0002\000\040\000S\000o\000m\000e\000\040\000P\000r\000e\000l\000i\000m\000i\000n\000a\000r\000y\000\040\000R\000e\000s\000u\000l\000t\000s}{}% 13
\BOOKMARK [1][]{section.2.1}{\376\377\0002\000.\0001\000\040\000S\000o\000m\000e\000\040\000c\000o\000n\000c\000e\000p\000t\000s\000\040\000o\000n\000\040\000B\000a\000n\000a\000c\000h\000\040\000S\000p\000a\000c\000e\000s}{chapter.2}% 14
\BOOKMARK [1][]{section.2.2}{\376\377\0002\000.\0002\000\040\000S\000o\000m\000e\000\040\000c\000o\000n\000c\000e\000p\000t\000s\000\040\000o\000n\000\040\000H\000i\000l\000b\000e\000r\000t\000\040\000S\000p\000a\000c\000e\000s}{chapter.2}% 15
\BOOKMARK [1][]{section.2.3}{\376\377\0002\000.\0003\000\040\000L\000e\000b\000e\000s\000g\000u\000e\000\040\000a\000n\000d\000\040\000S\000o\000b\000o\000l\000e\000v\000\040\000S\000p\000a\000c\000e\000s}{chapter.2}% 16
\BOOKMARK [1][]{section.2.4}{\376\377\0002\000.\0004\000\040\000S\000p\000e\000c\000t\000r\000a\000l\000\040\000D\000e\000c\000o\000m\000p\000o\000s\000i\000t\000i\000o\000n\000\040\000o\000f\000\040\000t\000h\000e\000\040\000L\000a\000p\000l\000a\000c\000e\000\040\000O\000p\000e\000r\000a\000t\000o\000r}{chapter.2}% 17
\BOOKMARK [0][]{chapter.3}{\376\377\0003\000\040\000F\000r\000o\000m\000\040\000S\000p\000e\000c\000t\000r\000a\000l\000\040\000T\000h\000e\000o\000r\000y\000\040\000a\000n\000d\000\040\000S\000h\000a\000p\000e\000\040\000O\000p\000t\000i\000m\000i\000z\000a\000t\000i\000o\000n\000\040\000t\000o\000\040\000t\000h\000e\000\040\000P\000o\000i\000s\000s\000o\000n\000\040\000T\000r\000a\000n\000s\000m\000i\000s\000s\000i\000o\000n\000\040\000P\000r\000o\000b\000l\000e\000m}{}% 18
\BOOKMARK [1][]{section.3.1}{\376\377\0003\000.\0001\000\040\000T\000h\000e\000\040\000L\000a\000p\000l\000a\000c\000e\000\040\000O\000p\000e\000r\000a\000t\000o\000r}{chapter.3}% 19
\BOOKMARK [2][]{subsection.3.1.1}{\376\377\0003\000.\0001\000.\0001\000\040\000S\000o\000m\000e\000\040\000s\000h\000a\000p\000e\000\040\000o\000p\000t\000i\000m\000i\000z\000a\000t\000i\000o\000n\000\040\000r\000e\000s\000u\000l\000t\000s}{section.3.1}% 20
\BOOKMARK [1][]{section.3.2}{\376\377\0003\000.\0002\000\040\000T\000h\000e\000\040\000D\000i\000r\000a\000c\000\040\000O\000p\000e\000r\000a\000t\000o\000r}{chapter.3}% 21
\BOOKMARK [1][]{section.3.3}{\376\377\0003\000.\0003\000\040\000A\000\040\000d\000o\000m\000a\000i\000n\000\040\000d\000e\000c\000o\000m\000p\000o\000s\000i\000t\000i\000o\000n\000\040\000p\000r\000o\000b\000l\000e\000m}{chapter.3}% 22
\BOOKMARK [0][]{chapter.4}{\376\377\0004\000\040\000T\000h\000e\000\040\000M\000e\000t\000h\000o\000d\000\040\000o\000f\000\040\000F\000u\000n\000d\000a\000m\000e\000n\000t\000a\000l\000\040\000S\000o\000l\000u\000t\000i\000o\000n\000s}{}% 23
\BOOKMARK [1][]{section.4.1}{\376\377\0004\000.\0001\000\040\000D\000e\000n\000s\000i\000t\000y\000\040\000a\000n\000d\000\040\000l\000i\000n\000e\000a\000r\000\040\000i\000n\000d\000e\000p\000e\000n\000d\000e\000n\000c\000e\000\040\000r\000e\000s\000u\000l\000t\000s}{chapter.4}% 24
\BOOKMARK [1][]{section.4.2}{\376\377\0004\000.\0002\000\040\000N\000u\000m\000e\000r\000i\000c\000a\000l\000\040\000a\000p\000p\000r\000o\000a\000c\000h\000\040\000f\000o\000r\000\040\000t\000h\000e\000\040\000L\000a\000p\000l\000a\000c\000e\000\040\000E\000q\000u\000a\000t\000i\000o\000n}{chapter.4}% 25
\BOOKMARK [2][]{subsection.4.2.1}{\376\377\0004\000.\0002\000.\0001\000\040\000A\000n\000\040\000e\000n\000r\000i\000c\000h\000m\000e\000n\000t\000\040\000t\000e\000c\000h\000n\000i\000q\000u\000e}{section.4.2}% 26
\BOOKMARK [1][]{section.4.3}{\376\377\0004\000.\0003\000\040\000N\000u\000m\000e\000r\000i\000c\000a\000l\000\040\000a\000p\000p\000r\000o\000a\000c\000h\000\040\000f\000o\000r\000\040\000t\000h\000e\000\040\000H\000e\000l\000m\000h\000o\000l\000t\000z\000\040\000E\000q\000u\000a\000t\000i\000o\000n}{chapter.4}% 27
\BOOKMARK [2][]{subsection.4.3.1}{\376\377\0004\000.\0003\000.\0001\000\040\000T\000h\000e\000\040\000S\000u\000b\000s\000p\000a\000c\000e\000\040\000A\000n\000g\000l\000e\000\040\000T\000e\000c\000h\000n\000i\000q\000u\000e}{section.4.3}% 28
\BOOKMARK [0][]{chapter.5}{\376\377\0005\000\040\000C\000o\000n\000d\000u\000c\000t\000e\000d\000\040\000N\000u\000m\000e\000r\000i\000c\000a\000l\000\040\000S\000i\000m\000u\000l\000a\000t\000i\000o\000n\000s}{}% 29
\BOOKMARK [1][]{section.5.1}{\376\377\0005\000.\0001\000\040\000D\000i\000r\000a\000c\000\040\000e\000q\000u\000a\000t\000i\000o\000n\000\040\000s\000i\000m\000u\000l\000a\000t\000i\000o\000n\000s}{chapter.5}% 30
\BOOKMARK [2][]{subsection.5.1.1}{\376\377\0005\000.\0001\000.\0001\000\040\000M\000e\000t\000h\000o\000d\000\040\000v\000a\000l\000i\000d\000a\000t\000i\000o\000n}{section.5.1}% 31
\BOOKMARK [2][]{subsection.5.1.2}{\376\377\0005\000.\0001\000.\0002\000\040\000Q\000u\000a\000d\000r\000i\000l\000a\000t\000e\000r\000a\000l\000\040\000r\000e\000s\000u\000l\000t\000s}{section.5.1}% 32
\BOOKMARK [2][]{subsection.5.1.3}{\376\377\0005\000.\0001\000.\0003\000\040\000T\000r\000i\000a\000n\000g\000l\000e\000\040\000r\000e\000s\000u\000l\000t\000s}{section.5.1}% 33
\BOOKMARK [2][]{subsection.5.1.4}{\376\377\0005\000.\0001\000.\0004\000\040\000S\000m\000o\000o\000t\000h\000\040\000d\000o\000m\000a\000i\000n\000\040\000r\000e\000s\000u\000l\000t\000s}{section.5.1}% 34
\BOOKMARK [1][]{section.5.2}{\376\377\0005\000.\0002\000\040\000T\000r\000a\000n\000s\000m\000i\000s\000s\000i\000o\000n\000\040\000p\000r\000o\000b\000l\000e\000m\000\040\000s\000i\000m\000u\000l\000a\000t\000i\000o\000n\000s}{chapter.5}% 35
\BOOKMARK [2][]{subsection.5.2.1}{\376\377\0005\000.\0002\000.\0001\000\040\000N\000u\000m\000e\000r\000i\000c\000a\000l\000\040\000v\000a\000l\000i\000d\000a\000t\000i\000o\000n\000\040\000o\000f\000\040\000t\000h\000e\000\040\000m\000e\000t\000h\000o\000d}{section.5.2}% 36
\BOOKMARK [2][]{subsection.5.2.2}{\376\377\0005\000.\0002\000.\0002\000\040\000R\000e\000s\000u\000l\000t\000s\000\040\000f\000o\000r\000\040\000t\000h\000e\000\040\000r\000e\000c\000t\000a\000n\000g\000l\000e}{section.5.2}% 37
\BOOKMARK [2][]{subsection.5.2.3}{\376\377\0005\000.\0002\000.\0003\000\040\000R\000e\000s\000u\000l\000t\000s\000\040\000f\000o\000r\000\040\000a\000n\000\040\000L\000-\000s\000h\000a\000p\000e\000\040\000d\000o\000m\000a\000i\000n\000\040\000w\000i\000t\000h\000\040\000e\000n\000r\000i\000c\000h\000m\000e\000n\000t}{section.5.2}% 38
\BOOKMARK [2][]{subsection.5.2.4}{\376\377\0005\000.\0002\000.\0004\000\040\000R\000e\000s\000u\000l\000t\000s\000\040\000f\000o\000r\000\040\000t\000h\000e\000\040\000s\000m\000o\000o\000t\000h\000\040\000d\000o\000m\000a\000i\000n\000s}{section.5.2}% 39
\BOOKMARK [0][]{chapter.6}{\376\377\0006\000\040\000C\000o\000n\000c\000l\000u\000s\000i\000o\000n}{}% 40
\BOOKMARK [1][]{section.6.1}{\376\377\0006\000.\0001\000\040\000C\000o\000n\000c\000l\000u\000s\000i\000o\000n\000s}{chapter.6}% 41
\BOOKMARK [1][]{section.6.2}{\376\377\0006\000.\0002\000\040\000S\000y\000s\000t\000e\000m\000\040\000L\000i\000m\000i\000t\000a\000t\000i\000o\000n\000s\000\040\000a\000n\000d\000\040\000F\000u\000t\000u\000r\000e\000\040\000W\000o\000r\000k}{chapter.6}% 42
\BOOKMARK [0][]{section.6.2}{\376\377\000B\000i\000b\000l\000i\000o\000g\000r\000a\000p\000h\000y}{}% 43
\BOOKMARK [0][]{section*.35}{\376\377\000G\000l\000o\000s\000s\000a\000r\000y}{}% 44
\BOOKMARK [0][]{appendix.A}{\376\377\000A\000\040\000C\000o\000d\000e\000\040\000o\000f\000\040\000P\000r\000o\000j\000e\000c\000t}{}% 45
\BOOKMARK [0][]{appendix.B}{\376\377\000B\000\040\000A\000\040\000L\000a\000r\000g\000e\000\040\000T\000a\000b\000l\000e}{}% 46
