This is pdfTeX, Version 3.141592653-2.6-1.40.25 (TeX Live 2023/Arch Linux) (preloaded format=pdflatex 2023.8.27)  9 SEP 2023 20:30
entering extended mode
 restricted \write18 enabled.
 file:line:error style messages enabled.
 %&-line parsing enabled.
**/home/francisco/Universidade/Tese/Report/Report/main.tex
(/home/francisco/Universidade/Tese/Report/Report/main.tex
LaTeX2e <2022-11-01> patch level 1
L3 programming layer <2023-02-22> (./Thesis-MSc-Main_Document.tex (./istulthesis.cls
Document Class: istulthesis 2021/02/10

--------------------------------------------------------------
 +---+ Thesis Style (istulthesis.cls) 
 +---+ Version 3.1, February 2021 
 +---+ for Instituto Superior Tecnico (IST) 
 +---+ Universidade de Lisboa 
 * Modified from 'report.cls' 
 * Created to write Dissertations 
 * Conforms with IST Master Degree format 
 
 AUTHOR: Rui Santos Cruz 
 INSPIRED BY: Pedro Tomás work 
--------------------------------------------------------------

(/usr/share/texmf-dist/tex/latex/base/report.cls
Document Class: report 2022/07/02 v1.4n Standard LaTeX document class
(/usr/share/texmf-dist/tex/latex/base/size10.clo
File: size10.clo 2022/07/02 v1.4n Standard LaTeX file (size option)
)
\c@part=\count185
\c@chapter=\count186
\c@section=\count187
\c@subsection=\count188
\c@subsubsection=\count189
\c@paragraph=\count190
\c@subparagraph=\count191
\c@figure=\count192
\c@table=\count193
\abovecaptionskip=\skip48
\belowcaptionskip=\skip49
\bibindent=\dimen140
) (/usr/share/texmf-dist/tex/latex/tools/indentfirst.sty
Package: indentfirst 1995/11/23 v1.03 Indent first paragraph (DPC)
) (/usr/share/texmf-dist/tex/latex/base/ifthen.sty
Package: ifthen 2022/04/13 v1.1d Standard LaTeX ifthen package (DPC)
) (/usr/share/texmf-dist/tex/latex/graphics/graphicx.sty
Package: graphicx 2021/09/16 v1.2d Enhanced LaTeX Graphics (DPC,SPQR)
 (/usr/share/texmf-dist/tex/latex/graphics/keyval.sty
Package: keyval 2022/05/29 v1.15 key=value parser (DPC)
\KV@toks@=\toks16
) (/usr/share/texmf-dist/tex/latex/graphics/graphics.sty
Package: graphics 2022/03/10 v1.4e Standard LaTeX Graphics (DPC,SPQR)
 (/usr/share/texmf-dist/tex/latex/graphics/trig.sty
Package: trig 2021/08/11 v1.11 sin cos tan (DPC)
) (/usr/share/texmf-dist/tex/latex/graphics-cfg/graphics.cfg
File: graphics.cfg 2016/06/04 v1.11 sample graphics configuration
)
Package graphics Info: Driver file: pdftex.def on input line 107.
 (/usr/share/texmf-dist/tex/latex/graphics-def/pdftex.def
File: pdftex.def 2022/09/22 v1.2b Graphics/color driver for pdftex
))
\Gin@req@height=\dimen141
\Gin@req@width=\dimen142
) (/usr/share/texmf-dist/tex/generic/epsf/epsf.sty
This is `epsf.tex' v2.7.4 <14 February 2011>
\epsffilein=\read2
\epsfframemargin=\dimen143
\epsfframethickness=\dimen144
\epsfrsize=\dimen145
\epsftmp=\dimen146
\epsftsize=\dimen147
\epsfxsize=\dimen148
\epsfysize=\dimen149
\pspoints=\dimen150
) (/usr/share/texmf-dist/tex/latex/textpos/textpos.sty
Package: textpos 2022/07/23 v1.10.1
Package textpos Info: choosing support for LaTeX3 on input line 60.
\TP@textbox=\box51
\TP@holdbox=\box52
\TPHorizModule=\dimen151
\TPVertModule=\dimen152
\TP@margin=\dimen153
\TP@absmargin=\dimen154

Grid set 16 x 16 = 37.34424pt x 52.81541pt
\TPboxrulesize=\dimen155
\TP@ox=\dimen156
\TP@oy=\dimen157
\TP@tbargs=\toks17
TextBlockOrigin set to 0pt x 0pt
) (/usr/share/texmf-dist/tex/latex/psnfss/helvet.sty
Package: helvet 2020/03/25 PSNFSS-v9.3 (WaS) 
)) (./Thesis-MSc-Preamble_commands.tex (/usr/share/texmf-dist/tex/latex/ucs/ucs.sty
Package: ucs 2022/08/07 v2.3 UCS: Unicode input support
 (/usr/share/texmf-dist/tex/latex/ucs/data/uni-global.def
File: uni-global.def 2022/08/07 UCS: Unicode global data
)
\uc@secondtry=\count194
\uc@combtoks=\toks18
\uc@combtoksb=\toks19
\uc@temptokena=\toks20
) (/usr/share/texmf-dist/tex/latex/base/inputenc.sty
Package: inputenc 2021/02/14 v1.3d Input encoding file
\inpenc@prehook=\toks21
\inpenc@posthook=\toks22
 (/usr/share/texmf-dist/tex/latex/ucs/utf8x.def
File: utf8x.def 2022/08/07 UCS: Input encoding UTF-8
)) (/usr/share/texmf-dist/tex/generic/babel/babel.sty
Package: babel 2023/02/13 3.86 The Babel package
\babel@savecnt=\count195
\U@D=\dimen158
\l@unhyphenated=\language3
 (/usr/share/texmf-dist/tex/generic/babel/txtbabel.def)
\bbl@readstream=\read3
\bbl@dirlevel=\count196
Package babel Info: Main language set with 'main='. Except if you have
(babel)             problems, prefer the default mechanism for setting
(babel)             the main language. Reported on input line 4332.
 (/usr/share/texmf-dist/tex/generic/babel-portuges/portuguese.ldf
Language: portuges 2021/07/09 v1.2t Portuguese support from the babel system


Package babel Warning: No hyphenation patterns were preloaded for
(babel)                the language 'Portuguese' into the format.
(babel)                Please, configure your TeX system to add them and
(babel)                rebuild the format. Now I will use the patterns
(babel)                preloaded for \language=0 instead on input line 53.

Package babel Info: Hyphen rules for 'portuges' set to \l@english
(babel)             (\language0). Reported on input line 54.
Package babel Info: Making " an active character on input line 143.
) (/usr/share/texmf-dist/tex/generic/babel-english/english.ldf
Language: english 2017/06/06 v3.3r English support from the babel system
Package babel Info: Hyphen rules for 'british' set to \l@english
(babel)             (\language0). Reported on input line 82.
Package babel Info: Hyphen rules for 'UKenglish' set to \l@english
(babel)             (\language0). Reported on input line 83.
Package babel Info: Hyphen rules for 'canadian' set to \l@english
(babel)             (\language0). Reported on input line 102.
Package babel Info: Hyphen rules for 'australian' set to \l@english
(babel)             (\language0). Reported on input line 105.
Package babel Info: Hyphen rules for 'newzealand' set to \l@english
(babel)             (\language0). Reported on input line 108.
)) (/usr/share/texmf-dist/tex/generic/babel/locale/en/babel-english.tex
Package babel Info: Importing font and identification data for english
(babel)             from babel-en.ini. Reported on input line 11.
) (/usr/share/texmf-dist/tex/generic/babel/locale/pt/babel-portuguese.tex
Package babel Info: Importing font and identification data for portuguese
(babel)             from babel-pt.ini. Reported on input line 11.
) (/usr/share/texmf-dist/tex/generic/oberdiek/iflang.sty
Package: iflang 2018/01/21 v1.7 Checks for the current language (HO)
 (/usr/share/texmf-dist/tex/generic/infwarerr/infwarerr.sty
Package: infwarerr 2019/12/03 v1.5 Providing info/warning/error messages (HO)
) (/usr/share/texmf-dist/tex/generic/pdftexcmds/pdftexcmds.sty
Package: pdftexcmds 2020-06-27 v0.33 Utility functions of pdfTeX for LuaTeX (HO)
 (/usr/share/texmf-dist/tex/generic/iftex/iftex.sty
Package: iftex 2022/02/03 v1.0f TeX engine tests
) (/usr/share/texmf-dist/tex/generic/ltxcmds/ltxcmds.sty
Package: ltxcmds 2020-05-10 v1.25 LaTeX kernel commands for general use (HO)
)
Package pdftexcmds Info: \pdf@primitive is available.
Package pdftexcmds Info: \pdf@ifprimitive is available.
Package pdftexcmds Info: \pdfdraftmode found.
)
Package iflang Info: Naming convention for patterns: babel.
) (/usr/share/texmf-dist/tex/latex/koma-script/scrbase.sty
Package: scrbase 2022/10/12 v3.38 KOMA-Script package (KOMA-Script-independent basics and keyval usage)
 (/usr/share/texmf-dist/tex/latex/koma-script/scrlfile.sty
Package: scrlfile 2022/10/12 v3.38 KOMA-Script package (file load hooks)
 (/usr/share/texmf-dist/tex/latex/koma-script/scrlfile-hook.sty
Package: scrlfile-hook 2022/10/12 v3.38 KOMA-Script package (using LaTeX hooks)
 (/usr/share/texmf-dist/tex/latex/koma-script/scrlogo.sty
Package: scrlogo 2022/10/12 v3.38 KOMA-Script package (logo)
)))
Applying: [2021/05/01] Usage of raw or classic option list on input line 252.
Already applied: [0000/00/00] Usage of raw or classic option list on input line 368.
) (/usr/share/texmf-dist/tex/latex/mathtools/mathtools.sty
Package: mathtools 2022/06/29 v1.29 mathematical typesetting tools
 (/usr/share/texmf-dist/tex/latex/tools/calc.sty
Package: calc 2017/05/25 v4.3 Infix arithmetic (KKT,FJ)
\calc@Acount=\count197
\calc@Bcount=\count198
\calc@Adimen=\dimen159
\calc@Bdimen=\dimen160
\calc@Askip=\skip50
\calc@Bskip=\skip51
LaTeX Info: Redefining \setlength on input line 80.
LaTeX Info: Redefining \addtolength on input line 81.
\calc@Ccount=\count199
\calc@Cskip=\skip52
) (/usr/share/texmf-dist/tex/latex/mathtools/mhsetup.sty
Package: mhsetup 2021/03/18 v1.4 programming setup (MH)
) (/usr/share/texmf-dist/tex/latex/amsmath/amsmath.sty
Package: amsmath 2022/04/08 v2.17n AMS math features
\@mathmargin=\skip53

For additional information on amsmath, use the `?' option.
(/usr/share/texmf-dist/tex/latex/amsmath/amstext.sty
Package: amstext 2021/08/26 v2.01 AMS text
 (/usr/share/texmf-dist/tex/latex/amsmath/amsgen.sty
File: amsgen.sty 1999/11/30 v2.0 generic functions
\@emptytoks=\toks23
\ex@=\dimen161
)) (/usr/share/texmf-dist/tex/latex/amsmath/amsbsy.sty
Package: amsbsy 1999/11/29 v1.2d Bold Symbols
\pmbraise@=\dimen162
) (/usr/share/texmf-dist/tex/latex/amsmath/amsopn.sty
Package: amsopn 2022/04/08 v2.04 operator names
)
\inf@bad=\count266
LaTeX Info: Redefining \frac on input line 234.
\uproot@=\count267
\leftroot@=\count268
LaTeX Info: Redefining \overline on input line 399.
LaTeX Info: Redefining \colon on input line 410.
\classnum@=\count269
\DOTSCASE@=\count270
LaTeX Info: Redefining \ldots on input line 496.
LaTeX Info: Redefining \dots on input line 499.
LaTeX Info: Redefining \cdots on input line 620.
\Mathstrutbox@=\box53
\strutbox@=\box54
LaTeX Info: Redefining \big on input line 722.
LaTeX Info: Redefining \Big on input line 723.
LaTeX Info: Redefining \bigg on input line 724.
LaTeX Info: Redefining \Bigg on input line 725.
\big@size=\dimen163
LaTeX Font Info:    Redeclaring font encoding OML on input line 743.
LaTeX Font Info:    Redeclaring font encoding OMS on input line 744.
\macc@depth=\count271
LaTeX Info: Redefining \bmod on input line 905.
LaTeX Info: Redefining \pmod on input line 910.
LaTeX Info: Redefining \smash on input line 940.
LaTeX Info: Redefining \relbar on input line 970.
LaTeX Info: Redefining \Relbar on input line 971.
\c@MaxMatrixCols=\count272
\dotsspace@=\muskip16
\c@parentequation=\count273
\dspbrk@lvl=\count274
\tag@help=\toks24
\row@=\count275
\column@=\count276
\maxfields@=\count277
\andhelp@=\toks25
\eqnshift@=\dimen164
\alignsep@=\dimen165
\tagshift@=\dimen166
\tagwidth@=\dimen167
\totwidth@=\dimen168
\lineht@=\dimen169
\@envbody=\toks26
\multlinegap=\skip54
\multlinetaggap=\skip55
\mathdisplay@stack=\toks27
LaTeX Info: Redefining \[ on input line 2953.
LaTeX Info: Redefining \] on input line 2954.
)
\g_MT_multlinerow_int=\count278
\l_MT_multwidth_dim=\dimen170
\origjot=\skip56
\l_MT_shortvdotswithinadjustabove_dim=\dimen171
\l_MT_shortvdotswithinadjustbelow_dim=\dimen172
\l_MT_above_intertext_sep=\dimen173
\l_MT_below_intertext_sep=\dimen174
\l_MT_above_shortintertext_sep=\dimen175
\l_MT_below_shortintertext_sep=\dimen176
\xmathstrut@box=\box55
\xmathstrut@dim=\dimen177
) (/usr/share/texmf-dist/tex/latex/amscls/amsthm.sty
Package: amsthm 2020/05/29 v2.20.6
\thm@style=\toks28
\thm@bodyfont=\toks29
\thm@headfont=\toks30
\thm@notefont=\toks31
\thm@headpunct=\toks32
\thm@preskip=\skip57
\thm@postskip=\skip58
\thm@headsep=\skip59
\dth@everypar=\toks33
) (/usr/share/texmf-dist/tex/latex/amsfonts/amssymb.sty
Package: amssymb 2013/01/14 v3.01 AMS font symbols
 (/usr/share/texmf-dist/tex/latex/amsfonts/amsfonts.sty
Package: amsfonts 2013/01/14 v3.01 Basic AMSFonts support
\symAMSa=\mathgroup4
\symAMSb=\mathgroup5
LaTeX Font Info:    Redeclaring math symbol \hbar on input line 98.
LaTeX Font Info:    Overwriting math alphabet `\mathfrak' in version `bold'
(Font)                  U/euf/m/n --> U/euf/b/n on input line 106.
)) (/usr/share/texmf-dist/tex/latex/physics/physics.sty
Package: physics 
 (/usr/share/texmf-dist/tex/latex/l3packages/xparse/xparse.sty (/usr/share/texmf-dist/tex/latex/l3kernel/expl3.sty
Package: expl3 2023-02-22 L3 programming layer (loader) 
 (/usr/share/texmf-dist/tex/latex/l3backend/l3backend-pdftex.def
File: l3backend-pdftex.def 2023-01-16 L3 backend support: PDF output (pdfTeX)
\l__color_backend_stack_int=\count279
\l__pdf_internal_box=\box56
))
Package: xparse 2023-02-02 L3 Experimental document command parser
)) (/usr/share/texmf-dist/tex/latex/blkarray/blkarray.sty
Package: blkarray 2015/02/27 v0.07 Block array (dpc)
\c@BAenumi=\count280
\BA@col=\count281
\BA@block@cnt=\count282
\BA@final@box=\box57
\BA@first@box=\box58
\BA@colsep=\dimen178
\BA@ftn=\toks34
\BAextrarowheight=\dimen179
\BAextraheightafterhline=\dimen180
\BAarrayrulewidth=\dimen181
\BAdoublerulesep=\dimen182
\BAfootskip=\dimen183
\BA@dashbox=\box59
\BA@ddashbox=\box60
) (/usr/share/texmf-dist/tex/latex/units/nicefrac.sty
Package: nicefrac 1998/08/04 v0.9b Nice fractions
\L@UnitsRaiseDisplaystyle=\skip60
\L@UnitsRaiseTextstyle=\skip61
\L@UnitsRaiseScriptstyle=\skip62
)
\c@theorem=\count283
 (/usr/share/texmf-dist/tex/latex/pgf/frontendlayer/tikz.sty (/usr/share/texmf-dist/tex/latex/pgf/basiclayer/pgf.sty (/usr/share/texmf-dist/tex/latex/pgf/utilities/pgfrcs.sty (/usr/share/texmf-dist/tex/generic/pgf/utilities/pgfutil-common.tex
\pgfutil@everybye=\toks35
\pgfutil@tempdima=\dimen184
\pgfutil@tempdimb=\dimen185
) (/usr/share/texmf-dist/tex/generic/pgf/utilities/pgfutil-latex.def
\pgfutil@abb=\box61
) (/usr/share/texmf-dist/tex/generic/pgf/utilities/pgfrcs.code.tex (/usr/share/texmf-dist/tex/generic/pgf/pgf.revision.tex)
Package: pgfrcs 2023-01-15 v3.1.10 (3.1.10)
))
Package: pgf 2023-01-15 v3.1.10 (3.1.10)
 (/usr/share/texmf-dist/tex/latex/pgf/basiclayer/pgfcore.sty (/usr/share/texmf-dist/tex/latex/pgf/systemlayer/pgfsys.sty (/usr/share/texmf-dist/tex/generic/pgf/systemlayer/pgfsys.code.tex
Package: pgfsys 2023-01-15 v3.1.10 (3.1.10)
 (/usr/share/texmf-dist/tex/generic/pgf/utilities/pgfkeys.code.tex
\pgfkeys@pathtoks=\toks36
\pgfkeys@temptoks=\toks37
 (/usr/share/texmf-dist/tex/generic/pgf/utilities/pgfkeyslibraryfiltered.code.tex
\pgfkeys@tmptoks=\toks38
))
\pgf@x=\dimen186
\pgf@y=\dimen187
\pgf@xa=\dimen188
\pgf@ya=\dimen189
\pgf@xb=\dimen190
\pgf@yb=\dimen191
\pgf@xc=\dimen192
\pgf@yc=\dimen193
\pgf@xd=\dimen194
\pgf@yd=\dimen195
\w@pgf@writea=\write3
\r@pgf@reada=\read4
\c@pgf@counta=\count284
\c@pgf@countb=\count285
\c@pgf@countc=\count286
\c@pgf@countd=\count287
\t@pgf@toka=\toks39
\t@pgf@tokb=\toks40
\t@pgf@tokc=\toks41
\pgf@sys@id@count=\count288
 (/usr/share/texmf-dist/tex/generic/pgf/systemlayer/pgf.cfg
File: pgf.cfg 2023-01-15 v3.1.10 (3.1.10)
)
Driver file for pgf: pgfsys-pdftex.def
 (/usr/share/texmf-dist/tex/generic/pgf/systemlayer/pgfsys-pdftex.def
File: pgfsys-pdftex.def 2023-01-15 v3.1.10 (3.1.10)
 (/usr/share/texmf-dist/tex/generic/pgf/systemlayer/pgfsys-common-pdf.def
File: pgfsys-common-pdf.def 2023-01-15 v3.1.10 (3.1.10)
))) (/usr/share/texmf-dist/tex/generic/pgf/systemlayer/pgfsyssoftpath.code.tex
File: pgfsyssoftpath.code.tex 2023-01-15 v3.1.10 (3.1.10)
\pgfsyssoftpath@smallbuffer@items=\count289
\pgfsyssoftpath@bigbuffer@items=\count290
) (/usr/share/texmf-dist/tex/generic/pgf/systemlayer/pgfsysprotocol.code.tex
File: pgfsysprotocol.code.tex 2023-01-15 v3.1.10 (3.1.10)
)) (/usr/share/texmf-dist/tex/latex/xcolor/xcolor.sty
Package: xcolor 2022/06/12 v2.14 LaTeX color extensions (UK)
 (/usr/share/texmf-dist/tex/latex/graphics-cfg/color.cfg
File: color.cfg 2016/01/02 v1.6 sample color configuration
)
Package xcolor Info: Driver file: pdftex.def on input line 227.
 (/usr/share/texmf-dist/tex/latex/graphics/mathcolor.ltx)
Package xcolor Info: Model `cmy' substituted by `cmy0' on input line 1353.
Package xcolor Info: Model `hsb' substituted by `rgb' on input line 1357.
Package xcolor Info: Model `RGB' extended on input line 1369.
Package xcolor Info: Model `HTML' substituted by `rgb' on input line 1371.
Package xcolor Info: Model `Hsb' substituted by `hsb' on input line 1372.
Package xcolor Info: Model `tHsb' substituted by `hsb' on input line 1373.
Package xcolor Info: Model `HSB' substituted by `hsb' on input line 1374.
Package xcolor Info: Model `Gray' substituted by `gray' on input line 1375.
Package xcolor Info: Model `wave' substituted by `hsb' on input line 1376.
) (/usr/share/texmf-dist/tex/generic/pgf/basiclayer/pgfcore.code.tex
Package: pgfcore 2023-01-15 v3.1.10 (3.1.10)
 (/usr/share/texmf-dist/tex/generic/pgf/math/pgfmath.code.tex (/usr/share/texmf-dist/tex/generic/pgf/math/pgfmathutil.code.tex) (/usr/share/texmf-dist/tex/generic/pgf/math/pgfmathparser.code.tex
\pgfmath@dimen=\dimen196
\pgfmath@count=\count291
\pgfmath@box=\box62
\pgfmath@toks=\toks42
\pgfmath@stack@operand=\toks43
\pgfmath@stack@operation=\toks44
) (/usr/share/texmf-dist/tex/generic/pgf/math/pgfmathfunctions.code.tex) (/usr/share/texmf-dist/tex/generic/pgf/math/pgfmathfunctions.basic.code.tex) (/usr/share/texmf-dist/tex/generic/pgf/math/pgfmathfunctions.trigonometric.code.tex) (/usr/share/texmf-dist/tex/generic/pgf/math/pgfmathfunctions.random.code.tex) (/usr/share/texmf-dist/tex/generic/pgf/math/pgfmathfunctions.comparison.code.tex) (/usr/share/texmf-dist/tex/generic/pgf/math/pgfmathfunctions.base.code.tex) (/usr/share/texmf-dist/tex/generic/pgf/math/pgfmathfunctions.round.code.tex) (/usr/share/texmf-dist/tex/generic/pgf/math/pgfmathfunctions.misc.code.tex) (/usr/share/texmf-dist/tex/generic/pgf/math/pgfmathfunctions.integerarithmetics.code.tex) (/usr/share/texmf-dist/tex/generic/pgf/math/pgfmathcalc.code.tex) (/usr/share/texmf-dist/tex/generic/pgf/math/pgfmathfloat.code.tex
\c@pgfmathroundto@lastzeros=\count292
)) (/usr/share/texmf-dist/tex/generic/pgf/math/pgfint.code.tex) (/usr/share/texmf-dist/tex/generic/pgf/basiclayer/pgfcorepoints.code.tex
File: pgfcorepoints.code.tex 2023-01-15 v3.1.10 (3.1.10)
\pgf@picminx=\dimen197
\pgf@picmaxx=\dimen198
\pgf@picminy=\dimen199
\pgf@picmaxy=\dimen256
\pgf@pathminx=\dimen257
\pgf@pathmaxx=\dimen258
\pgf@pathminy=\dimen259
\pgf@pathmaxy=\dimen260
\pgf@xx=\dimen261
\pgf@xy=\dimen262
\pgf@yx=\dimen263
\pgf@yy=\dimen264
\pgf@zx=\dimen265
\pgf@zy=\dimen266
) (/usr/share/texmf-dist/tex/generic/pgf/basiclayer/pgfcorepathconstruct.code.tex
File: pgfcorepathconstruct.code.tex 2023-01-15 v3.1.10 (3.1.10)
\pgf@path@lastx=\dimen267
\pgf@path@lasty=\dimen268
) (/usr/share/texmf-dist/tex/generic/pgf/basiclayer/pgfcorepathusage.code.tex
File: pgfcorepathusage.code.tex 2023-01-15 v3.1.10 (3.1.10)
\pgf@shorten@end@additional=\dimen269
\pgf@shorten@start@additional=\dimen270
) (/usr/share/texmf-dist/tex/generic/pgf/basiclayer/pgfcorescopes.code.tex
File: pgfcorescopes.code.tex 2023-01-15 v3.1.10 (3.1.10)
\pgfpic=\box63
\pgf@hbox=\box64
\pgf@layerbox@main=\box65
\pgf@picture@serial@count=\count293
) (/usr/share/texmf-dist/tex/generic/pgf/basiclayer/pgfcoregraphicstate.code.tex
File: pgfcoregraphicstate.code.tex 2023-01-15 v3.1.10 (3.1.10)
\pgflinewidth=\dimen271
) (/usr/share/texmf-dist/tex/generic/pgf/basiclayer/pgfcoretransformations.code.tex
File: pgfcoretransformations.code.tex 2023-01-15 v3.1.10 (3.1.10)
\pgf@pt@x=\dimen272
\pgf@pt@y=\dimen273
\pgf@pt@temp=\dimen274
) (/usr/share/texmf-dist/tex/generic/pgf/basiclayer/pgfcorequick.code.tex
File: pgfcorequick.code.tex 2023-01-15 v3.1.10 (3.1.10)
) (/usr/share/texmf-dist/tex/generic/pgf/basiclayer/pgfcoreobjects.code.tex
File: pgfcoreobjects.code.tex 2023-01-15 v3.1.10 (3.1.10)
) (/usr/share/texmf-dist/tex/generic/pgf/basiclayer/pgfcorepathprocessing.code.tex
File: pgfcorepathprocessing.code.tex 2023-01-15 v3.1.10 (3.1.10)
) (/usr/share/texmf-dist/tex/generic/pgf/basiclayer/pgfcorearrows.code.tex
File: pgfcorearrows.code.tex 2023-01-15 v3.1.10 (3.1.10)
\pgfarrowsep=\dimen275
) (/usr/share/texmf-dist/tex/generic/pgf/basiclayer/pgfcoreshade.code.tex
File: pgfcoreshade.code.tex 2023-01-15 v3.1.10 (3.1.10)
\pgf@max=\dimen276
\pgf@sys@shading@range@num=\count294
\pgf@shadingcount=\count295
) (/usr/share/texmf-dist/tex/generic/pgf/basiclayer/pgfcoreimage.code.tex
File: pgfcoreimage.code.tex 2023-01-15 v3.1.10 (3.1.10)
) (/usr/share/texmf-dist/tex/generic/pgf/basiclayer/pgfcoreexternal.code.tex
File: pgfcoreexternal.code.tex 2023-01-15 v3.1.10 (3.1.10)
\pgfexternal@startupbox=\box66
) (/usr/share/texmf-dist/tex/generic/pgf/basiclayer/pgfcorelayers.code.tex
File: pgfcorelayers.code.tex 2023-01-15 v3.1.10 (3.1.10)
) (/usr/share/texmf-dist/tex/generic/pgf/basiclayer/pgfcoretransparency.code.tex
File: pgfcoretransparency.code.tex 2023-01-15 v3.1.10 (3.1.10)
) (/usr/share/texmf-dist/tex/generic/pgf/basiclayer/pgfcorepatterns.code.tex
File: pgfcorepatterns.code.tex 2023-01-15 v3.1.10 (3.1.10)
) (/usr/share/texmf-dist/tex/generic/pgf/basiclayer/pgfcorerdf.code.tex
File: pgfcorerdf.code.tex 2023-01-15 v3.1.10 (3.1.10)
))) (/usr/share/texmf-dist/tex/generic/pgf/modules/pgfmoduleshapes.code.tex
File: pgfmoduleshapes.code.tex 2023-01-15 v3.1.10 (3.1.10)
\pgfnodeparttextbox=\box67
) (/usr/share/texmf-dist/tex/generic/pgf/modules/pgfmoduleplot.code.tex
File: pgfmoduleplot.code.tex 2023-01-15 v3.1.10 (3.1.10)
) (/usr/share/texmf-dist/tex/latex/pgf/compatibility/pgfcomp-version-0-65.sty
Package: pgfcomp-version-0-65 2023-01-15 v3.1.10 (3.1.10)
\pgf@nodesepstart=\dimen277
\pgf@nodesepend=\dimen278
) (/usr/share/texmf-dist/tex/latex/pgf/compatibility/pgfcomp-version-1-18.sty
Package: pgfcomp-version-1-18 2023-01-15 v3.1.10 (3.1.10)
)) (/usr/share/texmf-dist/tex/latex/pgf/utilities/pgffor.sty (/usr/share/texmf-dist/tex/latex/pgf/utilities/pgfkeys.sty (/usr/share/texmf-dist/tex/generic/pgf/utilities/pgfkeys.code.tex)) (/usr/share/texmf-dist/tex/latex/pgf/math/pgfmath.sty (/usr/share/texmf-dist/tex/generic/pgf/math/pgfmath.code.tex)) (/usr/share/texmf-dist/tex/generic/pgf/utilities/pgffor.code.tex
Package: pgffor 2023-01-15 v3.1.10 (3.1.10)
\pgffor@iter=\dimen279
\pgffor@skip=\dimen280
\pgffor@stack=\toks45
\pgffor@toks=\toks46
)) (/usr/share/texmf-dist/tex/generic/pgf/frontendlayer/tikz/tikz.code.tex
Package: tikz 2023-01-15 v3.1.10 (3.1.10)
 (/usr/share/texmf-dist/tex/generic/pgf/libraries/pgflibraryplothandlers.code.tex
File: pgflibraryplothandlers.code.tex 2023-01-15 v3.1.10 (3.1.10)
\pgf@plot@mark@count=\count296
\pgfplotmarksize=\dimen281
)
\tikz@lastx=\dimen282
\tikz@lasty=\dimen283
\tikz@lastxsaved=\dimen284
\tikz@lastysaved=\dimen285
\tikz@lastmovetox=\dimen286
\tikz@lastmovetoy=\dimen287
\tikzleveldistance=\dimen288
\tikzsiblingdistance=\dimen289
\tikz@figbox=\box68
\tikz@figbox@bg=\box69
\tikz@tempbox=\box70
\tikz@tempbox@bg=\box71
\tikztreelevel=\count297
\tikznumberofchildren=\count298
\tikznumberofcurrentchild=\count299
\tikz@fig@count=\count300
 (/usr/share/texmf-dist/tex/generic/pgf/modules/pgfmodulematrix.code.tex
File: pgfmodulematrix.code.tex 2023-01-15 v3.1.10 (3.1.10)
\pgfmatrixcurrentrow=\count301
\pgfmatrixcurrentcolumn=\count302
\pgf@matrix@numberofcolumns=\count303
)
\tikz@expandcount=\count304
 (/usr/share/texmf-dist/tex/generic/pgf/frontendlayer/tikz/libraries/tikzlibrarytopaths.code.tex
File: tikzlibrarytopaths.code.tex 2023-01-15 v3.1.10 (3.1.10)
))) (/usr/share/texmf-dist/tex/generic/pgf/frontendlayer/tikz/libraries/tikzlibraryshapes.geometric.code.tex
File: tikzlibraryshapes.geometric.code.tex 2023-01-15 v3.1.10 (3.1.10)
 (/usr/share/texmf-dist/tex/generic/pgf/libraries/shapes/pgflibraryshapes.geometric.code.tex
File: pgflibraryshapes.geometric.code.tex 2023-01-15 v3.1.10 (3.1.10)
)) (/usr/share/texmf-dist/tex/generic/pgf/frontendlayer/tikz/libraries/tikzlibraryarrows.code.tex
File: tikzlibraryarrows.code.tex 2023-01-15 v3.1.10 (3.1.10)
 (/usr/share/texmf-dist/tex/generic/pgf/libraries/pgflibraryarrows.code.tex
File: pgflibraryarrows.code.tex 2023-01-15 v3.1.10 (3.1.10)
\arrowsize=\dimen290
)) (/usr/share/texmf-dist/tex/generic/pgf/frontendlayer/tikz/libraries/tikzlibrarypositioning.code.tex
File: tikzlibrarypositioning.code.tex 2023-01-15 v3.1.10 (3.1.10)
) (/usr/share/texmf-dist/tex/generic/pgf/frontendlayer/tikz/libraries/tikzlibraryangles.code.tex
File: tikzlibraryangles.code.tex 2023-01-15 v3.1.10 (3.1.10)
) (/usr/share/texmf-dist/tex/generic/pgf/frontendlayer/tikz/libraries/tikzlibraryquotes.code.tex
File: tikzlibraryquotes.code.tex 2023-01-15 v3.1.10 (3.1.10)
) (/usr/share/texmf-dist/tex/generic/pgf/frontendlayer/tikz/libraries/tikzlibrarydecorations.pathmorphing.code.tex (/usr/share/texmf-dist/tex/generic/pgf/frontendlayer/tikz/libraries/tikzlibrarydecorations.code.tex (/usr/share/texmf-dist/tex/generic/pgf/modules/pgfmoduledecorations.code.tex
\pgfdecoratedcompleteddistance=\dimen291
\pgfdecoratedremainingdistance=\dimen292
\pgfdecoratedinputsegmentcompleteddistance=\dimen293
\pgfdecoratedinputsegmentremainingdistance=\dimen294
\pgf@decorate@distancetomove=\dimen295
\pgf@decorate@repeatstate=\count305
\pgfdecorationsegmentamplitude=\dimen296
\pgfdecorationsegmentlength=\dimen297
)
\tikz@lib@dec@box=\box72
) (/usr/share/texmf-dist/tex/generic/pgf/libraries/decorations/pgflibrarydecorations.pathmorphing.code.tex)) (/usr/share/texmf-dist/tex/latex/siunitx/siunitx.sty
Package: siunitx 2023-03-04 v3.2.2 A comprehensive (SI) units package
\l__siunitx_angle_tmp_dim=\dimen298
\l__siunitx_angle_marker_box=\box73
\l__siunitx_angle_unit_box=\box74
\l__siunitx_compound_count_int=\count306
 (/usr/share/texmf-dist/tex/latex/translations/translations.sty
Package: translations 2022/02/05 v1.12 internationalization of LaTeX2e packages (CN)
 (/usr/share/texmf-dist/tex/latex/etoolbox/etoolbox.sty
Package: etoolbox 2020/10/05 v2.5k e-TeX tools for LaTeX (JAW)
\etb@tempcnta=\count307
))
\l__siunitx_number_exponent_fixed_int=\count308
\l__siunitx_number_min_decimal_int=\count309
\l__siunitx_number_min_integer_int=\count310
\l__siunitx_number_round_precision_int=\count311
\l__siunitx_number_lower_threshold_int=\count312
\l__siunitx_number_upper_threshold_int=\count313
\l__siunitx_number_group_first_int=\count314
\l__siunitx_number_group_size_int=\count315
\l__siunitx_number_group_minimum_int=\count316
\l__siunitx_table_tmp_box=\box75
\l__siunitx_table_tmp_dim=\dimen299
\l__siunitx_table_column_width_dim=\dimen300
\l__siunitx_table_integer_box=\box76
\l__siunitx_table_decimal_box=\box77
\l__siunitx_table_uncert_box=\box78
\l__siunitx_table_before_box=\box79
\l__siunitx_table_after_box=\box80
\l__siunitx_table_before_dim=\dimen301
\l__siunitx_table_carry_dim=\dimen302
\l__siunitx_unit_tmp_int=\count317
\l__siunitx_unit_position_int=\count318
\l__siunitx_unit_total_int=\count319
 (/usr/share/texmf-dist/tex/latex/tools/array.sty
Package: array 2022/09/04 v2.5g Tabular extension package (FMi)
\col@sep=\dimen303
\ar@mcellbox=\box81
\extrarowheight=\dimen304
\NC@list=\toks47
\extratabsurround=\skip63
\backup@length=\skip64
\ar@cellbox=\box82
)) (/usr/share/texmf-dist/tex/latex/booktabs/booktabs.sty
Package: booktabs 2020/01/12 v1.61803398 Publication quality tables
\heavyrulewidth=\dimen305
\lightrulewidth=\dimen306
\cmidrulewidth=\dimen307
\belowrulesep=\dimen308
\belowbottomsep=\dimen309
\aboverulesep=\dimen310
\abovetopsep=\dimen311
\cmidrulesep=\dimen312
\cmidrulekern=\dimen313
\defaultaddspace=\dimen314
\@cmidla=\count320
\@cmidlb=\count321
\@aboverulesep=\dimen315
\@belowrulesep=\dimen316
\@thisruleclass=\count322
\@lastruleclass=\count323
\@thisrulewidth=\dimen317
) (/usr/share/texmf-dist/tex/latex/multirow/multirow.sty
Package: multirow 2021/03/15 v2.8 Span multiple rows of a table
\multirow@colwidth=\skip65
\multirow@cntb=\count324
\multirow@dima=\skip66
\bigstrutjot=\dimen318
) (/usr/share/texmf-dist/tex/latex/colortbl/colortbl.sty
Package: colortbl 2022/06/20 v1.0f Color table columns (DPC)
\everycr=\toks48
\minrowclearance=\skip67
\rownum=\count325
) (/usr/share/texmf-dist/tex/latex/spreadtab/spreadtab.sty
Package: spreadtab 2019/02/27 v0.5 Spreadsheet features for table environments (CT)
 (/usr/share/texmf-dist/tex/generic/xstring/xstring.sty (/usr/share/texmf-dist/tex/generic/xstring/xstring.tex
\integerpart=\count326
\decimalpart=\count327
)
Package: xstring 2023/01/14 v1.85 String manipulations (CT)
) (/usr/share/texmf-dist/tex/latex/fp/fp.sty
Package: fp 1995/04/02
 `Fixed Point Package', Version 0.8, April 2, 1995 (C) Michael Mehlich (/usr/share/texmf-dist/tex/latex/fp/defpattern.sty
Package: defpattern 1994/10/12
\actioncount=\count328
) (/usr/share/texmf-dist/tex/latex/fp/fp-basic.sty
Package: fp-basic 1996/05/13
\FP@xs=\count329
\FP@xia=\count330
\FP@xib=\count331
\FP@xfa=\count332
\FP@xfb=\count333
\FP@rega=\count334
\FP@regb=\count335
\FP@regs=\count336
\FP@times=\count337
) (/usr/share/texmf-dist/tex/latex/fp/fp-addons.sty
Package: fp-addons 1995/03/15
) (/usr/share/texmf-dist/tex/latex/fp/fp-snap.sty
Package: fp-snap 1995/04/05
) (/usr/share/texmf-dist/tex/latex/fp/fp-exp.sty
Package: fp-exp 1995/04/03
) (/usr/share/texmf-dist/tex/latex/fp/fp-trigo.sty
Package: fp-trigo 1995/04/14
) (/usr/share/texmf-dist/tex/latex/fp/fp-pas.sty
Package: fp-pas 1994/08/29
) (/usr/share/texmf-dist/tex/latex/fp/fp-random.sty
Package: fp-random 1995/02/23
\FPseed=\count338
) (/usr/share/texmf-dist/tex/latex/fp/fp-eqn.sty
Package: fp-eqn 1995/04/03
) (/usr/share/texmf-dist/tex/latex/fp/fp-upn.sty
Package: fp-upn 1996/10/21
) (/usr/share/texmf-dist/tex/latex/fp/fp-eval.sty
Package: fp-eval 1995/04/03
)) spreadtab message: FP calc engine now active
\ST@count=\count339
\ST@colcount=\count340
\ST@colcount@i=\count341
\ST@rowcount=\count342
\ST@rowcount@i=\count343
\ST@intpart=\count344
) (/usr/share/texmf-dist/tex/latex/tools/longtable.sty
Package: longtable 2021-09-01 v4.17 Multi-page Table package (DPC)
\LTleft=\skip68
\LTright=\skip69
\LTpre=\skip70
\LTpost=\skip71
\LTchunksize=\count345
\LTcapwidth=\dimen319
\LT@head=\box83
\LT@firsthead=\box84
\LT@foot=\box85
\LT@lastfoot=\box86
\LT@gbox=\box87
\LT@cols=\count346
\LT@rows=\count347
\c@LT@tables=\count348
\c@LT@chunks=\count349
\LT@p@ftn=\toks49
) (/usr/share/texmf-dist/tex/latex/pdflscape/pdflscape.sty
Package: pdflscape 2022-10-27 v0.13 Display of landscape pages in PDF
 (/usr/share/texmf-dist/tex/latex/pdflscape/pdflscape-nometadata.sty
Package: pdflscape-nometadata 2022-10-28 v0.13 Display of landscape pages in PDF (HO)
 (/usr/share/texmf-dist/tex/latex/graphics/lscape.sty
Package: lscape 2020/05/28 v3.02 Landscape Pages (DPC)
)
Package pdflscape Info: Auto-detected driver: pdftex on input line 81.
)) (/usr/share/texmf-dist/tex/latex/float/float.sty
Package: float 2001/11/08 v1.3d Float enhancements (AL)
\c@float@type=\count350
\float@exts=\toks50
\float@box=\box88
\@float@everytoks=\toks51
\@floatcapt=\box89
) (/usr/share/texmf-dist/tex/latex/base/flafter.sty
Package: flafter 2021/07/31 v1.4e Standard LaTeX floats after reference (FMi)
Applying: [2015/01/01] float order in 2-column on input line 49.
Already applied: [0000/00/00] float order in 2-column on input line 151.
) (/usr/share/texmf-dist/tex/latex/subfigure/subfigure.sty
Package: subfigure 2002/03/15 v2.1.5 subfigure package
\subfigtopskip=\skip72
\subfigcapskip=\skip73
\subfigcaptopadj=\dimen320
\subfigbottomskip=\skip74
\subfigcapmargin=\dimen321
\subfiglabelskip=\skip75
\c@subfigure=\count351
\c@lofdepth=\count352
\c@subtable=\count353
\c@lotdepth=\count354

****************************************
* Local config file subfigure.cfg used *
****************************************
(/usr/share/texmf-dist/tex/latex/subfigure/subfigure.cfg)
\subfig@top=\skip76
\subfig@bottom=\skip77
) (/usr/share/texmf-dist/tex/latex/caption/caption.sty
Package: caption 2023/03/12 v3.6j Customizing captions (AR)
 (/usr/share/texmf-dist/tex/latex/caption/caption3.sty
Package: caption3 2023/03/12 v2.4 caption3 kernel (AR)
\caption@tempdima=\dimen322
\captionmargin=\dimen323
\caption@leftmargin=\dimen324
\caption@rightmargin=\dimen325
\caption@width=\dimen326
\caption@indent=\dimen327
\caption@parindent=\dimen328
\caption@hangindent=\dimen329
Package caption Info: Standard document class detected.
)
\c@caption@flags=\count355
\c@continuedfloat=\count356
Package caption Info: float package is loaded.
Package caption Info: longtable package is loaded.
 (/usr/share/texmf-dist/tex/latex/caption/ltcaption.sty
Package: ltcaption 2021/01/08 v1.4c longtable captions (AR)
)
Package caption Info: subfigure package is loaded.
) (/usr/share/texmf-dist/tex/latex/algorithm2e/algorithm2e.sty
Package: algorithm2e 2017/07/18 v5.2 algorithms environments
\c@AlgoLine=\count357
\algocf@hangindent=\skip78
 (/usr/share/texmf-dist/tex/latex/ifoddpage/ifoddpage.sty
Package: ifoddpage 2022/10/18 v1.2 Conditionals for odd/even page detection
\c@checkoddpage=\count358
) (/usr/share/texmf-dist/tex/latex/tools/xspace.sty
Package: xspace 2014/10/28 v1.13 Space after command names (DPC,MH)
)
\skiptotal=\skip79
\skiplinenumber=\skip80
\skiprule=\skip81
\skiphlne=\skip82
\skiptext=\skip83
\skiplength=\skip84
\algomargin=\skip85
\skipalgocfslide=\skip86
\algowidth=\dimen330
\inoutsize=\dimen331
\inoutindent=\dimen332
\interspacetitleruled=\dimen333
\interspacealgoruled=\dimen334
\interspacetitleboxruled=\dimen335
\algocf@ruledwidth=\skip87
\algocf@inoutbox=\box90
\algocf@inputbox=\box91
\AlCapSkip=\skip88
\AlCapHSkip=\skip89
\algoskipindent=\skip90
\algocf@nlbox=\box92
\algocf@hangingbox=\box93
\algocf@untilbox=\box94
\algocf@skipuntil=\skip91
\algocf@capbox=\box95
\algocf@lcaptionbox=\skip92
\algoheightruledefault=\skip93
\algoheightrule=\skip94
\algotitleheightruledefault=\skip95
\algotitleheightrule=\skip96
\c@algocfline=\count359
\c@algocfproc=\count360
\c@algocf=\count361
\algocf@algoframe=\box96
\algocf@algobox=\box97
) (/usr/share/texmf-dist/tex/latex/listings/listings.sty
\lst@mode=\count362
\lst@gtempboxa=\box98
\lst@token=\toks52
\lst@length=\count363
\lst@currlwidth=\dimen336
\lst@column=\count364
\lst@pos=\count365
\lst@lostspace=\dimen337
\lst@width=\dimen338
\lst@newlines=\count366
\lst@lineno=\count367
\lst@maxwidth=\dimen339
 (/usr/share/texmf-dist/tex/latex/listings/lstmisc.sty
File: lstmisc.sty 2023/02/27 1.9 (Carsten Heinz)
\c@lstnumber=\count368
\lst@skipnumbers=\count369
\lst@framebox=\box99
) (/usr/share/texmf-dist/tex/latex/listings/listings.cfg
File: listings.cfg 2023/02/27 1.9 listings configuration
))
Package: listings 2023/02/27 1.9 (Carsten Heinz)
 (./mcode.sty
-- Package: `mcode' 2.5 <2014/03/06> --
Package: mcode 2014/03/06 2.5
 - settings optimized for display (colour formating)
 - line numbering enabled
) (/usr/share/texmf-dist/tex/latex/epigraph/epigraph.sty
Package: epigraph 2020/01/02 v1.5e typesetting epigraphs
 (/usr/share/texmf-dist/tex/latex/nextpage/nextpage.sty
Package: nextpage 2009/09/03 v1.1a additional page commands
)
\beforeepigraphskip=\skip97
\afterepigraphskip=\skip98
\epigraphwidth=\skip99
\epigraphrule=\skip100
) (/usr/share/texmf-dist/tex/latex/todonotes/todonotes.sty
Package: todonotes 2023/01/31 v1.1.6 Todonotes source and documentation.
Package: todonotes 2023/01/31
 (/usr/share/texmf-dist/tex/latex/xkeyval/xkeyval.sty
Package: xkeyval 2022/06/16 v2.9 package option processing (HA)
 (/usr/share/texmf-dist/tex/generic/xkeyval/xkeyval.tex (/usr/share/texmf-dist/tex/generic/xkeyval/xkvutils.tex
\XKV@toks=\toks53
\XKV@tempa@toks=\toks54
)
\XKV@depth=\count370
File: xkeyval.tex 2014/12/03 v2.7a key=value parser (HA)
))
\c@@todonotes@numberoftodonotes=\count371
) (/usr/share/texmf-dist/tex/latex/changes/changes.sty
Package: changes 2021/07/15 v4.2.1 changes package

*** changes package 2021/07/15 v4.2.1 ***
ulem-option 'normalem,normalbf', passed to package ulem
truncate-option 'breakall,fit', passed to package truncate
changes-option 'authormarkup=superscript'
changes-option 'authormarkuptext=id'
changes-option 'markup=underlined'
ulem-option 'ULforem,normalbf', passed to package ulem
(/usr/share/texmf-dist/tex/generic/ulem/ulem.sty
\UL@box=\box100
\UL@hyphenbox=\box101
\UL@skip=\skip101
\UL@hook=\toks55
\UL@height=\dimen340
\UL@pe=\count372
\UL@pixel=\dimen341
\ULC@box=\box102
Package: ulem 2019/11/18
\ULdepth=\dimen342
)
\c@Changes@AuthorCount=\count373
\c@Changes@Author=\count374
\c@Changes@addedCount=\count375
\c@Changes@deletedCount=\count376
\c@Changes@replacedCount=\count377
\c@Changes@highlightCount=\count378
\c@Changes@commentCount=\count379
\c@authorcommentcount=\count380
 (/usr/share/texmf-dist/tex/latex/truncate/truncate.sty
Package: truncate 2001/08/20  ver 3.6
\@Trunc@RestHyph=\toks56
)
\Changestruncatewidth=\skip102
\Changes@summary@width=\skip103
) (/usr/share/texmf-dist/tex/latex/paralist/paralist.sty
Package: paralist 2017/01/22 v2.7 Extended list environments
\pltopsep=\skip104
\plpartopsep=\skip105
\plitemsep=\skip106
\plparsep=\skip107
\pl@lab=\toks57
) (/usr/share/texmf-dist/tex/latex/cite/cite.sty
LaTeX Info: Redefining \cite on input line 302.
LaTeX Info: Redefining \nocite on input line 332.
Package: cite 2015/02/27  v 5.5
) (/usr/share/texmf-dist/tex/latex/acronym/acronym.sty
Package: acronym 2020/04/17 v1.47 Support for acronyms (Tobias Oetiker)
 (/usr/share/texmf-dist/tex/latex/bigfoot/suffix.sty
Package: suffix 2006/07/15 1.5a Variant command support
)
\AC@clearlist=\toks58
) (/usr/share/texmf-dist/tex/latex/hyperref/hyperref.sty
Package: hyperref 2023-02-07 v7.00v Hypertext links for LaTeX
 (/usr/share/texmf-dist/tex/latex/kvsetkeys/kvsetkeys.sty
Package: kvsetkeys 2022-10-05 v1.19 Key value parser (HO)
) (/usr/share/texmf-dist/tex/generic/kvdefinekeys/kvdefinekeys.sty
Package: kvdefinekeys 2019-12-19 v1.6 Define keys (HO)
) (/usr/share/texmf-dist/tex/generic/pdfescape/pdfescape.sty
Package: pdfescape 2019/12/09 v1.15 Implements pdfTeX's escape features (HO)
) (/usr/share/texmf-dist/tex/latex/hycolor/hycolor.sty
Package: hycolor 2020-01-27 v1.10 Color options for hyperref/bookmark (HO)
) (/usr/share/texmf-dist/tex/latex/letltxmacro/letltxmacro.sty
Package: letltxmacro 2019/12/03 v1.6 Let assignment for LaTeX macros (HO)
) (/usr/share/texmf-dist/tex/latex/auxhook/auxhook.sty
Package: auxhook 2019-12-17 v1.6 Hooks for auxiliary files (HO)
) (/usr/share/texmf-dist/tex/latex/hyperref/nameref.sty
Package: nameref 2022-05-17 v2.50 Cross-referencing by name of section
 (/usr/share/texmf-dist/tex/latex/refcount/refcount.sty
Package: refcount 2019/12/15 v3.6 Data extraction from label references (HO)
) (/usr/share/texmf-dist/tex/generic/gettitlestring/gettitlestring.sty
Package: gettitlestring 2019/12/15 v1.6 Cleanup title references (HO)
 (/usr/share/texmf-dist/tex/latex/kvoptions/kvoptions.sty
Package: kvoptions 2022-06-15 v3.15 Key value format for package options (HO)
))
\c@section@level=\count381
)
\@linkdim=\dimen343
\Hy@linkcounter=\count382
\Hy@pagecounter=\count383
 (/usr/share/texmf-dist/tex/latex/hyperref/pd1enc.def
File: pd1enc.def 2023-02-07 v7.00v Hyperref: PDFDocEncoding definition (HO)
) (/usr/share/texmf-dist/tex/generic/intcalc/intcalc.sty
Package: intcalc 2019/12/15 v1.3 Expandable calculations with integers (HO)
) (/usr/share/texmf-dist/tex/generic/etexcmds/etexcmds.sty
Package: etexcmds 2019/12/15 v1.7 Avoid name clashes with e-TeX commands (HO)
)
\Hy@SavedSpaceFactor=\count384
 (/usr/share/texmf-dist/tex/latex/hyperref/puenc.def
File: puenc.def 2023-02-07 v7.00v Hyperref: PDF Unicode definition (HO)
)
Package hyperref Info: Hyper figures OFF on input line 4177.
Package hyperref Info: Link nesting OFF on input line 4182.
Package hyperref Info: Hyper index ON on input line 4185.
Package hyperref Info: Plain pages OFF on input line 4192.
Package hyperref Info: Backreferencing OFF on input line 4197.
Package hyperref Info: Implicit mode ON; LaTeX internals redefined.
Package hyperref Info: Bookmarks ON on input line 4425.
\c@Hy@tempcnt=\count385
 (/usr/share/texmf-dist/tex/latex/url/url.sty
\Urlmuskip=\muskip17
Package: url 2013/09/16  ver 3.4  Verb mode for urls, etc.
)
LaTeX Info: Redefining \url on input line 4763.
\XeTeXLinkMargin=\dimen344
 (/usr/share/texmf-dist/tex/generic/bitset/bitset.sty
Package: bitset 2019/12/09 v1.3 Handle bit-vector datatype (HO)
 (/usr/share/texmf-dist/tex/generic/bigintcalc/bigintcalc.sty
Package: bigintcalc 2019/12/15 v1.5 Expandable calculations on big integers (HO)
))
\Fld@menulength=\count386
\Field@Width=\dimen345
\Fld@charsize=\dimen346
Package hyperref Info: Hyper figures OFF on input line 6042.
Package hyperref Info: Link nesting OFF on input line 6047.
Package hyperref Info: Hyper index ON on input line 6050.
Package hyperref Info: backreferencing OFF on input line 6057.
Package hyperref Info: Link coloring OFF on input line 6062.
Package hyperref Info: Link coloring with OCG OFF on input line 6067.
Package hyperref Info: PDF/A mode OFF on input line 6072.
 (/usr/share/texmf-dist/tex/latex/base/atbegshi-ltx.sty
Package: atbegshi-ltx 2021/01/10 v1.0c Emulation of the original atbegshi
package with kernel methods
)
\Hy@abspage=\count387
\c@Item=\count388
\c@Hfootnote=\count389
)
Package hyperref Info: Driver (autodetected): hpdftex.
 (/usr/share/texmf-dist/tex/latex/hyperref/hpdftex.def
File: hpdftex.def 2023-02-07 v7.00v Hyperref driver for pdfTeX
 (/usr/share/texmf-dist/tex/latex/base/atveryend-ltx.sty
Package: atveryend-ltx 2020/08/19 v1.0a Emulation of the original atveryend package
with kernel methods
)
\Fld@listcount=\count390
\c@bookmark@seq@number=\count391
 (/usr/share/texmf-dist/tex/latex/rerunfilecheck/rerunfilecheck.sty
Package: rerunfilecheck 2022-07-10 v1.10 Rerun checks for auxiliary files (HO)
 (/usr/share/texmf-dist/tex/generic/uniquecounter/uniquecounter.sty
Package: uniquecounter 2019/12/15 v1.4 Provide unlimited unique counter (HO)
)
Package uniquecounter Info: New unique counter `rerunfilecheck' on input line 285.
)
\Hy@SectionHShift=\skip108
)
Package hyperref Info: Option `colorlinks' set `true' on input line 227.
Package hyperref Info: Option `breaklinks' set `true' on input line 227.
Package hyperref Info: Option `bookmarksnumbered' set `true' on input line 227.
Package hyperref Info: Option `bookmarksopen' set `true' on input line 227.
 (/usr/share/texmf-dist/tex/latex/cleveref/cleveref.sty
Package: cleveref 2018/03/27 v0.21.4 Intelligent cross-referencing
Package cleveref Info: `hyperref' support loaded on input line 2370.
LaTeX Info: Redefining \cref on input line 2370.
LaTeX Info: Redefining \Cref on input line 2370.
LaTeX Info: Redefining \crefrange on input line 2370.
LaTeX Info: Redefining \Crefrange on input line 2370.
LaTeX Info: Redefining \cpageref on input line 2370.
LaTeX Info: Redefining \Cpageref on input line 2370.
LaTeX Info: Redefining \cpagerefrange on input line 2370.
LaTeX Info: Redefining \Cpagerefrange on input line 2370.
LaTeX Info: Redefining \labelcref on input line 2370.
LaTeX Info: Redefining \labelcpageref on input line 2370.
Package cleveref Info: `amsthm' support loaded on input line 3026.
Package cleveref Info: `listings' support loaded on input line 3131.
Package cleveref Info: `algorithm2e' support loaded on input line 3147.
) (/usr/share/texmf-dist/tex/latex/enumitem/enumitem.sty
Package: enumitem 2019/06/20 v3.9 Customized lists
\labelindent=\skip109
\enit@outerparindent=\dimen347
\enit@toks=\toks59
\enit@inbox=\box103
\enit@count@id=\count392
\enitdp@description=\count393
) (/usr/share/texmf-dist/tex/latex/glossaries/base/glossaries.sty
Package: glossaries 2022/11/03 v4.52 (NLCT)
 (/usr/share/texmf-dist/tex/latex/mfirstuc/mfirstuc.sty
Package: mfirstuc 2022/10/14 v2.08 (NLCT)
\@glsmfirst=\toks60
\@glsmrest=\toks61
) (/usr/share/texmf-dist/tex/latex/xfor/xfor.sty
Package: xfor 2009/02/05 v1.05 (NLCT)
) (/usr/share/texmf-dist/tex/latex/datatool/datatool-base.sty
Package: datatool-base 2019/09/27 v2.32 (NLCT)
 (/usr/share/texmf-dist/tex/latex/substr/substr.sty
Package: substr 2009/10/20 v1.2 Handle substrings
\c@su@anzahl=\count394
) (/usr/share/texmf-dist/tex/latex/datatool/datatool-fp.sty
Package: datatool-fp 2019/09/27 v2.32 (NLCT)
)
\@dtl@toks=\toks62
\@dtl@tmpcount=\count395
\dtl@tmplength=\skip110
\dtl@sortresult=\count396
\@dtl@numgrpsepcount=\count397
\@dtl@datatype=\count398
\dtl@codeA=\count399
\dtl@codeB=\count400
\@dtl@foreach@level=\count401
) (/usr/share/texmf-dist/tex/latex/tracklang/tracklang.sty
Package: tracklang 2022/12/13 v1.6.1 (NLCT) Track Languages
 (/usr/share/texmf-dist/tex/generic/tracklang/tracklang.tex)) (/usr/share/texmf-dist/tex/latex/translator/translator.sty
Package: translator 2021-05-31 v1.12d Easy translation of strings in LaTeX
) (/usr/share/texmf-dist/tex/latex/glossaries-english/glossaries-english.ldf
File: glossaries-english.ldf 2014/11/23 v1.0
) (/usr/share/texmf-dist/tex/latex/glossaries-portuges/glossaries-portuges.ldf
File: glossaries-portuges.ldf 2014/11/23 v1.0
 (/usr/share/texmf-dist/tex/latex/glossaries-portuges/glossaries-portuges-noenc.ldf))
\gls@level=\count402
\@gls@tmpb=\toks63
\gls@tmplen=\skip111
\glskeylisttok=\toks64
\glslabeltok=\toks65
\glsshorttok=\toks66
\glslongtok=\toks67
 (/usr/share/texmf-dist/tex/latex/glossaries/styles/glossary-hypernav.sty
Package: glossary-hypernav 2022/11/03 v4.52 (NLCT)
) (/usr/share/texmf-dist/tex/latex/glossaries/styles/glossary-list.sty
Package: glossary-list 2022/11/03 v4.52 (NLCT)
\glslistdottedwidth=\skip112
) (/usr/share/texmf-dist/tex/latex/glossaries/styles/glossary-long.sty
Package: glossary-long 2022/11/03 v4.52 (NLCT)
\glsdescwidth=\skip113
\glspagelistwidth=\skip114
) (/usr/share/texmf-dist/tex/latex/glossaries/styles/glossary-super.sty
Package: glossary-super 2022/11/03 v4.52 (NLCT)
 (/usr/share/texmf-dist/tex/latex/supertabular/supertabular.sty
Package: supertabular 2020/02/02 v4.1g the supertabular environment
\c@tracingst=\count403
\ST@wd=\dimen348
\ST@rightskip=\skip115
\ST@leftskip=\skip116
\ST@parfillskip=\skip117
\ST@pageleft=\dimen349
\ST@headht=\dimen350
\ST@tailht=\dimen351
\ST@pagesofar=\dimen352
\ST@pboxht=\dimen353
\ST@lineht=\dimen354
\ST@prevht=\dimen355
\ST@toadd=\dimen356
\ST@dimen=\dimen357
\ST@pbox=\box104
)) (/usr/share/texmf-dist/tex/latex/glossaries/styles/glossary-tree.sty
Package: glossary-tree 2022/11/03 v4.52 (NLCT)
\glstreeindent=\skip118
)) (/usr/share/texmf-dist/tex/latex/glossaries-extra/glossaries-extra.sty
Package: glossaries-extra 2022/11/08 v1.50 (NLCT)
\@glsxtr@leveloffset=\count404
\glsxtrresourcecount=\count405
\@glsxtrnewgls@inner=\count406
\glsshortpltok=\toks68
\glslongpltok=\toks69
 (/usr/share/texmf-dist/tex/latex/glossaries-extra/glossaries-extra-abbrstyles.def
File: glossaries-extra-abbrstyles.def 2022/06/16 v1.48b (NLCT)
)
\mglselementindex=\count407
) (./Thesis-MSc-cover-titlepage.sty) (/usr/share/texmf-dist/tex/latex/fancyhdr/fancyhdr.sty
Package: fancyhdr 2022/11/09 v4.1 Extensive control of page headers and footers
\f@nch@headwidth=\skip119
\f@nch@O@elh=\skip120
\f@nch@O@erh=\skip121
\f@nch@O@olh=\skip122
\f@nch@O@orh=\skip123
\f@nch@O@elf=\skip124
\f@nch@O@erf=\skip125
\f@nch@O@olf=\skip126
\f@nch@O@orf=\skip127
) (/usr/share/texmf-dist/tex/latex/minitoc/minitoc.sty
Package: minitoc 2018/07/12 v62 Package minitoc
 (/usr/share/texmf-dist/tex/latex/minitoc/mtcmess.sty
Package: mtcmess 2006/03/14
)
Package minitoc Info: I0001
(minitoc)             *** minitoc package, version 62 ***.
\tf@mtc=\write4
\mtcindent=\skip128
\mtcskipamount=\skip129
Package minitoc Info: I0005
(minitoc)             compatible with hyperref.
Package minitoc Info: I0023
(minitoc)             part level macros available.
Package minitoc Info: I0003
(minitoc)             chapter level macros available.
\mtc@toks=\toks70
\mtc@strutbox=\box105
\mtc@hstrutbox=\box106
Package minitoc Info: I0002
(minitoc)             Autoconfiguration of extensions.
\openout4 = `main.mtc0'.

\openout4 = `main.mtc'.

 (./main.mtc0)
Package minitoc Info: I0012
(minitoc)             Long extensions (Unix-like) will be used.
Package minitoc Info: I0031
(minitoc)             ==> this version is configured for UNIX-like 
(minitoc)                 (long extensions) file names.
\openout4 = `main.mtc'.

\openout4 = `main.mtc0'.

\c@mtc=\count408
\c@minitocdepth=\count409
\c@ptc=\count410
\c@parttocdepth=\count411
\ptcindent=\skip130
Package minitoc Info: I0010
(minitoc)             The english language is selected.
(minitoc)              on input line 4910.
 (/usr/share/texmf-dist/tex/latex/minitoc/english.mld
File: english.mld 2006/01/13
) (/usr/share/texmf-dist/tex/latex/minitoc/english.mld
File: english.mld 2006/01/13
))
Package minitoc Info: I0010
(minitoc)             The english language is selected.
(minitoc)              on input line 362.
 (/usr/share/texmf-dist/tex/latex/minitoc/english.mld
File: english.mld 2006/01/13
))
LaTeX Font Info:    Trying to load font information for OT1+phv on input line 45.
 (/usr/share/texmf-dist/tex/latex/psnfss/ot1phv.fd
File: ot1phv.fd 2020/03/25 scalable font definitions for OT1/phv.
) (./main.aux

LaTeX Warning: Label `acro:MFS@cref' multiply defined.


LaTeX Warning: Label `acro:PDE@cref' multiply defined.


LaTeX Warning: Label `acro:MFS@cref' multiply defined.


LaTeX Warning: Label `acro:BVP@cref' multiply defined.

)
\openout1 = `main.aux'.

LaTeX Font Info:    Checking defaults for OML/cmm/m/it on input line 45.
LaTeX Font Info:    ... okay on input line 45.
LaTeX Font Info:    Checking defaults for OMS/cmsy/m/n on input line 45.
LaTeX Font Info:    ... okay on input line 45.
LaTeX Font Info:    Checking defaults for OT1/cmr/m/n on input line 45.
LaTeX Font Info:    ... okay on input line 45.
LaTeX Font Info:    Checking defaults for T1/cmr/m/n on input line 45.
LaTeX Font Info:    ... okay on input line 45.
LaTeX Font Info:    Checking defaults for TS1/cmr/m/n on input line 45.
LaTeX Font Info:    ... okay on input line 45.
LaTeX Font Info:    Checking defaults for OMX/cmex/m/n on input line 45.
LaTeX Font Info:    ... okay on input line 45.
LaTeX Font Info:    Checking defaults for U/cmr/m/n on input line 45.
LaTeX Font Info:    ... okay on input line 45.
LaTeX Font Info:    Checking defaults for PD1/pdf/m/n on input line 45.
LaTeX Font Info:    ... okay on input line 45.
LaTeX Font Info:    Checking defaults for PU/pdf/m/n on input line 45.
LaTeX Font Info:    ... okay on input line 45.
 (/usr/share/texmf-dist/tex/context/base/mkii/supp-pdf.mkii
[Loading MPS to PDF converter (version 2006.09.02).]
\scratchcounter=\count412
\scratchdimen=\dimen358
\scratchbox=\box107
\nofMPsegments=\count413
\nofMParguments=\count414
\everyMPshowfont=\toks71
\MPscratchCnt=\count415
\MPscratchDim=\dimen359
\MPnumerator=\count416
\makeMPintoPDFobject=\count417
\everyMPtoPDFconversion=\toks72
) (/usr/share/texmf-dist/tex/latex/epstopdf-pkg/epstopdf-base.sty
Package: epstopdf-base 2020-01-24 v2.11 Base part for package epstopdf
Package epstopdf-base Info: Redefining graphics rule for `.eps' on input line 485.
 (/usr/share/texmf-dist/tex/latex/latexconfig/epstopdf-sys.cfg
File: epstopdf-sys.cfg 2010/07/13 v1.3 Configuration of (r)epstopdf for TeX Live
)) (/usr/share/texmf-dist/tex/latex/ucs/ucsencs.def
File: ucsencs.def 2011/01/21 Fixes to fontencodings LGR, T3
)

Package siunitx Warning: Detected the "physics" package:
(siunitx)                omitting definition of \qty.
(siunitx)                
(siunitx)                If you want to use \qty with the siunitx definition,
(siunitx)                add 
(siunitx)                
(siunitx)                    \AtBeginDocument{\RenewCommandCopy\qty\SI}
(siunitx)                
(siunitx)                to your preamble.

(/usr/share/texmf-dist/tex/latex/translations/translations-basic-dictionary-english.trsl
File: translations-basic-dictionary-english.trsl (english translation file `translations-basic-dictionary')
)
Package translations Info: loading dictionary `translations-basic-dictionary' for `english'. on input line 45.
Package translations Info: no dictionary file `translations-basic-dictionary-portuges.trsl' found. on input line 45.
Package caption Info: Begin \AtBeginDocument code.
Package caption Info: hyperref package is loaded.
Package caption Info: listings package is loaded.
Package caption Info: supertabular package is loaded.
Package caption Info: End \AtBeginDocument code.
\c@lstlisting=\count418
Package hyperref Info: Link coloring ON on input line 45.
 (./main.out) (./main.out)
\@outlinefile=\write5
\openout5 = `main.out'.

\c@minilofdepth=\count419
\c@minilotdepth=\count420
\c@partlofdepth=\count421
\c@partlotdepth=\count422
\c@sectlofdepth=\count423
\c@sectlotdepth=\count424
Package minitoc(hints) Info: I0049
(minitoc(hints))             ==> You requested the hints option. 
(minitoc(hints))             Some hints are eventually given below.
Package cleveref Info: loaded `english' language definitions on input line 45.
Package scrbase Info: activating english \lstlistingname on input line 45.
Package cleveref Info: loaded `english' language definitions on input line 45.
Package scrbase Info: activating english \lstlistlistingname on input line 45.
 (./Thesis-MSc-Front_Cover.tex
\c@Changes@addedCountMN=\count425
\c@Changes@deletedCountMN=\count426
\c@Changes@replacedCountMN=\count427
\c@Changes@highlightCountMN=\count428
\c@Changes@commentCountMN=\count429
\c@Changes@addedCountJO=\count430
\c@Changes@deletedCountJO=\count431
\c@Changes@replacedCountJO=\count432
\c@Changes@highlightCountJO=\count433
\c@Changes@commentCountJO=\count434
\c@Changes@addedCountPT=\count435
\c@Changes@deletedCountPT=\count436
\c@Changes@replacedCountPT=\count437
\c@Changes@highlightCountPT=\count438
\c@Changes@commentCountPT=\count439
)
TextBlockOrigin set to -5mm x 0mm
<./Images/IST_A_RGB_POS.png, id=183, 509.905pt x 198.7425pt>
File: ./Images/IST_A_RGB_POS.png Graphic file (type png)
<use ./Images/IST_A_RGB_POS.png>
Package pdftex.def Info: ./Images/IST_A_RGB_POS.png  used on input line 51.
(pdftex.def)             Requested size: 142.26378pt x 55.4504pt.
TextBlockOrigin set to 0pt x 0pt
<./Images/tecnico-lisboa.jpg, id=185, 455.7025pt x 121.45375pt>
File: ./Images/tecnico-lisboa.jpg Graphic file (type jpg)
<use ./Images/tecnico-lisboa.jpg>
Package pdftex.def Info: ./Images/tecnico-lisboa.jpg  used on input line 51.
(pdftex.def)             Requested size: 455.70137pt x 121.45343pt.

Overfull \hbox (0.45729pt too wide) in paragraph at lines 51--51
 [][] 
 []

(/usr/share/texmf-dist/tex/latex/ucs/data/uni-0.def
File: uni-0.def 2022/08/07 UCS: Unicode data U+0000..U+00FF
) [1{/var/lib/texmf/fonts/map/pdftex/updmap/pdftex.map}{/usr/share/texmf-dist/fonts/enc/dvips/base/8r.enc}

 <./Images/IST_A_RGB_POS.png> <./Images/tecnico-lisboa.jpg>]
TextBlockOrigin set to 0pt x 0pt
(./Thesis-MSc-copyright.tex) [2



] (./Thesis-MSc-quote.tex (/usr/share/texmf-dist/tex/latex/ucs/data/uni-32.def
File: uni-32.def 2022/08/07 UCS: Unicode data U+2000..U+20FF
)
LaTeX Font Info:    Trying to load font information for U+msa on input line 1.
 (/usr/share/texmf-dist/tex/latex/amsfonts/umsa.fd
File: umsa.fd 2013/01/14 v3.01 AMS symbols A
)
LaTeX Font Info:    Trying to load font information for U+msb on input line 1.
 (/usr/share/texmf-dist/tex/latex/amsfonts/umsb.fd
File: umsb.fd 2013/01/14 v3.01 AMS symbols B
)
LaTeX Font Info:    Font shape `OT1/phv/m/it' in size <9> not available
(Font)              Font shape `OT1/phv/m/sl' tried instead on input line 1.
)
Underfull \vbox (badness 10000) has occurred while \output is active []

 [3] (./Chapters/Thesis-MSc-Acknowledgments.tex) [1] [2


] (./Chapters/Thesis-MSc-Abstract-EN-Abstract.tex
Package acronym Info: Label `acro:MFS' newly defined as it shall be overridden
although it is yet undefined on input line 8.
Package acronym Info: Label `acro:PDE' newly defined as it shall be overridden
although it is yet undefined on input line 8.
) (./Chapters/Thesis-MSc-Abstract-EN-KeyWords.tex) [3

] [4


] (./Chapters/Thesis-MSc-Abstract-PT-Resumo.tex) (./Chapters/Thesis-MSc-Abstract-PT-PalavrasChave.tex) [5

] [6


]
Package minitoc Info: I0024
(minitoc)             PREPARING MINITOCS FROM main.toc on input line 109.
Package minitoc Info: I0033
(minitoc)             Writing main.mtc1.
\openout4 = `main.mtc1'.

Package minitoc Info: I0033
(minitoc)             Writing main.mtc2.
\openout4 = `main.mtc2'.

Package minitoc Info: I0033
(minitoc)             Writing main.mtc3.
\openout4 = `main.mtc3'.

Package minitoc Info: I0033
(minitoc)             Writing main.mtc4.
\openout4 = `main.mtc4'.

Package minitoc Info: I0033
(minitoc)             Writing main.mtc5.
\openout4 = `main.mtc5'.

Package minitoc Info: I0033
(minitoc)             Writing main.mtc6.
\openout4 = `main.mtc6'.

Package minitoc Info: I0033
(minitoc)             Writing main.mtc7.
\openout4 = `main.mtc7'.

Package minitoc Info: I0033
(minitoc)             Writing main.mtc8.
\openout4 = `main.mtc8'.

Package minitoc Info: I0033
(minitoc)             Writing main.mtc9.
\openout4 = `main.mtc9'.

Package minitoc Info: I0033
(minitoc)             Writing main.mtc10.
\openout4 = `main.mtc10'.

Package minitoc Info: I0033
(minitoc)             Writing main.mtc11.
\openout4 = `main.mtc11'.

Package minitoc Info: I0034
(minitoc)             PREPARING MINILOFS FROM main.lof on input line 110.
Package minitoc Info: I0033
(minitoc)             Writing main.mlf1.
\openout4 = `main.mlf1'.

Package minitoc Info: I0033
(minitoc)             Writing main.mlf2.
\openout4 = `main.mlf2'.

Package minitoc Info: I0033
(minitoc)             Writing main.mlf3.
\openout4 = `main.mlf3'.

Package minitoc Info: I0033
(minitoc)             Writing main.mlf4.
\openout4 = `main.mlf4'.

Package minitoc Info: I0033
(minitoc)             Writing main.mlf5.
\openout4 = `main.mlf5'.

Package minitoc Info: I0033
(minitoc)             Writing main.mlf6.
\openout4 = `main.mlf6'.

Package minitoc Info: I0033
(minitoc)             Writing main.mlf7.
\openout4 = `main.mlf7'.

Package minitoc Info: I0033
(minitoc)             Writing main.mlf8.
\openout4 = `main.mlf8'.

Package minitoc Info: I0033
(minitoc)             Writing main.mlf9.
\openout4 = `main.mlf9'.

Package minitoc Info: I0033
(minitoc)             Writing main.mlf10.
\openout4 = `main.mlf10'.

Package minitoc Info: I0037
(minitoc)             PREPARING MINILOTS FROM main.lot on input line 113.
Package minitoc Info: I0033
(minitoc)             Writing main.mlt1.
\openout4 = `main.mlt1'.

Package minitoc Info: I0033
(minitoc)             Writing main.mlt2.
\openout4 = `main.mlt2'.

Package minitoc Info: I0033
(minitoc)             Writing main.mlt3.
\openout4 = `main.mlt3'.

Package minitoc Info: I0033
(minitoc)             Writing main.mlt4.
\openout4 = `main.mlt4'.

Package minitoc Info: I0033
(minitoc)             Writing main.mlt5.
\openout4 = `main.mlt5'.

Package minitoc Info: I0033
(minitoc)             Writing main.mlt6.
\openout4 = `main.mlt6'.

Package minitoc Info: I0033
(minitoc)             Writing main.mlt7.
\openout4 = `main.mlt7'.

Package minitoc Info: I0033
(minitoc)             Writing main.mlt8.
\openout4 = `main.mlt8'.

Package minitoc Info: I0033
(minitoc)             Writing main.mlt9.
\openout4 = `main.mlt9'.

Package minitoc Info: I0033
(minitoc)             Writing main.mlt10.
\openout4 = `main.mlt10'.

 (./main.toc
Package cleveref Info: loaded `english' language definitions on input line 1.
 [7

])
\tf@toc=\write6
\openout6 = `main.toc'.

 [8] (./main.lof
Package cleveref Info: loaded `english' language definitions on input line 1.
 [9


]
Package acronym Info: Label `acro:BVP' newly defined as it shall be overridden
although it is yet undefined on input line 42.
 [10]
Overfull \hbox (1.17978pt too wide) detected at line 67
 []\OT1/phv/m/n/10 102
 []


Overfull \hbox (1.17978pt too wide) detected at line 68
 []\OT1/phv/m/n/10 102
 []

)
\tf@lof=\write7
\openout7 = `main.lof'.

 [11] [12

] (./main.lot
Package cleveref Info: loaded `english' language definitions on input line 1.
Package acronym Info: Label `acro:MFS' overridden on input line 19.
)
\tf@lot=\write8
\openout8 = `main.lot'.

 [13

] [14

] (./main.loa)
\tf@loa=\write9
\openout9 = `main.loa'.

 [15

] [16

] (./Chapters/Thesis-MSc-Acronyms.tex) [17


] [18


] (./Chapters/Thesis-MSc-Chapter_1.tex
Chapter 1.
LaTeX Font Info:    Trying to load font information for T1+pbk on input line 5.
(/usr/share/texmf-dist/tex/latex/psnfss/t1pbk.fd
File: t1pbk.fd 2001/06/04 font definitions for T1/pbk.
)
LaTeX Font Info:    Font shape `T1/pbk/b/n' in size <10> not available
(Font)              Font shape `T1/pbk/db/n' tried instead on input line 5.
LaTeX Font Info:    Font shape `T1/pbk/b/n' in size <150> not available
(Font)              Font shape `T1/pbk/db/n' tried instead on input line 5.
Package acronym Info: Label `acro:PDE' overridden on input line 11.
Package acronym Info: Label `acro:MFS' overridden on input line 11.

pdfTeX warning (ext4): destination with the same identifier (name{page.1}) has been already used, duplicate ignored
<to be read again> 
                   \relax 
l.14 
      [1

]
LaTeX Font Info:    Font shape `OT1/phv/m/it' in size <10> not available
(Font)              Font shape `OT1/phv/m/sl' tried instead on input line 15.
LaTeX Font Info:    Trying to load font information for TS1+phv on input line 40.
 (/usr/share/texmf-dist/tex/latex/psnfss/ts1phv.fd
File: ts1phv.fd 2020/03/25 scalable font definitions for TS1/phv.
)
pdfTeX warning (ext4): destination with the same identifier (name{page.2}) has been already used, duplicate ignored
<to be read again> 
                   \relax 
l.43 
      [2]) (./Chapters/Thesis_MSc-Chapter_Math-Intro.tex
pdfTeX warning (ext4): destination with the same identifier (name{page.3}) has been already used, duplicate ignored
<to be read again> 
                   \relax 
l.1 \fancychapter{Some Preliminary Results}
                                            [3]
Chapter 2.
[4

]
LaTeX Font Info:    Font shape `OT1/phv/b/it' in size <10> not available
(Font)              Font shape `OT1/phv/b/sl' tried instead on input line 17.
LaTeX Font Info:    Font shape `OT1/phv/m/it' in size <7> not available
(Font)              Font shape `OT1/phv/m/sl' tried instead on input line 23.
LaTeX Font Info:    Font shape `OT1/phv/m/it' in size <5> not available
(Font)              Font shape `OT1/phv/m/sl' tried instead on input line 23.
 [5] [6] [7] [8] [9] [10] [11] [12] [13] [14] [15]
Overfull \hbox (3.03773pt too wide) in paragraph at lines 504--505
[]\OT1/phv/b/n/10 Remark 2.3.13. []\OT1/phv/m/sl/10 Con-sid-er-ing the in-clu-sion $\OMS/cmsy/m/n/10 D\OT1/cmr/m/n/10 (
) \OMS/cmsy/m/n/10 ^^Z \OML/cmm/m/it/10 H[]\OT1/cmr/m/n/10 (
)$\OT1/phv/m/sl/10 , it is straight-for-ward to ob-serve that $\OT1/cmr/m/n/10 (\OML/cmm/m/it/10 H[]\OT1/cmr/m/n/10 (
))[] \OMS/cmsy/m/n/10 ^^Z
 []

[16]) (./Chapters/Thesis-MSc-Chapter_2.tex [17]
Chapter 3.
[18

] [19] [20] [21] [22] [23] [24] [25] [26] [27] [28] [29] [30] [31] [32] [33]) (./Chapters/Thesis-MSc-Chapter_3.tex [34]
Chapter 4.
Package acronym Info: Label `acro:BVP' overridden on input line 18.
[35

] [36] [37] [38] [39]
Overfull \hbox (14.1464pt too wide) in paragraph at lines 269--270
[]\OT1/phv/m/n/10 Finally, the dis-cretiza-tion ar-gu-ment fol-lows from the fact that for a set of source points $\OMS/cmsy/m/n/10 Y \OT1/cmr/m/n/10 = \OMS/cmsy/m/n/10 f\OML/cmm/m/it/10 y[]; [] ; y[]\OMS/cmsy/m/n/10 g ^^Z
 []

[40] [41] [42] [43] [44]
LaTeX Font Info:    Font shape `OT1/phv/m/it' in size <8> not available
(Font)              Font shape `OT1/phv/m/sl' tried instead on input line 441.
 [45] [46] [47] [48] [49]) (./Chapters/Thesis-MSc-Chapter_4.tex [50]
Chapter 5.
[51

]
<Images/Dirac/circle_m_0_col_points_158_inner_eta_05.png, id=1291, 654.0435pt x 540.5796pt>
File: Images/Dirac/circle_m_0_col_points_158_inner_eta_05.png Graphic file (type png)
<use Images/Dirac/circle_m_0_col_points_158_inner_eta_05.png>
Package pdftex.def Info: Images/Dirac/circle_m_0_col_points_158_inner_eta_05.png  used on input line 51.
(pdftex.def)             Requested size: 227.62204pt x 188.13338pt.
<Images/Dirac/circle_m_0_alg_points_158_inner_eta_05.png, id=1296, 487.8225pt x 369.2997pt>
File: Images/Dirac/circle_m_0_alg_points_158_inner_eta_05.png Graphic file (type png)
<use Images/Dirac/circle_m_0_alg_points_158_inner_eta_05.png>
Package pdftex.def Info: Images/Dirac/circle_m_0_alg_points_158_inner_eta_05.png  used on input line 79.
(pdftex.def)             Requested size: 227.62204pt x 172.31989pt.
<Images/Dirac/circle_m_0_u1_re_points_158_inner_eta_05.png, id=1299, 403.9893pt x 365.6862pt>
File: Images/Dirac/circle_m_0_u1_re_points_158_inner_eta_05.png Graphic file (type png)
<use Images/Dirac/circle_m_0_u1_re_points_158_inner_eta_05.png>
Package pdftex.def Info: Images/Dirac/circle_m_0_u1_re_points_158_inner_eta_05.png  used on input line 88.
(pdftex.def)             Requested size: 163.88737pt x 148.34761pt.
<Images/Dirac/circle_m_0_u1_im_points_158_inner_eta_05.png, id=1300, 398.9304pt x 365.6862pt>
File: Images/Dirac/circle_m_0_u1_im_points_158_inner_eta_05.png Graphic file (type png)
<use Images/Dirac/circle_m_0_u1_im_points_158_inner_eta_05.png>
Package pdftex.def Info: Images/Dirac/circle_m_0_u1_im_points_158_inner_eta_05.png  used on input line 94.
(pdftex.def)             Requested size: 163.88737pt x 150.22804pt.
<Images/Dirac/circle_m_0_u2_re_points_158_inner_eta_05.png, id=1301, 407.6028pt x 365.6862pt>
File: Images/Dirac/circle_m_0_u2_re_points_158_inner_eta_05.png Graphic file (type png)
<use Images/Dirac/circle_m_0_u2_re_points_158_inner_eta_05.png>
Package pdftex.def Info: Images/Dirac/circle_m_0_u2_re_points_158_inner_eta_05.png  used on input line 102.
(pdftex.def)             Requested size: 163.88737pt x 147.03633pt.
<Images/Dirac/circle_m_0_u2_im_points_158_inner_eta_05.png, id=1302, 407.6028pt x 365.6862pt>
File: Images/Dirac/circle_m_0_u2_im_points_158_inner_eta_05.png Graphic file (type png)
<use Images/Dirac/circle_m_0_u2_im_points_158_inner_eta_05.png>
Package pdftex.def Info: Images/Dirac/circle_m_0_u2_im_points_158_inner_eta_05.png  used on input line 108.
(pdftex.def)             Requested size: 163.88737pt x 147.03633pt.

Underfull \vbox (badness 4543) has occurred while \output is active []

 [52 <./Images/Dirac/circle_m_0_col_points_158_inner_eta_05.png>] [53 <./Images/Dirac/circle_m_0_alg_points_158_inner_eta_05.png>] [54 <./Images/Dirac/circle_m_0_u1_re_points_158_inner_eta_05.png> <./Images/Dirac/circle_m_0_u1_im_points_158_inner_eta_05.png> <./Images/Dirac/circle_m_0_u2_re_points_158_inner_eta_05.png> <./Images/Dirac/circle_m_0_u2_im_points_158_inner_eta_05.png>]
<Images/Dirac/quad/eigenvalues_rectangle_width_m_1.png, id=1337, 479.1501pt x 386.6445pt>
File: Images/Dirac/quad/eigenvalues_rectangle_width_m_1.png Graphic file (type png)
<use Images/Dirac/quad/eigenvalues_rectangle_width_m_1.png>
Package pdftex.def Info: Images/Dirac/quad/eigenvalues_rectangle_width_m_1.png  used on input line 136.
(pdftex.def)             Requested size: 227.62204pt x 183.67574pt.
<Images/Dirac/quad/eigenvalues_rectangle_width_m_5.png, id=1338, 484.9317pt x 386.6445pt>
File: Images/Dirac/quad/eigenvalues_rectangle_width_m_5.png Graphic file (type png)
<use Images/Dirac/quad/eigenvalues_rectangle_width_m_5.png>
Package pdftex.def Info: Images/Dirac/quad/eigenvalues_rectangle_width_m_5.png  used on input line 144.
(pdftex.def)             Requested size: 227.62204pt x 181.48695pt.
<Images/Dirac/quad/eigenvalues_rectangle_perimeter_width_m_1.png, id=1345, 479.1501pt x 386.6445pt>
File: Images/Dirac/quad/eigenvalues_rectangle_perimeter_width_m_1.png Graphic file (type png)
<use Images/Dirac/quad/eigenvalues_rectangle_perimeter_width_m_1.png>
Package pdftex.def Info: Images/Dirac/quad/eigenvalues_rectangle_perimeter_width_m_1.png  used on input line 157.
(pdftex.def)             Requested size: 227.62204pt x 183.67574pt.
<Images/Dirac/quad/eigenvalues_rectangle_perimeter_width_m_5.png, id=1346, 484.9317pt x 386.6445pt>
File: Images/Dirac/quad/eigenvalues_rectangle_perimeter_width_m_5.png Graphic file (type png)
<use Images/Dirac/quad/eigenvalues_rectangle_perimeter_width_m_5.png>
Package pdftex.def Info: Images/Dirac/quad/eigenvalues_rectangle_perimeter_width_m_5.png  used on input line 165.
(pdftex.def)             Requested size: 227.62204pt x 181.48695pt.
 [55 <./Images/Dirac/quad/eigenvalues_rectangle_width_m_1.png> <./Images/Dirac/quad/eigenvalues_rectangle_width_m_5.png> <./Images/Dirac/quad/eigenvalues_rectangle_perimeter_width_m_1.png> <./Images/Dirac/quad/eigenvalues_rectangle_perimeter_width_m_5.png>]
<Images/Dirac/quad/first_three_eigenvalues_quad_m_1.png, id=1360, 669.2202pt x 544.1931pt>
File: Images/Dirac/quad/first_three_eigenvalues_quad_m_1.png Graphic file (type png)
<use Images/Dirac/quad/first_three_eigenvalues_quad_m_1.png>
Package pdftex.def Info: Images/Dirac/quad/first_three_eigenvalues_quad_m_1.png  used on input line 180.
(pdftex.def)             Requested size: 291.35841pt x 236.92967pt.
<Images/Dirac/quad/benguria_quad.png, id=1361, 489.2679pt x 369.2997pt>
File: Images/Dirac/quad/benguria_quad.png Graphic file (type png)
<use Images/Dirac/quad/benguria_quad.png>
Package pdftex.def Info: Images/Dirac/quad/benguria_quad.png  used on input line 189.
(pdftex.def)             Requested size: 204.85844pt x 154.62582pt.

Underfull \hbox (badness 10000) in paragraph at lines 191--191
[][]|\OT1/phv/m/n/9 Ra-tio be-tween the first
 []


Underfull \hbox (badness 6332) in paragraph at lines 191--191
\OT1/phv/m/n/9 against the perime-ter for
 []

<Images/Dirac/quad/generalized_benguria_quad.png, id=1364, 489.2679pt x 369.2997pt>
File: Images/Dirac/quad/generalized_benguria_quad.png Graphic file (type png)
<use Images/Dirac/quad/generalized_benguria_quad.png>
Package pdftex.def Info: Images/Dirac/quad/generalized_benguria_quad.png  used on input line 197.
(pdftex.def)             Requested size: 204.85844pt x 154.62582pt.

Underfull \hbox (badness 2126) in paragraph at lines 199--199
\OT1/phv/m/n/9 first eigen-val-ues $[]$ plot-
 []

<Images/Dirac/model_triangle.png, id=1373, 417.7206pt x 354.8457pt>
File: Images/Dirac/model_triangle.png Graphic file (type png)
<use Images/Dirac/model_triangle.png>
Package pdftex.def Info: Images/Dirac/model_triangle.png  used on input line 223.
(pdftex.def)             Requested size: 227.62204pt x 193.35728pt.
[56]
Underfull \vbox (badness 10000) has occurred while \output is active []

 [57 <./Images/Dirac/quad/first_three_eigenvalues_quad_m_1.png> <./Images/Dirac/quad/benguria_quad.png> <./Images/Dirac/quad/generalized_benguria_quad.png>]
<Images/Dirac/triangles/triangle_first_eigenvalues.png, id=1392, 1260.3888pt x 699.5736pt>
File: Images/Dirac/triangles/triangle_first_eigenvalues.png Graphic file (type png)
<use Images/Dirac/triangles/triangle_first_eigenvalues.png>
Package pdftex.def Info: Images/Dirac/triangles/triangle_first_eigenvalues.png  used on input line 237.
(pdftex.def)             Requested size: 364.19664pt x 202.14526pt.
<Images/Dirac/triangles/triangle_benguria.png, id=1393, 489.2679pt x 369.2997pt>
File: Images/Dirac/triangles/triangle_benguria.png Graphic file (type png)
<use Images/Dirac/triangles/triangle_benguria.png>
Package pdftex.def Info: Images/Dirac/triangles/triangle_benguria.png  used on input line 246.
(pdftex.def)             Requested size: 186.65173pt x 140.88193pt.
<Images/Dirac/triangles/triangle_3d_lambda1.png, id=1394, 460.3599pt x 406.1574pt>
File: Images/Dirac/triangles/triangle_3d_lambda1.png Graphic file (type png)
<use Images/Dirac/triangles/triangle_3d_lambda1.png>
Package pdftex.def Info: Images/Dirac/triangles/triangle_3d_lambda1.png  used on input line 254.
(pdftex.def)             Requested size: 223.0721pt x 196.81256pt.
<Images/Dirac/triangles/triangle_perimeter_first_eigenvalues.png, id=1395, 1250.9937pt x 654.7662pt>
File: Images/Dirac/triangles/triangle_perimeter_first_eigenvalues.png Graphic file (type png)
<use Images/Dirac/triangles/triangle_perimeter_first_eigenvalues.png>
Package pdftex.def Info: Images/Dirac/triangles/triangle_perimeter_first_eigenvalues.png  used on input line 264.
(pdftex.def)             Requested size: 455.24408pt x 238.27333pt.
<Images/Dirac/Polygons/pentagons.png, id=1403, 479.1501pt x 369.2997pt>
File: Images/Dirac/Polygons/pentagons.png Graphic file (type png)
<use Images/Dirac/Polygons/pentagons.png>
Package pdftex.def Info: Images/Dirac/Polygons/pentagons.png  used on input line 277.
(pdftex.def)             Requested size: 204.85844pt x 157.89415pt.

Underfull \hbox (badness 4765) in paragraph at lines 278--278
[][]|\OT1/phv/m/n/9 Nu-mer-i-cal sim-u-la-tions in the first
 []

<Images/Dirac/Polygons/hexagons.png, id=1404, 495.0495pt x 369.2997pt>
File: Images/Dirac/Polygons/hexagons.png Graphic file (type png)
<use Images/Dirac/Polygons/hexagons.png>
Package pdftex.def Info: Images/Dirac/Polygons/hexagons.png  used on input line 284.
(pdftex.def)             Requested size: 204.85844pt x 152.81697pt.

Underfull \hbox (badness 4765) in paragraph at lines 285--285
[][]|\OT1/phv/m/n/9 Nu-mer-i-cal sim-u-la-tions in the first
 []

<Images/Dirac/Polygons/heptagons.png, id=1405, 494.3268pt x 369.2997pt>
File: Images/Dirac/Polygons/heptagons.png Graphic file (type png)
<use Images/Dirac/Polygons/heptagons.png>
Package pdftex.def Info: Images/Dirac/Polygons/heptagons.png  used on input line 293.
(pdftex.def)             Requested size: 204.85844pt x 153.048pt.

Underfull \hbox (badness 4765) in paragraph at lines 294--294
[][]|\OT1/phv/m/n/9 Nu-mer-i-cal sim-u-la-tions in the first
 []

<Images/Dirac/Polygons/octagons.png, id=1406, 487.8225pt x 369.2997pt>
File: Images/Dirac/Polygons/octagons.png Graphic file (type png)
<use Images/Dirac/Polygons/octagons.png>
Package pdftex.def Info: Images/Dirac/Polygons/octagons.png  used on input line 300.
(pdftex.def)             Requested size: 204.85844pt x 155.0879pt.

Underfull \hbox (badness 4765) in paragraph at lines 301--301
[][]|\OT1/phv/m/n/9 Nu-mer-i-cal sim-u-la-tions in the first
 []


Underfull \vbox (badness 1057) has occurred while \output is active []

 [58 <./Images/Dirac/model_triangle.png>] [59 <./Images/Dirac/triangles/triangle_first_eigenvalues.png> <./Images/Dirac/triangles/triangle_benguria.png> <./Images/Dirac/triangles/triangle_3d_lambda1.png>]
<Images/Dirac/smooth/random_smooth_domain.png, id=1425, 509.5035pt x 393.8715pt>
File: Images/Dirac/smooth/random_smooth_domain.png Graphic file (type png)
<use Images/Dirac/smooth/random_smooth_domain.png>
Package pdftex.def Info: Images/Dirac/smooth/random_smooth_domain.png  used on input line 314.
(pdftex.def)             Requested size: 250.38562pt x 193.55765pt.
<Images/Dirac/smooth/smooth_domains_scatter_all_eigs_.png, id=1433, 1136.0844pt x 656.9343pt>
File: Images/Dirac/smooth/smooth_domains_scatter_all_eigs_.png Graphic file (type png)
<use Images/Dirac/smooth/smooth_domains_scatter_all_eigs_.png>
Package pdftex.def Info: Images/Dirac/smooth/smooth_domains_scatter_all_eigs_.png  used on input line 326.
(pdftex.def)             Requested size: 364.19664pt x 210.59415pt.
<Images/Dirac/smooth/smooth_domains_scatter_benguria.png, id=1434, 506.6127pt x 376.5267pt>
File: Images/Dirac/smooth/smooth_domains_scatter_benguria.png Graphic file (type png)
<use Images/Dirac/smooth/smooth_domains_scatter_benguria.png>
Package pdftex.def Info: Images/Dirac/smooth/smooth_domains_scatter_benguria.png  used on input line 335.
(pdftex.def)             Requested size: 204.85844pt x 152.25116pt.
<Images/Dirac/smooth/smooth_domains_scatter_benguria_third.png, id=1435, 498.663pt x 376.5267pt>
File: Images/Dirac/smooth/smooth_domains_scatter_benguria_third.png Graphic file (type png)
<use Images/Dirac/smooth/smooth_domains_scatter_benguria_third.png>
Package pdftex.def Info: Images/Dirac/smooth/smooth_domains_scatter_benguria_third.png  used on input line 349.
(pdftex.def)             Requested size: 204.85844pt x 154.68144pt.
 [60 <./Images/Dirac/triangles/triangle_perimeter_first_eigenvalues.png>]
Underfull \vbox (badness 10000) has occurred while \output is active []

 [61 <./Images/Dirac/Polygons/pentagons.png> <./Images/Dirac/Polygons/hexagons.png> <./Images/Dirac/Polygons/heptagons.png> <./Images/Dirac/Polygons/octagons.png>]
Package acronym Info: Label `acro:BFGS' newly defined as it shall be overridden
although it is yet undefined on input line 374.
 [62 <./Images/Dirac/smooth/random_smooth_domain.png>]
Underfull \vbox (badness 10000) has occurred while \output is active []

 [63 <./Images/Dirac/smooth/smooth_domains_scatter_all_eigs_.png> <./Images/Dirac/smooth/smooth_domains_scatter_benguria.png> <./Images/Dirac/smooth/smooth_domains_scatter_benguria_third.png>]
<Images/Dirac/smooth/nelder_mead_optimal.png, id=1482, 1198.2366pt x 643.203pt>
File: Images/Dirac/smooth/nelder_mead_optimal.png Graphic file (type png)
<use Images/Dirac/smooth/nelder_mead_optimal.png>
Package pdftex.def Info: Images/Dirac/smooth/nelder_mead_optimal.png  used on input line 409.
(pdftex.def)             Requested size: 204.85844pt x 109.96136pt.
<Images/Dirac/smooth/dirac_val_third.png, id=1483, 480.5955pt x 381.5856pt>
File: Images/Dirac/smooth/dirac_val_third.png Graphic file (type png)
<use Images/Dirac/smooth/dirac_val_third.png>
Package pdftex.def Info: Images/Dirac/smooth/dirac_val_third.png  used on input line 418.
(pdftex.def)             Requested size: 182.09831pt x 144.57898pt.
 [64 <./Images/Dirac/smooth/nelder_mead_optimal.png> <./Images/Dirac/smooth/dirac_val_third.png>]
<Images/Dirac/smooth/optimal_lambda3_m_1_u1_re.png, id=1497, 415.5525pt x 361.35pt>
File: Images/Dirac/smooth/optimal_lambda3_m_1_u1_re.png Graphic file (type png)
<use Images/Dirac/smooth/optimal_lambda3_m_1_u1_re.png>
Package pdftex.def Info: Images/Dirac/smooth/optimal_lambda3_m_1_u1_re.png  used on input line 437.
(pdftex.def)             Requested size: 153.64383pt x 133.60367pt.
<Images/Dirac/smooth/optimal_lambda3_m_1_u1_im.png, id=1498, 415.5525pt x 361.35pt>
File: Images/Dirac/smooth/optimal_lambda3_m_1_u1_im.png Graphic file (type png)
<use Images/Dirac/smooth/optimal_lambda3_m_1_u1_im.png>
Package pdftex.def Info: Images/Dirac/smooth/optimal_lambda3_m_1_u1_im.png  used on input line 443.
(pdftex.def)             Requested size: 153.64383pt x 133.60367pt.
<Images/Dirac/smooth/optimal_lambda3_m_1_u2_re.png, id=1499, 415.5525pt x 361.35pt>
File: Images/Dirac/smooth/optimal_lambda3_m_1_u2_re.png Graphic file (type png)
<use Images/Dirac/smooth/optimal_lambda3_m_1_u2_re.png>
Package pdftex.def Info: Images/Dirac/smooth/optimal_lambda3_m_1_u2_re.png  used on input line 451.
(pdftex.def)             Requested size: 153.64383pt x 133.60367pt.
<Images/Dirac/smooth/optimal_lambda3_m_1_u2_im.png, id=1500, 415.5525pt x 361.35pt>
File: Images/Dirac/smooth/optimal_lambda3_m_1_u2_im.png Graphic file (type png)
<use Images/Dirac/smooth/optimal_lambda3_m_1_u2_im.png>
Package pdftex.def Info: Images/Dirac/smooth/optimal_lambda3_m_1_u2_im.png  used on input line 457.
(pdftex.def)             Requested size: 153.64383pt x 133.60367pt.

Underfull \vbox (badness 10000) has occurred while \output is active []

 [65 <./Images/Dirac/smooth/optimal_lambda3_m_1_u1_re.png> <./Images/Dirac/smooth/optimal_lambda3_m_1_u1_im.png> <./Images/Dirac/smooth/optimal_lambda3_m_1_u2_re.png> <./Images/Dirac/smooth/optimal_lambda3_m_1_u2_im.png>]
Package acronym Info: Label `acro:RBF' newly defined as it shall be overridden
although it is yet undefined on input line 525.
 [66]
Overfull \hbox (0.79634pt too wide) in paragraph at lines 528--530
\OT1/phv/m/sl/10 and, for each sub-do-main $\OT1/cmr/m/n/10 
[]$ \OT1/phv/m/sl/10 with $\OML/cmm/m/it/10 i \OT1/cmr/m/n/10 = 1\OML/cmm/m/it/10 ; \OT1/cmr/m/n/10 2$ \OT1/phv/m/sl/10 find the co-ef-fi-cients $\OML/cmm/m/it/10 []$ \OT1/phv/m/sl/10 in $\OML/cmm/m/it/10 f[]\OT1/cmr/m/n/10 (\OML/cmm/m/it/10 x[]\OT1/cmr/m/n/10 ) = [](\OML/cmm/m/it/10 x[]\OT1/cmr/m/n/10 ) = [][] \OML/cmm/m/it/10 []'[]\OT1/cmr/m/n/10 (\OML/cmm/m/it/10 x[]\OT1/cmr/m/n/10 )$
 []


Overfull \hbox (30.35979pt too wide) detected at line 567
[][][][][] \OT1/cmr/m/n/10 = []
 []

[67]
Package acronym Info: Label `acro:RMSE' newly defined as it shall be overridden
although it is yet undefined on input line 576.
<Images/Transmission/Circle_val_col_points_600_150.png, id=1553, 463.9734pt x 380.1402pt>
File: Images/Transmission/Circle_val_col_points_600_150.png Graphic file (type png)
<use Images/Transmission/Circle_val_col_points_600_150.png>
Package pdftex.def Info: Images/Transmission/Circle_val_col_points_600_150.png  used on input line 597.
(pdftex.def)             Requested size: 204.85844pt x 167.84224pt.
<Images/Transmission/Circle_val_contour_600_150.png, id=1554, 426.393pt x 369.2997pt>
File: Images/Transmission/Circle_val_contour_600_150.png Graphic file (type png)
<use Images/Transmission/Circle_val_contour_600_150.png>
Package pdftex.def Info: Images/Transmission/Circle_val_contour_600_150.png  used on input line 605.
(pdftex.def)             Requested size: 182.09831pt x 157.71384pt.
 [68]
<Images/Transmission/Rectangle_contour_600_150_k1_1.png, id=1574, 497.9403pt x 376.5267pt>
File: Images/Transmission/Rectangle_contour_600_150_k1_1.png Graphic file (type png)
<use Images/Transmission/Rectangle_contour_600_150_k1_1.png>
Package pdftex.def Info: Images/Transmission/Rectangle_contour_600_150_k1_1.png  used on input line 661.
(pdftex.def)             Requested size: 204.85844pt x 154.9055pt.
<Images/Transmission/Rectangle_contour_600_150_k1_2.png, id=1575, 505.89pt x 382.3083pt>
File: Images/Transmission/Rectangle_contour_600_150_k1_2.png Graphic file (type png)
<use Images/Transmission/Rectangle_contour_600_150_k1_2.png>
Package pdftex.def Info: Images/Transmission/Rectangle_contour_600_150_k1_2.png  used on input line 667.
(pdftex.def)             Requested size: 204.85844pt x 154.8165pt.
<Images/Transmission/Rectangle_contour_600_150_k1_5.png, id=1576, 497.9403pt x 376.5267pt>
File: Images/Transmission/Rectangle_contour_600_150_k1_5.png Graphic file (type png)
<use Images/Transmission/Rectangle_contour_600_150_k1_5.png>
Package pdftex.def Info: Images/Transmission/Rectangle_contour_600_150_k1_5.png  used on input line 676.
(pdftex.def)             Requested size: 218.5202pt x 165.23561pt.
 [69 <./Images/Transmission/Circle_val_col_points_600_150.png> <./Images/Transmission/Circle_val_contour_600_150.png>]
Underfull \vbox (badness 7433) has occurred while \output is active []

 [70 <./Images/Transmission/Rectangle_contour_600_150_k1_1.png> <./Images/Transmission/Rectangle_contour_600_150_k1_2.png> <./Images/Transmission/Rectangle_contour_600_150_k1_5.png>]
<Images/Transmission/L_shape_2_rectangles_col_points.png, id=1603, 640.3122pt x 643.203pt>
File: Images/Transmission/L_shape_2_rectangles_col_points.png Graphic file (type png)
<use Images/Transmission/L_shape_2_rectangles_col_points.png>
Package pdftex.def Info: Images/Transmission/L_shape_2_rectangles_col_points.png  used on input line 716.
(pdftex.def)             Requested size: 170.71652pt x 171.48831pt.

Underfull \hbox (badness 1122) in paragraph at lines 718--718
\OT1/phv/m/n/9 face. Con-fig-u-ra-tion of the bound-ary,
 []

<Images/Transmission/L_shape_2_rectangles_k1_5.png, id=1604, 505.89pt x 376.5267pt>
File: Images/Transmission/L_shape_2_rectangles_k1_5.png Graphic file (type png)
<use Images/Transmission/L_shape_2_rectangles_k1_5.png>
Package pdftex.def Info: Images/Transmission/L_shape_2_rectangles_k1_5.png  used on input line 724.
(pdftex.def)             Requested size: 227.62204pt x 169.4182pt.
[71] [72 <./Images/Transmission/L_shape_2_rectangles_col_points.png> <./Images/Transmission/L_shape_2_rectangles_k1_5.png>]
Overfull \hbox (14.34668pt too wide) detected at line 783
\OMS/cmsy/m/n/10 r\OML/cmm/m/it/10 v[]\OT1/cmr/m/n/10 (\OML/cmm/m/it/10 r; ^^R\OT1/cmr/m/n/10 ) = [] \OML/cmm/m/it/10 :
 []


Overfull \hbox (16.13057pt too wide) in alignment at lines 803--809
 [] [] [] [] [] [] [] 
 []


Overfull \hbox (16.13057pt too wide) in alignment at lines 809--816
 [] [] [] [] [] [] [] 
 []


Overfull \hbox (16.13057pt too wide) in alignment at lines 816--819
 [] [] [] [] [] [] [] 
 []


Overfull \hbox (16.13057pt too wide) in alignment at lines 819--821
 [] [] [] [] [] [] [] 
 []


Overfull \hbox (16.13057pt too wide) in alignment at lines 821--840
 [] [] [] [] [] [] [] 
 []

<Images/Transmission/L_shape_2_axis_col_points.png, id=1633, 1136.8071pt x 643.203pt>
File: Images/Transmission/L_shape_2_axis_col_points.png Graphic file (type png)
<use Images/Transmission/L_shape_2_axis_col_points.png>
Package pdftex.def Info: Images/Transmission/L_shape_2_axis_col_points.png  used on input line 849.
(pdftex.def)             Requested size: 227.61758pt x 172.98993pt.
[73] [74]
Overfull \hbox (9.1499pt too wide) detected at line 879
\OMS/cmsy/m/n/10 r\OML/cmm/m/it/10 w\OT1/cmr/m/n/10 (\OML/cmm/m/it/10 r; ^^R\OT1/cmr/m/n/10 )[] = [] \OML/cmm/m/it/10 :
 []


Overfull \hbox (21.13058pt too wide) in alignment at lines 886--892
 [] [] [] [] [] [] [] 
 []


Overfull \hbox (21.13058pt too wide) in alignment at lines 892--899
 [] [] [] [] [] [] [] 
 []


Overfull \hbox (21.13058pt too wide) in alignment at lines 899--902
 [] [] [] [] [] [] [] 
 []


Overfull \hbox (21.13058pt too wide) in alignment at lines 902--904
 [] [] [] [] [] [] [] 
 []


Overfull \hbox (21.13058pt too wide) in alignment at lines 904--923
 [] [] [] [] [] [] [] 
 []


Underfull \vbox (badness 10000) has occurred while \output is active []

 [75 <./Images/Transmission/L_shape_2_axis_col_points.png>]
<Images/Transmission/L_shape_2_axis_c0_error_k1_2_enr.png, id=1659, 1105.731pt x 617.9085pt>
File: Images/Transmission/L_shape_2_axis_c0_error_k1_2_enr.png Graphic file (type png)
<use Images/Transmission/L_shape_2_axis_c0_error_k1_2_enr.png>
Package pdftex.def Info: Images/Transmission/L_shape_2_axis_c0_error_k1_2_enr.png  used on input line 978.
(pdftex.def)             Requested size: 227.62204pt x 127.20006pt.
<Images/Transmission/L_shape_2_axis_c1_error_k1_2_enr.png, id=1660, 1105.731pt x 617.9085pt>
File: Images/Transmission/L_shape_2_axis_c1_error_k1_2_enr.png Graphic file (type png)
<use Images/Transmission/L_shape_2_axis_c1_error_k1_2_enr.png>
Package pdftex.def Info: Images/Transmission/L_shape_2_axis_c1_error_k1_2_enr.png  used on input line 984.
(pdftex.def)             Requested size: 227.62204pt x 127.20006pt.
<Images/Transmission/L_shape_2_axis_sol_k1_2_enr.png, id=1661, 505.89pt x 376.5267pt>
File: Images/Transmission/L_shape_2_axis_sol_k1_2_enr.png Graphic file (type png)
<use Images/Transmission/L_shape_2_axis_sol_k1_2_enr.png>
Package pdftex.def Info: Images/Transmission/L_shape_2_axis_sol_k1_2_enr.png  used on input line 993.
(pdftex.def)             Requested size: 273.14922pt x 203.30414pt.
) (./Chapters/Thesis-MSc-Chapter_5.tex) (./Chapters/Thesis-MSc-Chapter_6.tex [76] [77 <./Images/Transmission/L_shape_2_axis_c0_error_k1_2_enr.png> <./Images/Transmission/L_shape_2_axis_c1_error_k1_2_enr.png> <./Images/Transmission/L_shape_2_axis_sol_k1_2_enr.png>]
Chapter 6.
[78

]) (./main.bbl [79] [80

] [81] [82] [83] [84]
Underfull \hbox (badness 10000) in paragraph at lines 346--349
[]\OT1/phv/m/n/10 Hugo Tavares.  Par-tial dif-fer-en-tial equa-tions, lec-ture notes.  [][]$\OT1/cmtt/m/n/10 https : / /
 []


Underfull \hbox (badness 10000) in paragraph at lines 346--349
\OT1/cmtt/m/n/10 ulisboa-[]my . sharepoint . com/ : b : /g / personal / ist27898 _ tecnico _ ulisboa _ pt /
 []

) (./Chapters/Thesis_MSc-AppendixTrueA.tex [85]
Appendix A.
[86

]) (./Chapters/Thesis-MSc-AppendixA.tex [87]
Appendix B.
[88

] [89] [90]) (./Chapters/Thesis-MSc-AppendixB.tex [91]
Appendix C.

Underfull \vbox (badness 2073) has occurred while \output is active []

 [92

] [93] [94] [95]) (./Chapters/Thesis-MSc-AppendixC.tex [96]
Appendix D.
[97

]
<Images/Bessel/bessel_j_0_z.png, id=1844, 395.22656pt x 328.97906pt>
File: Images/Bessel/bessel_j_0_z.png Graphic file (type png)
<use Images/Bessel/bessel_j_0_z.png>
Package pdftex.def Info: Images/Bessel/bessel_j_0_z.png  used on input line 29.
(pdftex.def)             Requested size: 227.62204pt x 189.4677pt.
<Images/Bessel/bessel_y_0_z.png, id=1845, 395.22656pt x 336.50719pt>
File: Images/Bessel/bessel_y_0_z.png Graphic file (type png)
<use Images/Bessel/bessel_y_0_z.png>
Package pdftex.def Info: Images/Bessel/bessel_y_0_z.png  used on input line 37.
(pdftex.def)             Requested size: 227.62204pt x 193.80333pt.
<Images/Bessel/hankel_1_0_z.png, id=1850, 395.22656pt x 335.00156pt>
File: Images/Bessel/hankel_1_0_z.png Graphic file (type png)
<use Images/Bessel/hankel_1_0_z.png>
Package pdftex.def Info: Images/Bessel/hankel_1_0_z.png  used on input line 57.
(pdftex.def)             Requested size: 227.62204pt x 192.9362pt.
<Images/Bessel/hankel_2_0_z.png, id=1851, 395.22656pt x 335.00156pt>
File: Images/Bessel/hankel_2_0_z.png Graphic file (type png)
<use Images/Bessel/hankel_2_0_z.png>
Package pdftex.def Info: Images/Bessel/hankel_2_0_z.png  used on input line 65.
(pdftex.def)             Requested size: 227.62204pt x 192.9362pt.
 [98 <./Images/Bessel/bessel_j_0_z.png (PNG copy)> <./Images/Bessel/bessel_y_0_z.png (PNG copy)>] [99 <./Images/Bessel/hankel_1_0_z.png (PNG copy)> <./Images/Bessel/hankel_2_0_z.png (PNG copy)>] [100] [101]
<Images/Bessel/hankel_re.png, id=1896, 323.70938pt x 284.56313pt>
File: Images/Bessel/hankel_re.png Graphic file (type png)
<use Images/Bessel/hankel_re.png>
Package pdftex.def Info: Images/Bessel/hankel_re.png  used on input line 220.
(pdftex.def)             Requested size: 227.62204pt x 200.09598pt.
<Images/Bessel/hankel_im.png, id=1897, 323.70938pt x 284.56313pt>
File: Images/Bessel/hankel_im.png Graphic file (type png)
<use Images/Bessel/hankel_im.png>
Package pdftex.def Info: Images/Bessel/hankel_im.png  used on input line 228.
(pdftex.def)             Requested size: 227.62204pt x 200.09598pt.
)
\Changes@OutFile=\write10
\openout10 = `main.soc'.

\tf@loc=\write11
\openout11 = `main.loc'.

Package minitoc Info: I0009
(minitoc)             Listing minitoc auxiliary files. 
(minitoc)             Creating the main.maf file.
\openout4 = `main.maf'.



Package minitoc(hints) Warning: W0078
(minitoc(hints))                You have used \dominitoc, 
(minitoc(hints))                but not \minitoc.


Package minitoc(hints) Warning: W0079
(minitoc(hints))                You have used \dominilof, 
(minitoc(hints))                but not \minilof.


Package minitoc(hints) Warning: W0080
(minitoc(hints))                You have used \dominilot, 
(minitoc(hints))                but not \minilot.

Package minitoc(hints) Info: I0053
(minitoc(hints))             You have loaded the float package; 
(minitoc(hints))             please be aware that the minitoc package 
(minitoc(hints))             facilities can not be used for new types 
(minitoc(hints))             of floats defined by the float package.

Package minitoc(hints) Warning: W0024
(minitoc(hints))                Some hints have been written 
(minitoc(hints))                in the main.log file.

[102 <./Images/Bessel/hankel_re.png (PNG copy)> <./Images/Bessel/hankel_im.png (PNG copy)>] (./main.aux
Package cleveref Info: loaded `english' language definitions on input line 24.
)

LaTeX Warning: There were multiply-defined labels.

Package rerunfilecheck Info: File `main.out' has not changed.
(rerunfilecheck)             Checksum: F59E9B588D82B9CE81C01516D0726756;9635.
 ) ) 
Here is how much of TeX's memory you used:
 51217 strings out of 477985
 1020576 string characters out of 5840058
 1889388 words of memory out of 5000000
 69687 multiletter control sequences out of 15000+600000
 562673 words of font info for 122 fonts, out of 8000000 for 9000
 14 hyphenation exceptions out of 8191
 95i,21n,95p,2382b,1457s stack positions out of 10000i,1000n,20000p,200000b,200000s
</usr/share/texmf-dist/fonts/type1/public/amsfonts/cm/cmbx10.pfb></usr/share/texmf-dist/fonts/type1/public/amsfonts/cm/cmbx5.pfb></usr/share/texmf-dist/fonts/type1/public/amsfonts/cm/cmbx7.pfb></usr/share/texmf-dist/fonts/type1/public/amsfonts/cm/cmbx9.pfb></usr/share/texmf-dist/fonts/type1/public/amsfonts/cm/cmex10.pfb></usr/share/texmf-dist/fonts/type1/public/amsfonts/cmextra/cmex8.pfb></usr/share/texmf-dist/fonts/type1/public/amsfonts/cmextra/cmex9.pfb></usr/share/texmf-dist/fonts/type1/public/amsfonts/cm/cmitt10.pfb></usr/share/texmf-dist/fonts/type1/public/amsfonts/cm/cmmi10.pfb></usr/share/texmf-dist/fonts/type1/public/amsfonts/cm/cmmi5.pfb></usr/share/texmf-dist/fonts/type1/public/amsfonts/cm/cmmi6.pfb></usr/share/texmf-dist/fonts/type1/public/amsfonts/cm/cmmi7.pfb></usr/share/texmf-dist/fonts/type1/public/amsfonts/cm/cmmi8.pfb></usr/share/texmf-dist/fonts/type1/public/amsfonts/cm/cmmi9.pfb></usr/share/texmf-dist/fonts/type1/public/amsfonts/cm/cmmib10.pfb></usr/share/texmf-dist/fonts/type1/public/amsfonts/cm/cmr10.pfb></usr/share/texmf-dist/fonts/type1/public/amsfonts/cm/cmr5.pfb></usr/share/texmf-dist/fonts/type1/public/amsfonts/cm/cmr6.pfb></usr/share/texmf-dist/fonts/type1/public/amsfonts/cm/cmr7.pfb></usr/share/texmf-dist/fonts/type1/public/amsfonts/cm/cmr8.pfb></usr/share/texmf-dist/fonts/type1/public/amsfonts/cm/cmr9.pfb></usr/share/texmf-dist/fonts/type1/public/amsfonts/cm/cmsy10.pfb></usr/share/texmf-dist/fonts/type1/public/amsfonts/cm/cmsy5.pfb></usr/share/texmf-dist/fonts/type1/public/amsfonts/cm/cmsy7.pfb></usr/share/texmf-dist/fonts/type1/public/amsfonts/cm/cmsy8.pfb></usr/share/texmf-dist/fonts/type1/public/amsfonts/cm/cmsy9.pfb></usr/share/texmf-dist/fonts/type1/public/amsfonts/cm/cmtt10.pfb></usr/share/texmf-dist/fonts/type1/public/amsfonts/symbols/msam10.pfb></usr/share/texmf-dist/fonts/type1/public/amsfonts/symbols/msbm10.pfb></usr/share/texmf-dist/fonts/type1/public/amsfonts/symbols/msbm7.pfb></usr/share/texmf-dist/fonts/type1/urw/bookman/ubkd8a.pfb></usr/share/texmf-dist/fonts/type1/urw/helvetic/uhvb8a.pfb></usr/share/texmf-dist/fonts/type1/urw/helvetic/uhvbo8a.pfb></usr/share/texmf-dist/fonts/type1/urw/helvetic/uhvr8a.pfb></usr/share/texmf-dist/fonts/type1/urw/helvetic/uhvro8a.pfb>
Output written on main.pdf (123 pages, 3868022 bytes).
PDF statistics:
 2163 PDF objects out of 2487 (max. 8388607)
 1846 compressed objects within 19 object streams
 531 named destinations out of 1000 (max. 500000)
 620 words of extra memory for PDF output out of 10000 (max. 10000000)

