This is pdfTeX, Version 3.141592653-2.6-1.40.24 (TeX Live 2022/Debian) (preloaded format=pdflatex 2023.6.11)  6 JUL 2023 10:29
entering extended mode
 restricted \write18 enabled.
 file:line:error style messages enabled.
 %&-line parsing enabled.
**/home/francisco/Universidade/Tese/Tese/overleaf_template/Thesis-MSc-Main_Document.tex
(/home/francisco/Universidade/Tese/Tese/overleaf_template/Thesis-MSc-Main_Document.tex
LaTeX2e <2022-11-01> patch level 1
L3 programming layer <2023-01-16> (./istulthesis.cls
Document Class: istulthesis 2021/02/10

--------------------------------------------------------------
 +---+ Thesis Style (istulthesis.cls) 
 +---+ Version 3.1, February 2021 
 +---+ for Instituto Superior Tecnico (IST) 
 +---+ Universidade de Lisboa 
 * Modified from 'report.cls' 
 * Created to write Dissertations 
 * Conforms with IST Master Degree format 
 
 AUTHOR: Rui Santos Cruz 
 INSPIRED BY: Pedro Tomás work 
--------------------------------------------------------------

(/usr/share/texlive/texmf-dist/tex/latex/base/report.cls
Document Class: report 2022/07/02 v1.4n Standard LaTeX document class
(/usr/share/texlive/texmf-dist/tex/latex/base/size10.clo
File: size10.clo 2022/07/02 v1.4n Standard LaTeX file (size option)
)
\c@part=\count185
\c@chapter=\count186
\c@section=\count187
\c@subsection=\count188
\c@subsubsection=\count189
\c@paragraph=\count190
\c@subparagraph=\count191
\c@figure=\count192
\c@table=\count193
\abovecaptionskip=\skip48
\belowcaptionskip=\skip49
\bibindent=\dimen140
) (/usr/share/texlive/texmf-dist/tex/latex/tools/indentfirst.sty
Package: indentfirst 1995/11/23 v1.03 Indent first paragraph (DPC)
) (/usr/share/texlive/texmf-dist/tex/latex/base/ifthen.sty
Package: ifthen 2022/04/13 v1.1d Standard LaTeX ifthen package (DPC)
) (/usr/share/texlive/texmf-dist/tex/latex/graphics/graphicx.sty
Package: graphicx 2021/09/16 v1.2d Enhanced LaTeX Graphics (DPC,SPQR)
 (/usr/share/texlive/texmf-dist/tex/latex/graphics/keyval.sty
Package: keyval 2022/05/29 v1.15 key=value parser (DPC)
\KV@toks@=\toks16
) (/usr/share/texlive/texmf-dist/tex/latex/graphics/graphics.sty
Package: graphics 2022/03/10 v1.4e Standard LaTeX Graphics (DPC,SPQR)
 (/usr/share/texlive/texmf-dist/tex/latex/graphics/trig.sty
Package: trig 2021/08/11 v1.11 sin cos tan (DPC)
) (/usr/share/texlive/texmf-dist/tex/latex/graphics-cfg/graphics.cfg
File: graphics.cfg 2016/06/04 v1.11 sample graphics configuration
)
Package graphics Info: Driver file: pdftex.def on input line 107.
 (/usr/share/texlive/texmf-dist/tex/latex/graphics-def/pdftex.def
File: pdftex.def 2022/09/22 v1.2b Graphics/color driver for pdftex
))
\Gin@req@height=\dimen141
\Gin@req@width=\dimen142
) (/usr/share/texlive/texmf-dist/tex/generic/epsf/epsf.sty
This is `epsf.tex' v2.7.4 <14 February 2011>
\epsffilein=\read2
\epsfframemargin=\dimen143
\epsfframethickness=\dimen144
\epsfrsize=\dimen145
\epsftmp=\dimen146
\epsftsize=\dimen147
\epsfxsize=\dimen148
\epsfysize=\dimen149
\pspoints=\dimen150
) (/usr/share/texlive/texmf-dist/tex/latex/textpos/textpos.sty
Package: textpos 2022/07/23 v1.10.1
Package textpos Info: choosing support for LaTeX3 on input line 60.
\TP@textbox=\box51
\TP@holdbox=\box52
\TPHorizModule=\dimen151
\TPVertModule=\dimen152
\TP@margin=\dimen153
\TP@absmargin=\dimen154

Grid set 16 x 16 = 37.34424pt x 52.81541pt
\TPboxrulesize=\dimen155
\TP@ox=\dimen156
\TP@oy=\dimen157
\TP@tbargs=\toks17
TextBlockOrigin set to 0pt x 0pt
) (/usr/share/texlive/texmf-dist/tex/latex/psnfss/helvet.sty
Package: helvet 2020/03/25 PSNFSS-v9.3 (WaS) 
)) (./Thesis-MSc-Preamble_commands.tex (/usr/share/texlive/texmf-dist/tex/latex/ucs/ucs.sty
Package: ucs 2022/08/07 v2.3 UCS: Unicode input support
 (/usr/share/texlive/texmf-dist/tex/latex/ucs/data/uni-global.def
File: uni-global.def 2022/08/07 UCS: Unicode global data
)
\uc@secondtry=\count194
\uc@combtoks=\toks18
\uc@combtoksb=\toks19
\uc@temptokena=\toks20
) (/usr/share/texlive/texmf-dist/tex/latex/base/inputenc.sty
Package: inputenc 2021/02/14 v1.3d Input encoding file
\inpenc@prehook=\toks21
\inpenc@posthook=\toks22
 (/usr/share/texlive/texmf-dist/tex/latex/ucs/utf8x.def
File: utf8x.def 2022/08/07 UCS: Input encoding UTF-8
)) (/usr/share/texlive/texmf-dist/tex/generic/babel/babel.sty
Package: babel 2022/12/26 3.84 The Babel package
\babel@savecnt=\count195
\U@D=\dimen158
\l@unhyphenated=\language87
 (/usr/share/texlive/texmf-dist/tex/generic/babel/txtbabel.def)
\bbl@readstream=\read3
\bbl@dirlevel=\count196
Package babel Info: Main language set with 'main='. Except if you have
(babel)             problems, prefer the default mechanism for setting
(babel)             the main language. Reported on input line 4316.
 (/usr/share/texlive/texmf-dist/tex/generic/babel-portuges/portuguese.ldf
Language: portuges 2021/07/09 v1.2t Portuguese support from the babel system
Package babel Info: Making " an active character on input line 143.
) (/usr/share/texlive/texmf-dist/tex/generic/babel-english/english.ldf
Language: english 2017/06/06 v3.3r English support from the babel system
Package babel Info: Hyphen rules for 'canadian' set to \l@english
(babel)             (\language0). Reported on input line 102.
Package babel Info: Hyphen rules for 'australian' set to \l@ukenglish
(babel)             (\language59). Reported on input line 105.
Package babel Info: Hyphen rules for 'newzealand' set to \l@ukenglish
(babel)             (\language59). Reported on input line 108.
)) (/usr/share/texlive/texmf-dist/tex/generic/babel/locale/en/babel-english.tex
Package babel Info: Importing font and identification data for english
(babel)             from babel-en.ini. Reported on input line 11.
) (/usr/share/texlive/texmf-dist/tex/generic/babel/locale/pt/babel-portuguese.tex
Package babel Info: Importing font and identification data for portuguese
(babel)             from babel-pt.ini. Reported on input line 11.
) (/usr/share/texlive/texmf-dist/tex/generic/oberdiek/iflang.sty
Package: iflang 2018/01/21 v1.7 Checks for the current language (HO)
 (/usr/share/texlive/texmf-dist/tex/generic/infwarerr/infwarerr.sty
Package: infwarerr 2019/12/03 v1.5 Providing info/warning/error messages (HO)
) (/usr/share/texlive/texmf-dist/tex/generic/pdftexcmds/pdftexcmds.sty
Package: pdftexcmds 2020-06-27 v0.33 Utility functions of pdfTeX for LuaTeX (HO)
 (/usr/share/texlive/texmf-dist/tex/generic/iftex/iftex.sty
Package: iftex 2022/02/03 v1.0f TeX engine tests
) (/usr/share/texlive/texmf-dist/tex/generic/ltxcmds/ltxcmds.sty
Package: ltxcmds 2020-05-10 v1.25 LaTeX kernel commands for general use (HO)
)
Package pdftexcmds Info: \pdf@primitive is available.
Package pdftexcmds Info: \pdf@ifprimitive is available.
Package pdftexcmds Info: \pdfdraftmode found.
)
Package iflang Info: Naming convention for patterns: babel.
) (/usr/share/texlive/texmf-dist/tex/latex/koma-script/scrbase.sty
Package: scrbase 2022/10/12 v3.38 KOMA-Script package (KOMA-Script-independent basics and keyval usage)
 (/usr/share/texlive/texmf-dist/tex/latex/koma-script/scrlfile.sty
Package: scrlfile 2022/10/12 v3.38 KOMA-Script package (file load hooks)
 (/usr/share/texlive/texmf-dist/tex/latex/koma-script/scrlfile-hook.sty
Package: scrlfile-hook 2022/10/12 v3.38 KOMA-Script package (using LaTeX hooks)
 (/usr/share/texlive/texmf-dist/tex/latex/koma-script/scrlogo.sty
Package: scrlogo 2022/10/12 v3.38 KOMA-Script package (logo)
)))
Applying: [2021/05/01] Usage of raw or classic option list on input line 252.
Already applied: [0000/00/00] Usage of raw or classic option list on input line 368.
) (/usr/share/texlive/texmf-dist/tex/latex/mathtools/mathtools.sty
Package: mathtools 2022/06/29 v1.29 mathematical typesetting tools
 (/usr/share/texlive/texmf-dist/tex/latex/tools/calc.sty
Package: calc 2017/05/25 v4.3 Infix arithmetic (KKT,FJ)
\calc@Acount=\count197
\calc@Bcount=\count198
\calc@Adimen=\dimen159
\calc@Bdimen=\dimen160
\calc@Askip=\skip50
\calc@Bskip=\skip51
LaTeX Info: Redefining \setlength on input line 80.
LaTeX Info: Redefining \addtolength on input line 81.
\calc@Ccount=\count199
\calc@Cskip=\skip52
) (/usr/share/texlive/texmf-dist/tex/latex/mathtools/mhsetup.sty
Package: mhsetup 2021/03/18 v1.4 programming setup (MH)
) (/usr/share/texlive/texmf-dist/tex/latex/amsmath/amsmath.sty
Package: amsmath 2022/04/08 v2.17n AMS math features
\@mathmargin=\skip53

For additional information on amsmath, use the `?' option.
(/usr/share/texlive/texmf-dist/tex/latex/amsmath/amstext.sty
Package: amstext 2021/08/26 v2.01 AMS text
 (/usr/share/texlive/texmf-dist/tex/latex/amsmath/amsgen.sty
File: amsgen.sty 1999/11/30 v2.0 generic functions
\@emptytoks=\toks23
\ex@=\dimen161
)) (/usr/share/texlive/texmf-dist/tex/latex/amsmath/amsbsy.sty
Package: amsbsy 1999/11/29 v1.2d Bold Symbols
\pmbraise@=\dimen162
) (/usr/share/texlive/texmf-dist/tex/latex/amsmath/amsopn.sty
Package: amsopn 2022/04/08 v2.04 operator names
)
\inf@bad=\count266
LaTeX Info: Redefining \frac on input line 234.
\uproot@=\count267
\leftroot@=\count268
LaTeX Info: Redefining \overline on input line 399.
LaTeX Info: Redefining \colon on input line 410.
\classnum@=\count269
\DOTSCASE@=\count270
LaTeX Info: Redefining \ldots on input line 496.
LaTeX Info: Redefining \dots on input line 499.
LaTeX Info: Redefining \cdots on input line 620.
\Mathstrutbox@=\box53
\strutbox@=\box54
LaTeX Info: Redefining \big on input line 722.
LaTeX Info: Redefining \Big on input line 723.
LaTeX Info: Redefining \bigg on input line 724.
LaTeX Info: Redefining \Bigg on input line 725.
\big@size=\dimen163
LaTeX Font Info:    Redeclaring font encoding OML on input line 743.
LaTeX Font Info:    Redeclaring font encoding OMS on input line 744.
\macc@depth=\count271
LaTeX Info: Redefining \bmod on input line 905.
LaTeX Info: Redefining \pmod on input line 910.
LaTeX Info: Redefining \smash on input line 940.
LaTeX Info: Redefining \relbar on input line 970.
LaTeX Info: Redefining \Relbar on input line 971.
\c@MaxMatrixCols=\count272
\dotsspace@=\muskip16
\c@parentequation=\count273
\dspbrk@lvl=\count274
\tag@help=\toks24
\row@=\count275
\column@=\count276
\maxfields@=\count277
\andhelp@=\toks25
\eqnshift@=\dimen164
\alignsep@=\dimen165
\tagshift@=\dimen166
\tagwidth@=\dimen167
\totwidth@=\dimen168
\lineht@=\dimen169
\@envbody=\toks26
\multlinegap=\skip54
\multlinetaggap=\skip55
\mathdisplay@stack=\toks27
LaTeX Info: Redefining \[ on input line 2953.
LaTeX Info: Redefining \] on input line 2954.
)
\g_MT_multlinerow_int=\count278
\l_MT_multwidth_dim=\dimen170
\origjot=\skip56
\l_MT_shortvdotswithinadjustabove_dim=\dimen171
\l_MT_shortvdotswithinadjustbelow_dim=\dimen172
\l_MT_above_intertext_sep=\dimen173
\l_MT_below_intertext_sep=\dimen174
\l_MT_above_shortintertext_sep=\dimen175
\l_MT_below_shortintertext_sep=\dimen176
\xmathstrut@box=\box55
\xmathstrut@dim=\dimen177
) (/usr/share/texlive/texmf-dist/tex/latex/amscls/amsthm.sty
Package: amsthm 2020/05/29 v2.20.6
\thm@style=\toks28
\thm@bodyfont=\toks29
\thm@headfont=\toks30
\thm@notefont=\toks31
\thm@headpunct=\toks32
\thm@preskip=\skip57
\thm@postskip=\skip58
\thm@headsep=\skip59
\dth@everypar=\toks33
) (/usr/share/texlive/texmf-dist/tex/latex/amsfonts/amssymb.sty
Package: amssymb 2013/01/14 v3.01 AMS font symbols
 (/usr/share/texlive/texmf-dist/tex/latex/amsfonts/amsfonts.sty
Package: amsfonts 2013/01/14 v3.01 Basic AMSFonts support
\symAMSa=\mathgroup4
\symAMSb=\mathgroup5
LaTeX Font Info:    Redeclaring math symbol \hbar on input line 98.
LaTeX Font Info:    Overwriting math alphabet `\mathfrak' in version `bold'
(Font)                  U/euf/m/n --> U/euf/b/n on input line 106.
)) (/usr/share/texlive/texmf-dist/tex/latex/physics/physics.sty
Package: physics 
 (/usr/share/texlive/texmf-dist/tex/latex/l3packages/xparse/xparse.sty (/usr/share/texlive/texmf-dist/tex/latex/l3kernel/expl3.sty
Package: expl3 2023-01-16 L3 programming layer (loader) 
 (/usr/share/texlive/texmf-dist/tex/latex/l3backend/l3backend-pdftex.def
File: l3backend-pdftex.def 2023-01-16 L3 backend support: PDF output (pdfTeX)
\l__color_backend_stack_int=\count279
\l__pdf_internal_box=\box56
))
Package: xparse 2023-01-16 L3 Experimental document command parser
)) (/usr/share/texlive/texmf-dist/tex/latex/units/nicefrac.sty
Package: nicefrac 1998/08/04 v0.9b Nice fractions
\L@UnitsRaiseDisplaystyle=\skip60
\L@UnitsRaiseTextstyle=\skip61
\L@UnitsRaiseScriptstyle=\skip62
)
\c@theorem=\count280
 (/usr/share/texlive/texmf-dist/tex/latex/pgf/frontendlayer/tikz.sty (/usr/share/texlive/texmf-dist/tex/latex/pgf/basiclayer/pgf.sty (/usr/share/texlive/texmf-dist/tex/latex/pgf/utilities/pgfrcs.sty (/usr/share/texlive/texmf-dist/tex/generic/pgf/utilities/pgfutil-common.tex
\pgfutil@everybye=\toks34
\pgfutil@tempdima=\dimen178
\pgfutil@tempdimb=\dimen179
) (/usr/share/texlive/texmf-dist/tex/generic/pgf/utilities/pgfutil-latex.def
\pgfutil@abb=\box57
) (/usr/share/texlive/texmf-dist/tex/generic/pgf/utilities/pgfrcs.code.tex (/usr/share/texlive/texmf-dist/tex/generic/pgf/pgf.revision.tex)
Package: pgfrcs 2023-01-15 v3.1.10 (3.1.10)
))
Package: pgf 2023-01-15 v3.1.10 (3.1.10)
 (/usr/share/texlive/texmf-dist/tex/latex/pgf/basiclayer/pgfcore.sty (/usr/share/texlive/texmf-dist/tex/latex/pgf/systemlayer/pgfsys.sty (/usr/share/texlive/texmf-dist/tex/generic/pgf/systemlayer/pgfsys.code.tex
Package: pgfsys 2023-01-15 v3.1.10 (3.1.10)
 (/usr/share/texlive/texmf-dist/tex/generic/pgf/utilities/pgfkeys.code.tex
\pgfkeys@pathtoks=\toks35
\pgfkeys@temptoks=\toks36
 (/usr/share/texlive/texmf-dist/tex/generic/pgf/utilities/pgfkeyslibraryfiltered.code.tex
\pgfkeys@tmptoks=\toks37
))
\pgf@x=\dimen180
\pgf@y=\dimen181
\pgf@xa=\dimen182
\pgf@ya=\dimen183
\pgf@xb=\dimen184
\pgf@yb=\dimen185
\pgf@xc=\dimen186
\pgf@yc=\dimen187
\pgf@xd=\dimen188
\pgf@yd=\dimen189
\w@pgf@writea=\write3
\r@pgf@reada=\read4
\c@pgf@counta=\count281
\c@pgf@countb=\count282
\c@pgf@countc=\count283
\c@pgf@countd=\count284
\t@pgf@toka=\toks38
\t@pgf@tokb=\toks39
\t@pgf@tokc=\toks40
\pgf@sys@id@count=\count285
 (/usr/share/texlive/texmf-dist/tex/generic/pgf/systemlayer/pgf.cfg
File: pgf.cfg 2023-01-15 v3.1.10 (3.1.10)
)
Driver file for pgf: pgfsys-pdftex.def
 (/usr/share/texlive/texmf-dist/tex/generic/pgf/systemlayer/pgfsys-pdftex.def
File: pgfsys-pdftex.def 2023-01-15 v3.1.10 (3.1.10)
 (/usr/share/texlive/texmf-dist/tex/generic/pgf/systemlayer/pgfsys-common-pdf.def
File: pgfsys-common-pdf.def 2023-01-15 v3.1.10 (3.1.10)
))) (/usr/share/texlive/texmf-dist/tex/generic/pgf/systemlayer/pgfsyssoftpath.code.tex
File: pgfsyssoftpath.code.tex 2023-01-15 v3.1.10 (3.1.10)
\pgfsyssoftpath@smallbuffer@items=\count286
\pgfsyssoftpath@bigbuffer@items=\count287
) (/usr/share/texlive/texmf-dist/tex/generic/pgf/systemlayer/pgfsysprotocol.code.tex
File: pgfsysprotocol.code.tex 2023-01-15 v3.1.10 (3.1.10)
)) (/usr/share/texlive/texmf-dist/tex/latex/xcolor/xcolor.sty
Package: xcolor 2022/06/12 v2.14 LaTeX color extensions (UK)
 (/usr/share/texlive/texmf-dist/tex/latex/graphics-cfg/color.cfg
File: color.cfg 2016/01/02 v1.6 sample color configuration
)
Package xcolor Info: Driver file: pdftex.def on input line 227.
 (/usr/share/texlive/texmf-dist/tex/latex/graphics/mathcolor.ltx)
Package xcolor Info: Model `cmy' substituted by `cmy0' on input line 1353.
Package xcolor Info: Model `hsb' substituted by `rgb' on input line 1357.
Package xcolor Info: Model `RGB' extended on input line 1369.
Package xcolor Info: Model `HTML' substituted by `rgb' on input line 1371.
Package xcolor Info: Model `Hsb' substituted by `hsb' on input line 1372.
Package xcolor Info: Model `tHsb' substituted by `hsb' on input line 1373.
Package xcolor Info: Model `HSB' substituted by `hsb' on input line 1374.
Package xcolor Info: Model `Gray' substituted by `gray' on input line 1375.
Package xcolor Info: Model `wave' substituted by `hsb' on input line 1376.
) (/usr/share/texlive/texmf-dist/tex/generic/pgf/basiclayer/pgfcore.code.tex
Package: pgfcore 2023-01-15 v3.1.10 (3.1.10)
 (/usr/share/texlive/texmf-dist/tex/generic/pgf/math/pgfmath.code.tex (/usr/share/texlive/texmf-dist/tex/generic/pgf/math/pgfmathutil.code.tex) (/usr/share/texlive/texmf-dist/tex/generic/pgf/math/pgfmathparser.code.tex
\pgfmath@dimen=\dimen190
\pgfmath@count=\count288
\pgfmath@box=\box58
\pgfmath@toks=\toks41
\pgfmath@stack@operand=\toks42
\pgfmath@stack@operation=\toks43
) (/usr/share/texlive/texmf-dist/tex/generic/pgf/math/pgfmathfunctions.code.tex) (/usr/share/texlive/texmf-dist/tex/generic/pgf/math/pgfmathfunctions.basic.code.tex) (/usr/share/texlive/texmf-dist/tex/generic/pgf/math/pgfmathfunctions.trigonometric.code.tex) (/usr/share/texlive/texmf-dist/tex/generic/pgf/math/pgfmathfunctions.random.code.tex) (/usr/share/texlive/texmf-dist/tex/generic/pgf/math/pgfmathfunctions.comparison.code.tex) (/usr/share/texlive/texmf-dist/tex/generic/pgf/math/pgfmathfunctions.base.code.tex) (/usr/share/texlive/texmf-dist/tex/generic/pgf/math/pgfmathfunctions.round.code.tex) (/usr/share/texlive/texmf-dist/tex/generic/pgf/math/pgfmathfunctions.misc.code.tex) (/usr/share/texlive/texmf-dist/tex/generic/pgf/math/pgfmathfunctions.integerarithmetics.code.tex) (/usr/share/texlive/texmf-dist/tex/generic/pgf/math/pgfmathcalc.code.tex) (/usr/share/texlive/texmf-dist/tex/generic/pgf/math/pgfmathfloat.code.tex
\c@pgfmathroundto@lastzeros=\count289
)) (/usr/share/texlive/texmf-dist/tex/generic/pgf/math/pgfint.code.tex) (/usr/share/texlive/texmf-dist/tex/generic/pgf/basiclayer/pgfcorepoints.code.tex
File: pgfcorepoints.code.tex 2023-01-15 v3.1.10 (3.1.10)
\pgf@picminx=\dimen191
\pgf@picmaxx=\dimen192
\pgf@picminy=\dimen193
\pgf@picmaxy=\dimen194
\pgf@pathminx=\dimen195
\pgf@pathmaxx=\dimen196
\pgf@pathminy=\dimen197
\pgf@pathmaxy=\dimen198
\pgf@xx=\dimen199
\pgf@xy=\dimen256
\pgf@yx=\dimen257
\pgf@yy=\dimen258
\pgf@zx=\dimen259
\pgf@zy=\dimen260
) (/usr/share/texlive/texmf-dist/tex/generic/pgf/basiclayer/pgfcorepathconstruct.code.tex
File: pgfcorepathconstruct.code.tex 2023-01-15 v3.1.10 (3.1.10)
\pgf@path@lastx=\dimen261
\pgf@path@lasty=\dimen262
) (/usr/share/texlive/texmf-dist/tex/generic/pgf/basiclayer/pgfcorepathusage.code.tex
File: pgfcorepathusage.code.tex 2023-01-15 v3.1.10 (3.1.10)
\pgf@shorten@end@additional=\dimen263
\pgf@shorten@start@additional=\dimen264
) (/usr/share/texlive/texmf-dist/tex/generic/pgf/basiclayer/pgfcorescopes.code.tex
File: pgfcorescopes.code.tex 2023-01-15 v3.1.10 (3.1.10)
\pgfpic=\box59
\pgf@hbox=\box60
\pgf@layerbox@main=\box61
\pgf@picture@serial@count=\count290
) (/usr/share/texlive/texmf-dist/tex/generic/pgf/basiclayer/pgfcoregraphicstate.code.tex
File: pgfcoregraphicstate.code.tex 2023-01-15 v3.1.10 (3.1.10)
\pgflinewidth=\dimen265
) (/usr/share/texlive/texmf-dist/tex/generic/pgf/basiclayer/pgfcoretransformations.code.tex
File: pgfcoretransformations.code.tex 2023-01-15 v3.1.10 (3.1.10)
\pgf@pt@x=\dimen266
\pgf@pt@y=\dimen267
\pgf@pt@temp=\dimen268
) (/usr/share/texlive/texmf-dist/tex/generic/pgf/basiclayer/pgfcorequick.code.tex
File: pgfcorequick.code.tex 2023-01-15 v3.1.10 (3.1.10)
) (/usr/share/texlive/texmf-dist/tex/generic/pgf/basiclayer/pgfcoreobjects.code.tex
File: pgfcoreobjects.code.tex 2023-01-15 v3.1.10 (3.1.10)
) (/usr/share/texlive/texmf-dist/tex/generic/pgf/basiclayer/pgfcorepathprocessing.code.tex
File: pgfcorepathprocessing.code.tex 2023-01-15 v3.1.10 (3.1.10)
) (/usr/share/texlive/texmf-dist/tex/generic/pgf/basiclayer/pgfcorearrows.code.tex
File: pgfcorearrows.code.tex 2023-01-15 v3.1.10 (3.1.10)
\pgfarrowsep=\dimen269
) (/usr/share/texlive/texmf-dist/tex/generic/pgf/basiclayer/pgfcoreshade.code.tex
File: pgfcoreshade.code.tex 2023-01-15 v3.1.10 (3.1.10)
\pgf@max=\dimen270
\pgf@sys@shading@range@num=\count291
\pgf@shadingcount=\count292
) (/usr/share/texlive/texmf-dist/tex/generic/pgf/basiclayer/pgfcoreimage.code.tex
File: pgfcoreimage.code.tex 2023-01-15 v3.1.10 (3.1.10)
) (/usr/share/texlive/texmf-dist/tex/generic/pgf/basiclayer/pgfcoreexternal.code.tex
File: pgfcoreexternal.code.tex 2023-01-15 v3.1.10 (3.1.10)
\pgfexternal@startupbox=\box62
) (/usr/share/texlive/texmf-dist/tex/generic/pgf/basiclayer/pgfcorelayers.code.tex
File: pgfcorelayers.code.tex 2023-01-15 v3.1.10 (3.1.10)
) (/usr/share/texlive/texmf-dist/tex/generic/pgf/basiclayer/pgfcoretransparency.code.tex
File: pgfcoretransparency.code.tex 2023-01-15 v3.1.10 (3.1.10)
) (/usr/share/texlive/texmf-dist/tex/generic/pgf/basiclayer/pgfcorepatterns.code.tex
File: pgfcorepatterns.code.tex 2023-01-15 v3.1.10 (3.1.10)
) (/usr/share/texlive/texmf-dist/tex/generic/pgf/basiclayer/pgfcorerdf.code.tex
File: pgfcorerdf.code.tex 2023-01-15 v3.1.10 (3.1.10)
))) (/usr/share/texlive/texmf-dist/tex/generic/pgf/modules/pgfmoduleshapes.code.tex
File: pgfmoduleshapes.code.tex 2023-01-15 v3.1.10 (3.1.10)
\pgfnodeparttextbox=\box63
) (/usr/share/texlive/texmf-dist/tex/generic/pgf/modules/pgfmoduleplot.code.tex
File: pgfmoduleplot.code.tex 2023-01-15 v3.1.10 (3.1.10)
) (/usr/share/texlive/texmf-dist/tex/latex/pgf/compatibility/pgfcomp-version-0-65.sty
Package: pgfcomp-version-0-65 2023-01-15 v3.1.10 (3.1.10)
\pgf@nodesepstart=\dimen271
\pgf@nodesepend=\dimen272
) (/usr/share/texlive/texmf-dist/tex/latex/pgf/compatibility/pgfcomp-version-1-18.sty
Package: pgfcomp-version-1-18 2023-01-15 v3.1.10 (3.1.10)
)) (/usr/share/texlive/texmf-dist/tex/latex/pgf/utilities/pgffor.sty (/usr/share/texlive/texmf-dist/tex/latex/pgf/utilities/pgfkeys.sty (/usr/share/texlive/texmf-dist/tex/generic/pgf/utilities/pgfkeys.code.tex)) (/usr/share/texlive/texmf-dist/tex/latex/pgf/math/pgfmath.sty (/usr/share/texlive/texmf-dist/tex/generic/pgf/math/pgfmath.code.tex)) (/usr/share/texlive/texmf-dist/tex/generic/pgf/utilities/pgffor.code.tex
Package: pgffor 2023-01-15 v3.1.10 (3.1.10)
\pgffor@iter=\dimen273
\pgffor@skip=\dimen274
\pgffor@stack=\toks44
\pgffor@toks=\toks45
)) (/usr/share/texlive/texmf-dist/tex/generic/pgf/frontendlayer/tikz/tikz.code.tex
Package: tikz 2023-01-15 v3.1.10 (3.1.10)
 (/usr/share/texlive/texmf-dist/tex/generic/pgf/libraries/pgflibraryplothandlers.code.tex
File: pgflibraryplothandlers.code.tex 2023-01-15 v3.1.10 (3.1.10)
\pgf@plot@mark@count=\count293
\pgfplotmarksize=\dimen275
)
\tikz@lastx=\dimen276
\tikz@lasty=\dimen277
\tikz@lastxsaved=\dimen278
\tikz@lastysaved=\dimen279
\tikz@lastmovetox=\dimen280
\tikz@lastmovetoy=\dimen281
\tikzleveldistance=\dimen282
\tikzsiblingdistance=\dimen283
\tikz@figbox=\box64
\tikz@figbox@bg=\box65
\tikz@tempbox=\box66
\tikz@tempbox@bg=\box67
\tikztreelevel=\count294
\tikznumberofchildren=\count295
\tikznumberofcurrentchild=\count296
\tikz@fig@count=\count297
 (/usr/share/texlive/texmf-dist/tex/generic/pgf/modules/pgfmodulematrix.code.tex
File: pgfmodulematrix.code.tex 2023-01-15 v3.1.10 (3.1.10)
\pgfmatrixcurrentrow=\count298
\pgfmatrixcurrentcolumn=\count299
\pgf@matrix@numberofcolumns=\count300
)
\tikz@expandcount=\count301
 (/usr/share/texlive/texmf-dist/tex/generic/pgf/frontendlayer/tikz/libraries/tikzlibrarytopaths.code.tex
File: tikzlibrarytopaths.code.tex 2023-01-15 v3.1.10 (3.1.10)
))) (/usr/share/texlive/texmf-dist/tex/generic/pgf/frontendlayer/tikz/libraries/tikzlibraryshapes.geometric.code.tex
File: tikzlibraryshapes.geometric.code.tex 2023-01-15 v3.1.10 (3.1.10)
 (/usr/share/texlive/texmf-dist/tex/generic/pgf/libraries/shapes/pgflibraryshapes.geometric.code.tex
File: pgflibraryshapes.geometric.code.tex 2023-01-15 v3.1.10 (3.1.10)
)) (/usr/share/texlive/texmf-dist/tex/generic/pgf/frontendlayer/tikz/libraries/tikzlibraryarrows.code.tex
File: tikzlibraryarrows.code.tex 2023-01-15 v3.1.10 (3.1.10)
 (/usr/share/texlive/texmf-dist/tex/generic/pgf/libraries/pgflibraryarrows.code.tex
File: pgflibraryarrows.code.tex 2023-01-15 v3.1.10 (3.1.10)
\arrowsize=\dimen284
)) (/usr/share/texlive/texmf-dist/tex/generic/pgf/frontendlayer/tikz/libraries/tikzlibrarypositioning.code.tex
File: tikzlibrarypositioning.code.tex 2023-01-15 v3.1.10 (3.1.10)
) (/usr/share/texlive/texmf-dist/tex/generic/pgf/frontendlayer/tikz/libraries/tikzlibraryangles.code.tex
File: tikzlibraryangles.code.tex 2023-01-15 v3.1.10 (3.1.10)
) (/usr/share/texlive/texmf-dist/tex/generic/pgf/frontendlayer/tikz/libraries/tikzlibraryquotes.code.tex
File: tikzlibraryquotes.code.tex 2023-01-15 v3.1.10 (3.1.10)
) (/usr/share/texlive/texmf-dist/tex/latex/siunitx/siunitx.sty
Package: siunitx 2023-01-03 v3.2.0 A comprehensive (SI) units package
\l__siunitx_angle_tmp_dim=\dimen285
\l__siunitx_angle_marker_box=\box68
\l__siunitx_angle_unit_box=\box69
\l__siunitx_compound_count_int=\count302
 (/usr/share/texlive/texmf-dist/tex/latex/translations/translations.sty
Package: translations 2022/02/05 v1.12 internationalization of LaTeX2e packages (CN)
 (/usr/share/texlive/texmf-dist/tex/latex/etoolbox/etoolbox.sty
Package: etoolbox 2020/10/05 v2.5k e-TeX tools for LaTeX (JAW)
\etb@tempcnta=\count303
))
\l__siunitx_number_exponent_fixed_int=\count304
\l__siunitx_number_min_decimal_int=\count305
\l__siunitx_number_min_integer_int=\count306
\l__siunitx_number_round_precision_int=\count307
\l__siunitx_number_lower_threshold_int=\count308
\l__siunitx_number_upper_threshold_int=\count309
\l__siunitx_number_group_first_int=\count310
\l__siunitx_number_group_size_int=\count311
\l__siunitx_number_group_minimum_int=\count312
\l__siunitx_table_tmp_box=\box70
\l__siunitx_table_tmp_dim=\dimen286
\l__siunitx_table_column_width_dim=\dimen287
\l__siunitx_table_integer_box=\box71
\l__siunitx_table_decimal_box=\box72
\l__siunitx_table_uncert_box=\box73
\l__siunitx_table_before_box=\box74
\l__siunitx_table_after_box=\box75
\l__siunitx_table_before_dim=\dimen288
\l__siunitx_table_carry_dim=\dimen289
\l__siunitx_unit_tmp_int=\count313
\l__siunitx_unit_position_int=\count314
\l__siunitx_unit_total_int=\count315
 (/usr/share/texlive/texmf-dist/tex/latex/tools/array.sty
Package: array 2022/09/04 v2.5g Tabular extension package (FMi)
\col@sep=\dimen290
\ar@mcellbox=\box76
\extrarowheight=\dimen291
\NC@list=\toks46
\extratabsurround=\skip63
\backup@length=\skip64
\ar@cellbox=\box77
)) (/usr/share/texlive/texmf-dist/tex/latex/booktabs/booktabs.sty
Package: booktabs 2020/01/12 v1.61803398 Publication quality tables
\heavyrulewidth=\dimen292
\lightrulewidth=\dimen293
\cmidrulewidth=\dimen294
\belowrulesep=\dimen295
\belowbottomsep=\dimen296
\aboverulesep=\dimen297
\abovetopsep=\dimen298
\cmidrulesep=\dimen299
\cmidrulekern=\dimen300
\defaultaddspace=\dimen301
\@cmidla=\count316
\@cmidlb=\count317
\@aboverulesep=\dimen302
\@belowrulesep=\dimen303
\@thisruleclass=\count318
\@lastruleclass=\count319
\@thisrulewidth=\dimen304
) (/usr/share/texlive/texmf-dist/tex/latex/multirow/multirow.sty
Package: multirow 2021/03/15 v2.8 Span multiple rows of a table
\multirow@colwidth=\skip65
\multirow@cntb=\count320
\multirow@dima=\skip66
\bigstrutjot=\dimen305
) (/usr/share/texlive/texmf-dist/tex/latex/colortbl/colortbl.sty
Package: colortbl 2022/06/20 v1.0f Color table columns (DPC)
\everycr=\toks47
\minrowclearance=\skip67
\rownum=\count321
) (/usr/share/texlive/texmf-dist/tex/latex/spreadtab/spreadtab.sty
Package: spreadtab 2019/02/27 v0.5 Spreadsheet features for table environments (CT)
 (/usr/share/texlive/texmf-dist/tex/generic/xstring/xstring.sty (/usr/share/texlive/texmf-dist/tex/generic/xstring/xstring.tex
\integerpart=\count322
\decimalpart=\count323
)
Package: xstring 2023/01/14 v1.85 String manipulations (CT)
) (/usr/share/texlive/texmf-dist/tex/latex/fp/fp.sty
Package: fp 1995/04/02
 `Fixed Point Package', Version 0.8, April 2, 1995 (C) Michael Mehlich (/usr/share/texlive/texmf-dist/tex/latex/fp/defpattern.sty
Package: defpattern 1994/10/12
\actioncount=\count324
) (/usr/share/texlive/texmf-dist/tex/latex/fp/fp-basic.sty
Package: fp-basic 1996/05/13
\FP@xs=\count325
\FP@xia=\count326
\FP@xib=\count327
\FP@xfa=\count328
\FP@xfb=\count329
\FP@rega=\count330
\FP@regb=\count331
\FP@regs=\count332
\FP@times=\count333
) (/usr/share/texlive/texmf-dist/tex/latex/fp/fp-addons.sty
Package: fp-addons 1995/03/15
) (/usr/share/texlive/texmf-dist/tex/latex/fp/fp-snap.sty
Package: fp-snap 1995/04/05
) (/usr/share/texlive/texmf-dist/tex/latex/fp/fp-exp.sty
Package: fp-exp 1995/04/03
) (/usr/share/texlive/texmf-dist/tex/latex/fp/fp-trigo.sty
Package: fp-trigo 1995/04/14
) (/usr/share/texlive/texmf-dist/tex/latex/fp/fp-pas.sty
Package: fp-pas 1994/08/29
) (/usr/share/texlive/texmf-dist/tex/latex/fp/fp-random.sty
Package: fp-random 1995/02/23
\FPseed=\count334
) (/usr/share/texlive/texmf-dist/tex/latex/fp/fp-eqn.sty
Package: fp-eqn 1995/04/03
) (/usr/share/texlive/texmf-dist/tex/latex/fp/fp-upn.sty
Package: fp-upn 1996/10/21
) (/usr/share/texlive/texmf-dist/tex/latex/fp/fp-eval.sty
Package: fp-eval 1995/04/03
)) spreadtab message: FP calc engine now active
\ST@count=\count335
\ST@colcount=\count336
\ST@colcount@i=\count337
\ST@rowcount=\count338
\ST@rowcount@i=\count339
\ST@intpart=\count340
) (/usr/share/texlive/texmf-dist/tex/latex/tools/longtable.sty
Package: longtable 2021-09-01 v4.17 Multi-page Table package (DPC)
\LTleft=\skip68
\LTright=\skip69
\LTpre=\skip70
\LTpost=\skip71
\LTchunksize=\count341
\LTcapwidth=\dimen306
\LT@head=\box78
\LT@firsthead=\box79
\LT@foot=\box80
\LT@lastfoot=\box81
\LT@gbox=\box82
\LT@cols=\count342
\LT@rows=\count343
\c@LT@tables=\count344
\c@LT@chunks=\count345
\LT@p@ftn=\toks48
) (/usr/share/texlive/texmf-dist/tex/latex/pdflscape/pdflscape.sty
Package: pdflscape 2022-10-27 v0.13 Display of landscape pages in PDF
 (/usr/share/texlive/texmf-dist/tex/latex/pdflscape/pdflscape-nometadata.sty
Package: pdflscape-nometadata 2022-10-28 v0.13 Display of landscape pages in PDF (HO)
 (/usr/share/texlive/texmf-dist/tex/latex/graphics/lscape.sty
Package: lscape 2020/05/28 v3.02 Landscape Pages (DPC)
)
Package pdflscape Info: Auto-detected driver: pdftex on input line 81.
)) (/usr/share/texlive/texmf-dist/tex/latex/float/float.sty
Package: float 2001/11/08 v1.3d Float enhancements (AL)
\c@float@type=\count346
\float@exts=\toks49
\float@box=\box83
\@float@everytoks=\toks50
\@floatcapt=\box84
) (/usr/share/texlive/texmf-dist/tex/latex/subfigure/subfigure.sty
Package: subfigure 2002/03/15 v2.1.5 subfigure package
\subfigtopskip=\skip72
\subfigcapskip=\skip73
\subfigcaptopadj=\dimen307
\subfigbottomskip=\skip74
\subfigcapmargin=\dimen308
\subfiglabelskip=\skip75
\c@subfigure=\count347
\c@lofdepth=\count348
\c@subtable=\count349
\c@lotdepth=\count350

****************************************
* Local config file subfigure.cfg used *
****************************************
(/usr/share/texlive/texmf-dist/tex/latex/subfigure/subfigure.cfg)
\subfig@top=\skip76
\subfig@bottom=\skip77
) (/usr/share/texlive/texmf-dist/tex/latex/caption/caption.sty
Package: caption 2022/03/01 v3.6b Customizing captions (AR)
 (/usr/share/texlive/texmf-dist/tex/latex/caption/caption3.sty
Package: caption3 2022/03/17 v2.3b caption3 kernel (AR)
\caption@tempdima=\dimen309
\captionmargin=\dimen310
\caption@leftmargin=\dimen311
\caption@rightmargin=\dimen312
\caption@width=\dimen313
\caption@indent=\dimen314
\caption@parindent=\dimen315
\caption@hangindent=\dimen316
Package caption Info: Standard document class detected.
)
\c@caption@flags=\count351
\c@continuedfloat=\count352
Package caption Info: float package is loaded.
Package caption Info: longtable package is loaded.
 (/usr/share/texlive/texmf-dist/tex/latex/caption/ltcaption.sty
Package: ltcaption 2021/01/08 v1.4c longtable captions (AR)
)
Package caption Info: subfigure package is loaded.
) (/usr/share/texlive/texmf-dist/tex/latex/algorithm2e/algorithm2e.sty
Package: algorithm2e 2017/07/18 v5.2 algorithms environments
\c@AlgoLine=\count353
\algocf@hangindent=\skip78
 (/usr/share/texlive/texmf-dist/tex/latex/ifoddpage/ifoddpage.sty
Package: ifoddpage 2022/10/18 v1.2 Conditionals for odd/even page detection
\c@checkoddpage=\count354
) (/usr/share/texlive/texmf-dist/tex/latex/tools/xspace.sty
Package: xspace 2014/10/28 v1.13 Space after command names (DPC,MH)
)
\skiptotal=\skip79
\skiplinenumber=\skip80
\skiprule=\skip81
\skiphlne=\skip82
\skiptext=\skip83
\skiplength=\skip84
\algomargin=\skip85
\skipalgocfslide=\skip86
\algowidth=\dimen317
\inoutsize=\dimen318
\inoutindent=\dimen319
\interspacetitleruled=\dimen320
\interspacealgoruled=\dimen321
\interspacetitleboxruled=\dimen322
\algocf@ruledwidth=\skip87
\algocf@inoutbox=\box85
\algocf@inputbox=\box86
\AlCapSkip=\skip88
\AlCapHSkip=\skip89
\algoskipindent=\skip90
\algocf@nlbox=\box87
\algocf@hangingbox=\box88
\algocf@untilbox=\box89
\algocf@skipuntil=\skip91
\algocf@capbox=\box90
\algocf@lcaptionbox=\skip92
\algoheightruledefault=\skip93
\algoheightrule=\skip94
\algotitleheightruledefault=\skip95
\algotitleheightrule=\skip96
\c@algocfline=\count355
\c@algocfproc=\count356
\c@algocf=\count357
\algocf@algoframe=\box91
\algocf@algobox=\box92
) (/usr/share/texlive/texmf-dist/tex/latex/listings/listings.sty
\lst@mode=\count358
\lst@gtempboxa=\box93
\lst@token=\toks51
\lst@length=\count359
\lst@currlwidth=\dimen323
\lst@column=\count360
\lst@pos=\count361
\lst@lostspace=\dimen324
\lst@width=\dimen325
\lst@newlines=\count362
\lst@lineno=\count363
\lst@maxwidth=\dimen326
 (/usr/share/texlive/texmf-dist/tex/latex/listings/lstmisc.sty
File: lstmisc.sty 2020/03/24 1.8d (Carsten Heinz)
\c@lstnumber=\count364
\lst@skipnumbers=\count365
\lst@framebox=\box94
) (/usr/share/texlive/texmf-dist/tex/latex/listings/listings.cfg
File: listings.cfg 2020/03/24 1.8d listings configuration
))
Package: listings 2020/03/24 1.8d (Carsten Heinz)
 (./mcode.sty
-- Package: `mcode' 2.5 <2014/03/06> --
Package: mcode 2014/03/06 2.5
 - settings optimized for display (colour formating)
 - line numbering enabled
) (/usr/share/texlive/texmf-dist/tex/latex/epigraph/epigraph.sty
Package: epigraph 2020/01/02 v1.5e typesetting epigraphs
 (/usr/share/texlive/texmf-dist/tex/latex/nextpage/nextpage.sty
Package: nextpage 2009/09/03 v1.1a additional page commands
)
\beforeepigraphskip=\skip97
\afterepigraphskip=\skip98
\epigraphwidth=\skip99
\epigraphrule=\skip100
) (/usr/share/texlive/texmf-dist/tex/latex/todonotes/todonotes.sty
Package: todonotes 2021/06/04 v1.1.5 Todonotes source and documentation.
Package: todonotes 2021/06/04
 (/usr/share/texlive/texmf-dist/tex/latex/xkeyval/xkeyval.sty
Package: xkeyval 2022/06/16 v2.9 package option processing (HA)
 (/usr/share/texlive/texmf-dist/tex/generic/xkeyval/xkeyval.tex (/usr/share/texlive/texmf-dist/tex/generic/xkeyval/xkvutils.tex
\XKV@toks=\toks52
\XKV@tempa@toks=\toks53
)
\XKV@depth=\count366
File: xkeyval.tex 2014/12/03 v2.7a key=value parser (HA)
))
\c@@todonotes@numberoftodonotes=\count367
) (/usr/share/texlive/texmf-dist/tex/latex/changes/changes.sty
Package: changes 2021/07/15 v4.2.1 changes package

*** changes package 2021/07/15 v4.2.1 ***
ulem-option 'normalem,normalbf', passed to package ulem
truncate-option 'breakall,fit', passed to package truncate
changes-option 'authormarkup=superscript'
changes-option 'authormarkuptext=id'
changes-option 'markup=underlined'
ulem-option 'ULforem,normalbf', passed to package ulem
(/usr/share/texlive/texmf-dist/tex/generic/ulem/ulem.sty
\UL@box=\box95
\UL@hyphenbox=\box96
\UL@skip=\skip101
\UL@hook=\toks54
\UL@height=\dimen327
\UL@pe=\count368
\UL@pixel=\dimen328
\ULC@box=\box97
Package: ulem 2019/11/18
\ULdepth=\dimen329
)
\c@Changes@AuthorCount=\count369
\c@Changes@Author=\count370
\c@Changes@addedCount=\count371
\c@Changes@deletedCount=\count372
\c@Changes@replacedCount=\count373
\c@Changes@highlightCount=\count374
\c@Changes@commentCount=\count375
\c@authorcommentcount=\count376
 (/usr/share/texlive/texmf-dist/tex/latex/truncate/truncate.sty
Package: truncate 2001/08/20  ver 3.6
\@Trunc@RestHyph=\toks55
)
\Changestruncatewidth=\skip102
\Changes@summary@width=\skip103
) (/usr/share/texlive/texmf-dist/tex/latex/setspace/setspace.sty
Package: setspace 2022/12/04 v6.7b set line spacing
) (/usr/share/texlive/texmf-dist/tex/latex/paralist/paralist.sty
Package: paralist 2017/01/22 v2.7 Extended list environments
\pltopsep=\skip104
\plpartopsep=\skip105
\plitemsep=\skip106
\plparsep=\skip107
\pl@lab=\toks56
) (/usr/share/texlive/texmf-dist/tex/latex/cite/cite.sty
LaTeX Info: Redefining \cite on input line 302.
LaTeX Info: Redefining \nocite on input line 332.
Package: cite 2015/02/27  v 5.5
) (/usr/share/texlive/texmf-dist/tex/latex/acronym/acronym.sty
Package: acronym 2020/04/17 v1.47 Support for acronyms (Tobias Oetiker)
 (/usr/share/texlive/texmf-dist/tex/latex/bigfoot/suffix.sty
Package: suffix 2006/07/15 1.5a Variant command support
)
\AC@clearlist=\toks57
) (/usr/share/texlive/texmf-dist/tex/latex/hyperref/hyperref.sty
Package: hyperref 2022-11-13 v7.00u Hypertext links for LaTeX
 (/usr/share/texlive/texmf-dist/tex/latex/kvsetkeys/kvsetkeys.sty
Package: kvsetkeys 2022-10-05 v1.19 Key value parser (HO)
) (/usr/share/texlive/texmf-dist/tex/generic/kvdefinekeys/kvdefinekeys.sty
Package: kvdefinekeys 2019-12-19 v1.6 Define keys (HO)
) (/usr/share/texlive/texmf-dist/tex/generic/pdfescape/pdfescape.sty
Package: pdfescape 2019/12/09 v1.15 Implements pdfTeX's escape features (HO)
) (/usr/share/texlive/texmf-dist/tex/latex/hycolor/hycolor.sty
Package: hycolor 2020-01-27 v1.10 Color options for hyperref/bookmark (HO)
) (/usr/share/texlive/texmf-dist/tex/latex/letltxmacro/letltxmacro.sty
Package: letltxmacro 2019/12/03 v1.6 Let assignment for LaTeX macros (HO)
) (/usr/share/texlive/texmf-dist/tex/latex/auxhook/auxhook.sty
Package: auxhook 2019-12-17 v1.6 Hooks for auxiliary files (HO)
) (/usr/share/texlive/texmf-dist/tex/latex/hyperref/nameref.sty
Package: nameref 2022-05-17 v2.50 Cross-referencing by name of section
 (/usr/share/texlive/texmf-dist/tex/latex/refcount/refcount.sty
Package: refcount 2019/12/15 v3.6 Data extraction from label references (HO)
) (/usr/share/texlive/texmf-dist/tex/generic/gettitlestring/gettitlestring.sty
Package: gettitlestring 2019/12/15 v1.6 Cleanup title references (HO)
 (/usr/share/texlive/texmf-dist/tex/latex/kvoptions/kvoptions.sty
Package: kvoptions 2022-06-15 v3.15 Key value format for package options (HO)
))
\c@section@level=\count377
)
\@linkdim=\dimen330
\Hy@linkcounter=\count378
\Hy@pagecounter=\count379
 (/usr/share/texlive/texmf-dist/tex/latex/hyperref/pd1enc.def
File: pd1enc.def 2022-11-13 v7.00u Hyperref: PDFDocEncoding definition (HO)
) (/usr/share/texlive/texmf-dist/tex/generic/intcalc/intcalc.sty
Package: intcalc 2019/12/15 v1.3 Expandable calculations with integers (HO)
) (/usr/share/texlive/texmf-dist/tex/generic/etexcmds/etexcmds.sty
Package: etexcmds 2019/12/15 v1.7 Avoid name clashes with e-TeX commands (HO)
)
\Hy@SavedSpaceFactor=\count380
 (/usr/share/texlive/texmf-dist/tex/latex/hyperref/puenc.def
File: puenc.def 2022-11-13 v7.00u Hyperref: PDF Unicode definition (HO)
)
Package hyperref Info: Hyper figures OFF on input line 4162.
Package hyperref Info: Link nesting OFF on input line 4167.
Package hyperref Info: Hyper index ON on input line 4170.
Package hyperref Info: Plain pages OFF on input line 4177.
Package hyperref Info: Backreferencing OFF on input line 4182.
Package hyperref Info: Implicit mode ON; LaTeX internals redefined.
Package hyperref Info: Bookmarks ON on input line 4410.
\c@Hy@tempcnt=\count381
 (/usr/share/texlive/texmf-dist/tex/latex/url/url.sty
\Urlmuskip=\muskip17
Package: url 2013/09/16  ver 3.4  Verb mode for urls, etc.
)
LaTeX Info: Redefining \url on input line 4748.
\XeTeXLinkMargin=\dimen331
 (/usr/share/texlive/texmf-dist/tex/generic/bitset/bitset.sty
Package: bitset 2019/12/09 v1.3 Handle bit-vector datatype (HO)
 (/usr/share/texlive/texmf-dist/tex/generic/bigintcalc/bigintcalc.sty
Package: bigintcalc 2019/12/15 v1.5 Expandable calculations on big integers (HO)
))
\Fld@menulength=\count382
\Field@Width=\dimen332
\Fld@charsize=\dimen333
Package hyperref Info: Hyper figures OFF on input line 6027.
Package hyperref Info: Link nesting OFF on input line 6032.
Package hyperref Info: Hyper index ON on input line 6035.
Package hyperref Info: backreferencing OFF on input line 6042.
Package hyperref Info: Link coloring OFF on input line 6047.
Package hyperref Info: Link coloring with OCG OFF on input line 6052.
Package hyperref Info: PDF/A mode OFF on input line 6057.
 (/usr/share/texlive/texmf-dist/tex/latex/base/atbegshi-ltx.sty
Package: atbegshi-ltx 2021/01/10 v1.0c Emulation of the original atbegshi
package with kernel methods
)
\Hy@abspage=\count383
\c@Item=\count384
\c@Hfootnote=\count385
)
Package hyperref Info: Driver (autodetected): hpdftex.
 (/usr/share/texlive/texmf-dist/tex/latex/hyperref/hpdftex.def
File: hpdftex.def 2022-11-13 v7.00u Hyperref driver for pdfTeX
 (/usr/share/texlive/texmf-dist/tex/latex/base/atveryend-ltx.sty
Package: atveryend-ltx 2020/08/19 v1.0a Emulation of the original atveryend package
with kernel methods
)
\Fld@listcount=\count386
\c@bookmark@seq@number=\count387
 (/usr/share/texlive/texmf-dist/tex/latex/rerunfilecheck/rerunfilecheck.sty
Package: rerunfilecheck 2022-07-10 v1.10 Rerun checks for auxiliary files (HO)
 (/usr/share/texlive/texmf-dist/tex/generic/uniquecounter/uniquecounter.sty
Package: uniquecounter 2019/12/15 v1.4 Provide unlimited unique counter (HO)
)
Package uniquecounter Info: New unique counter `rerunfilecheck' on input line 285.
)
\Hy@SectionHShift=\skip108
)
Package hyperref Info: Option `colorlinks' set `true' on input line 224.
Package hyperref Info: Option `breaklinks' set `true' on input line 224.
Package hyperref Info: Option `bookmarksnumbered' set `true' on input line 224.
Package hyperref Info: Option `bookmarksopen' set `true' on input line 224.
 (/usr/share/texlive/texmf-dist/tex/latex/cleveref/cleveref.sty
Package: cleveref 2018/03/27 v0.21.4 Intelligent cross-referencing
Package cleveref Info: `hyperref' support loaded on input line 2370.
LaTeX Info: Redefining \cref on input line 2370.
LaTeX Info: Redefining \Cref on input line 2370.
LaTeX Info: Redefining \crefrange on input line 2370.
LaTeX Info: Redefining \Crefrange on input line 2370.
LaTeX Info: Redefining \cpageref on input line 2370.
LaTeX Info: Redefining \Cpageref on input line 2370.
LaTeX Info: Redefining \cpagerefrange on input line 2370.
LaTeX Info: Redefining \Cpagerefrange on input line 2370.
LaTeX Info: Redefining \labelcref on input line 2370.
LaTeX Info: Redefining \labelcpageref on input line 2370.
Package cleveref Info: `amsthm' support loaded on input line 3026.
Package cleveref Info: `listings' support loaded on input line 3131.
Package cleveref Info: `algorithm2e' support loaded on input line 3147.
) (/usr/share/texlive/texmf-dist/tex/latex/enumitem/enumitem.sty
Package: enumitem 2019/06/20 v3.9 Customized lists
\labelindent=\skip109
\enit@outerparindent=\dimen334
\enit@toks=\toks58
\enit@inbox=\box98
\enit@count@id=\count388
\enitdp@description=\count389
) (/usr/share/texlive/texmf-dist/tex/latex/glossaries/base/glossaries.sty
Package: glossaries 2022/11/03 v4.52 (NLCT)
 (/usr/share/texlive/texmf-dist/tex/latex/mfirstuc/mfirstuc.sty
Package: mfirstuc 2022/10/14 v2.08 (NLCT)
\@glsmfirst=\toks59
\@glsmrest=\toks60
) (/usr/share/texlive/texmf-dist/tex/latex/xfor/xfor.sty
Package: xfor 2009/02/05 v1.05 (NLCT)
) (/usr/share/texlive/texmf-dist/tex/latex/datatool/datatool-base.sty
Package: datatool-base 2019/09/27 v2.32 (NLCT)
 (/usr/share/texlive/texmf-dist/tex/latex/substr/substr.sty
Package: substr 2009/10/20 v1.2 Handle substrings
\c@su@anzahl=\count390
) (/usr/share/texlive/texmf-dist/tex/latex/datatool/datatool-fp.sty
Package: datatool-fp 2019/09/27 v2.32 (NLCT)
)
\@dtl@toks=\toks61
\@dtl@tmpcount=\count391
\dtl@tmplength=\skip110
\dtl@sortresult=\count392
\@dtl@numgrpsepcount=\count393
\@dtl@datatype=\count394
\dtl@codeA=\count395
\dtl@codeB=\count396
\@dtl@foreach@level=\count397
) (/usr/share/texlive/texmf-dist/tex/latex/tracklang/tracklang.sty
Package: tracklang 2022/12/13 v1.6.1 (NLCT) Track Languages
 (/usr/share/texlive/texmf-dist/tex/generic/tracklang/tracklang.tex)) (/usr/share/texlive/texmf-dist/tex/latex/translator/translator.sty
Package: translator 2021-05-31 v1.12d Easy translation of strings in LaTeX
) (/usr/share/texlive/texmf-dist/tex/latex/glossaries-english/glossaries-english.ldf
File: glossaries-english.ldf 2014/11/23 v1.0
) (/usr/share/texlive/texmf-dist/tex/latex/glossaries-portuges/glossaries-portuges.ldf
File: glossaries-portuges.ldf 2014/11/23 v1.0
 (/usr/share/texlive/texmf-dist/tex/latex/glossaries-portuges/glossaries-portuges-noenc.ldf))
\gls@level=\count398
\@gls@tmpb=\toks62
\gls@tmplen=\skip111
\glskeylisttok=\toks63
\glslabeltok=\toks64
\glsshorttok=\toks65
\glslongtok=\toks66
 (/usr/share/texlive/texmf-dist/tex/latex/glossaries/styles/glossary-hypernav.sty
Package: glossary-hypernav 2022/11/03 v4.52 (NLCT)
) (/usr/share/texlive/texmf-dist/tex/latex/glossaries/styles/glossary-list.sty
Package: glossary-list 2022/11/03 v4.52 (NLCT)
\glslistdottedwidth=\skip112
) (/usr/share/texlive/texmf-dist/tex/latex/glossaries/styles/glossary-long.sty
Package: glossary-long 2022/11/03 v4.52 (NLCT)
\glsdescwidth=\skip113
\glspagelistwidth=\skip114
) (/usr/share/texlive/texmf-dist/tex/latex/glossaries/styles/glossary-super.sty
Package: glossary-super 2022/11/03 v4.52 (NLCT)
 (/usr/share/texlive/texmf-dist/tex/latex/supertabular/supertabular.sty
Package: supertabular 2020/02/02 v4.1g the supertabular environment
\c@tracingst=\count399
\ST@wd=\dimen335
\ST@rightskip=\skip115
\ST@leftskip=\skip116
\ST@parfillskip=\skip117
\ST@pageleft=\dimen336
\ST@headht=\dimen337
\ST@tailht=\dimen338
\ST@pagesofar=\dimen339
\ST@pboxht=\dimen340
\ST@lineht=\dimen341
\ST@prevht=\dimen342
\ST@toadd=\dimen343
\ST@dimen=\dimen344
\ST@pbox=\box99
)) (/usr/share/texlive/texmf-dist/tex/latex/glossaries/styles/glossary-tree.sty
Package: glossary-tree 2022/11/03 v4.52 (NLCT)
\glstreeindent=\skip118
)) (/usr/share/texlive/texmf-dist/tex/latex/glossaries-extra/glossaries-extra.sty
Package: glossaries-extra 2022/11/08 v1.50 (NLCT)
\@glsxtr@leveloffset=\count400
\glsxtrresourcecount=\count401
\@glsxtrnewgls@inner=\count402
\glsshortpltok=\toks67
\glslongpltok=\toks68
 (/usr/share/texlive/texmf-dist/tex/latex/glossaries-extra/glossaries-extra-abbrstyles.def
File: glossaries-extra-abbrstyles.def 2022/06/16 v1.48b (NLCT)
)
\mglselementindex=\count403
)
\glswrite=\write4
\glo@main@file=\write5
\openout5 = `Thesis-MSc-Main_Document.glo'.

Package glossaries Info: Writing glossary file Thesis-MSc-Main_Document.glo on input line 277.
 (./Chapters/Thesis-MSc-Glossary.tex) (./Thesis-MSc-cover-titlepage.sty) (/usr/share/texlive/texmf-dist/tex/latex/fancyhdr/fancyhdr.sty
Package: fancyhdr 2022/11/09 v4.1 Extensive control of page headers and footers
\f@nch@headwidth=\skip119
\f@nch@O@elh=\skip120
\f@nch@O@erh=\skip121
\f@nch@O@olh=\skip122
\f@nch@O@orh=\skip123
\f@nch@O@elf=\skip124
\f@nch@O@erf=\skip125
\f@nch@O@olf=\skip126
\f@nch@O@orf=\skip127
) (/usr/share/texlive/texmf-dist/tex/latex/minitoc/minitoc.sty
Package: minitoc 2018/07/12 v62 Package minitoc
 (/usr/share/texlive/texmf-dist/tex/latex/minitoc/mtcmess.sty
Package: mtcmess 2006/03/14
)
Package minitoc Info: I0001
(minitoc)             *** minitoc package, version 62 ***.
\tf@mtc=\write6
\mtcindent=\skip128
\mtcskipamount=\skip129
Package minitoc Info: I0005
(minitoc)             compatible with hyperref.
Package minitoc Info: I0023
(minitoc)             part level macros available.
Package minitoc Info: I0003
(minitoc)             chapter level macros available.
\mtc@toks=\toks69
\mtc@strutbox=\box100
\mtc@hstrutbox=\box101
Package minitoc Info: I0002
(minitoc)             Autoconfiguration of extensions.
\openout6 = `Thesis-MSc-Main_Document.mtc0'.

\openout6 = `Thesis-MSc-Main_Document.mtc'.

 (./Thesis-MSc-Main_Document.mtc0)
Package minitoc Info: I0012
(minitoc)             Long extensions (Unix-like) will be used.
Package minitoc Info: I0031
(minitoc)             ==> this version is configured for UNIX-like 
(minitoc)                 (long extensions) file names.
\openout6 = `Thesis-MSc-Main_Document.mtc'.

\openout6 = `Thesis-MSc-Main_Document.mtc0'.

\c@mtc=\count404
\c@minitocdepth=\count405
\c@ptc=\count406
\c@parttocdepth=\count407
\ptcindent=\skip130
Package minitoc Info: I0010
(minitoc)             The english language is selected.
(minitoc)              on input line 4910.
 (/usr/share/texlive/texmf-dist/tex/latex/minitoc/english.mld
File: english.mld 2006/01/13
) (/usr/share/texlive/texmf-dist/tex/latex/minitoc/english.mld
File: english.mld 2006/01/13
))
Package minitoc Info: I0010
(minitoc)             The english language is selected.
(minitoc)              on input line 360.
 (/usr/share/texlive/texmf-dist/tex/latex/minitoc/english.mld
File: english.mld 2006/01/13
))
LaTeX Font Info:    Trying to load font information for OT1+phv on input line 45.
 (/usr/share/texlive/texmf-dist/tex/latex/psnfss/ot1phv.fd
File: ot1phv.fd 2020/03/25 scalable font definitions for OT1/phv.
) (./Thesis-MSc-Main_Document.aux)
\openout1 = `Thesis-MSc-Main_Document.aux'.

LaTeX Font Info:    Checking defaults for OML/cmm/m/it on input line 45.
LaTeX Font Info:    ... okay on input line 45.
LaTeX Font Info:    Checking defaults for OMS/cmsy/m/n on input line 45.
LaTeX Font Info:    ... okay on input line 45.
LaTeX Font Info:    Checking defaults for OT1/cmr/m/n on input line 45.
LaTeX Font Info:    ... okay on input line 45.
LaTeX Font Info:    Checking defaults for T1/cmr/m/n on input line 45.
LaTeX Font Info:    ... okay on input line 45.
LaTeX Font Info:    Checking defaults for TS1/cmr/m/n on input line 45.
LaTeX Font Info:    ... okay on input line 45.
LaTeX Font Info:    Checking defaults for OMX/cmex/m/n on input line 45.
LaTeX Font Info:    ... okay on input line 45.
LaTeX Font Info:    Checking defaults for U/cmr/m/n on input line 45.
LaTeX Font Info:    ... okay on input line 45.
LaTeX Font Info:    Checking defaults for PD1/pdf/m/n on input line 45.
LaTeX Font Info:    ... okay on input line 45.
LaTeX Font Info:    Checking defaults for PU/pdf/m/n on input line 45.
LaTeX Font Info:    ... okay on input line 45.
 (/usr/share/texlive/texmf-dist/tex/context/base/mkii/supp-pdf.mkii
[Loading MPS to PDF converter (version 2006.09.02).]
\scratchcounter=\count408
\scratchdimen=\dimen345
\scratchbox=\box102
\nofMPsegments=\count409
\nofMParguments=\count410
\everyMPshowfont=\toks70
\MPscratchCnt=\count411
\MPscratchDim=\dimen346
\MPnumerator=\count412
\makeMPintoPDFobject=\count413
\everyMPtoPDFconversion=\toks71
) (/usr/share/texlive/texmf-dist/tex/latex/epstopdf-pkg/epstopdf-base.sty
Package: epstopdf-base 2020-01-24 v2.11 Base part for package epstopdf
Package epstopdf-base Info: Redefining graphics rule for `.eps' on input line 485.
 (/usr/share/texlive/texmf-dist/tex/latex/latexconfig/epstopdf-sys.cfg
File: epstopdf-sys.cfg 2010/07/13 v1.3 Configuration of (r)epstopdf for TeX Live
)) (/usr/share/texlive/texmf-dist/tex/latex/ucs/ucsencs.def
File: ucsencs.def 2011/01/21 Fixes to fontencodings LGR, T3
)

Package siunitx Warning: Detected the "physics" package:
(siunitx)                omitting definition of \qty.
(siunitx)                
(siunitx)                If you want to use \qty with the siunitx definition,
(siunitx)                add 
(siunitx)                
(siunitx)                    \AtBeginDocument{\RenewCommandCopy\qty\SI}
(siunitx)                
(siunitx)                to your preamble.

(/usr/share/texlive/texmf-dist/tex/latex/translations/translations-basic-dictionary-english.trsl
File: translations-basic-dictionary-english.trsl (english translation file `translations-basic-dictionary')
)
Package translations Info: loading dictionary `translations-basic-dictionary' for `english'. on input line 45.
Package translations Info: no dictionary file `translations-basic-dictionary-portuges.trsl' found. on input line 45.
Package caption Info: Begin \AtBeginDocument code.
Package caption Info: hyperref package is loaded.
Package caption Info: listings package is loaded.
Package caption Info: supertabular package is loaded.
Package caption Info: End \AtBeginDocument code.
\c@lstlisting=\count414
Package hyperref Info: Link coloring ON on input line 45.
 (./Thesis-MSc-Main_Document.out) (./Thesis-MSc-Main_Document.out)
\@outlinefile=\write7
\openout7 = `Thesis-MSc-Main_Document.out'.

\c@minilofdepth=\count415
\c@minilotdepth=\count416
\c@partlofdepth=\count417
\c@partlotdepth=\count418
\c@sectlofdepth=\count419
\c@sectlotdepth=\count420
Package minitoc(hints) Info: I0049
(minitoc(hints))             ==> You requested the hints option. 
(minitoc(hints))             Some hints are eventually given below.
Package cleveref Info: loaded `english' language definitions on input line 45.
Package scrbase Info: activating english \lstlistingname on input line 45.
Package cleveref Info: loaded `english' language definitions on input line 45.
Package scrbase Info: activating english \lstlistlistingname on input line 45.
 (./Thesis-MSc-Front_Cover.tex
\c@Changes@addedCountMN=\count421
\c@Changes@deletedCountMN=\count422
\c@Changes@replacedCountMN=\count423
\c@Changes@highlightCountMN=\count424
\c@Changes@commentCountMN=\count425
\c@Changes@addedCountJO=\count426
\c@Changes@deletedCountJO=\count427
\c@Changes@replacedCountJO=\count428
\c@Changes@highlightCountJO=\count429
\c@Changes@commentCountJO=\count430
\c@Changes@addedCountPT=\count431
\c@Changes@deletedCountPT=\count432
\c@Changes@replacedCountPT=\count433
\c@Changes@highlightCountPT=\count434
\c@Changes@commentCountPT=\count435
)
TextBlockOrigin set to -5mm x 0mm
<./Images/IST_A_RGB_POS.png, id=198, 509.905pt x 198.7425pt>
File: ./Images/IST_A_RGB_POS.png Graphic file (type png)
<use ./Images/IST_A_RGB_POS.png>
Package pdftex.def Info: ./Images/IST_A_RGB_POS.png  used on input line 51.
(pdftex.def)             Requested size: 142.26378pt x 55.4504pt.
TextBlockOrigin set to 0pt x 0pt
<./Images/tecnico-lisboa.jpg, id=200, 455.7025pt x 121.45375pt>
File: ./Images/tecnico-lisboa.jpg Graphic file (type jpg)
<use ./Images/tecnico-lisboa.jpg>
Package pdftex.def Info: ./Images/tecnico-lisboa.jpg  used on input line 51.
(pdftex.def)             Requested size: 455.70137pt x 121.45343pt.

Overfull \hbox (0.45729pt too wide) in paragraph at lines 51--51
 [][] 
 []

(/usr/share/texlive/texmf-dist/tex/latex/ucs/data/uni-0.def
File: uni-0.def 2022/08/07 UCS: Unicode data U+0000..U+00FF
) [1{/var/lib/texmf/fonts/map/pdftex/updmap/pdftex.map}

\openout4 = `Thesis-MSc-Main_Document.xdy'.

 <./Images/IST_A_RGB_POS.png> <./Images/tecnico-lisboa.jpg>]
TextBlockOrigin set to 0pt x 0pt
(./Thesis-MSc-copyright.tex (/usr/share/texlive/texmf-dist/tex/latex/ucs/data/uni-32.def
File: uni-32.def 2022/08/07 UCS: Unicode data U+2000..U+20FF
)
LaTeX Font Info:    Trying to load font information for U+msa on input line 12.
 (/usr/share/texlive/texmf-dist/tex/latex/amsfonts/umsa.fd
File: umsa.fd 2013/01/14 v3.01 AMS symbols A
)
LaTeX Font Info:    Trying to load font information for U+msb on input line 12.
 (/usr/share/texlive/texmf-dist/tex/latex/amsfonts/umsb.fd
File: umsb.fd 2013/01/14 v3.01 AMS symbols B
)
LaTeX Font Info:    Font shape `OT1/phv/m/it' in size <9> not available
(Font)              Font shape `OT1/phv/m/sl' tried instead on input line 12.
) [2



] (./Chapters/Thesis-MSc-Acknowledgments.tex) [1] [2


] (./Chapters/Thesis-MSc-Abstract-EN-Abstract.tex) (./Chapters/Thesis-MSc-Abstract-EN-KeyWords.tex) [3

] [4


] (./Chapters/Thesis-MSc-Abstract-PT-Resumo.tex) (./Chapters/Thesis-MSc-Abstract-PT-PalavrasChave.tex) [5

] [6


]
Package minitoc Info: I0024
(minitoc)             PREPARING MINITOCS FROM Thesis-MSc-Main_Document.toc on input line 99.
Package minitoc Info: I0033
(minitoc)             Writing Thesis-MSc-Main_Document.mtc1.
\openout6 = `Thesis-MSc-Main_Document.mtc1'.

Package minitoc Info: I0033
(minitoc)             Writing Thesis-MSc-Main_Document.mtc2.
\openout6 = `Thesis-MSc-Main_Document.mtc2'.

Package minitoc Info: I0033
(minitoc)             Writing Thesis-MSc-Main_Document.mtc3.
\openout6 = `Thesis-MSc-Main_Document.mtc3'.

Package minitoc Info: I0033
(minitoc)             Writing Thesis-MSc-Main_Document.mtc4.
\openout6 = `Thesis-MSc-Main_Document.mtc4'.

Package minitoc Info: I0033
(minitoc)             Writing Thesis-MSc-Main_Document.mtc5.
\openout6 = `Thesis-MSc-Main_Document.mtc5'.

Package minitoc Info: I0033
(minitoc)             Writing Thesis-MSc-Main_Document.mtc6.
\openout6 = `Thesis-MSc-Main_Document.mtc6'.

Package minitoc Info: I0033
(minitoc)             Writing Thesis-MSc-Main_Document.mtc7.
\openout6 = `Thesis-MSc-Main_Document.mtc7'.

Package minitoc Info: I0033
(minitoc)             Writing Thesis-MSc-Main_Document.mtc8.
\openout6 = `Thesis-MSc-Main_Document.mtc8'.

Package minitoc Info: I0033
(minitoc)             Writing Thesis-MSc-Main_Document.mtc9.
\openout6 = `Thesis-MSc-Main_Document.mtc9'.

Package minitoc Info: I0033
(minitoc)             Writing Thesis-MSc-Main_Document.mtc10.
\openout6 = `Thesis-MSc-Main_Document.mtc10'.

Package minitoc Info: I0033
(minitoc)             Writing Thesis-MSc-Main_Document.mtc11.
\openout6 = `Thesis-MSc-Main_Document.mtc11'.

Package minitoc Info: I0034
(minitoc)             PREPARING MINILOFS FROM Thesis-MSc-Main_Document.lof on input line 100.
Package minitoc Info: I0033
(minitoc)             Writing Thesis-MSc-Main_Document.mlf1.
\openout6 = `Thesis-MSc-Main_Document.mlf1'.

Package minitoc Info: I0033
(minitoc)             Writing Thesis-MSc-Main_Document.mlf2.
\openout6 = `Thesis-MSc-Main_Document.mlf2'.

Package minitoc Info: I0033
(minitoc)             Writing Thesis-MSc-Main_Document.mlf3.
\openout6 = `Thesis-MSc-Main_Document.mlf3'.

Package minitoc Info: I0033
(minitoc)             Writing Thesis-MSc-Main_Document.mlf4.
\openout6 = `Thesis-MSc-Main_Document.mlf4'.

Package minitoc Info: I0033
(minitoc)             Writing Thesis-MSc-Main_Document.mlf5.
\openout6 = `Thesis-MSc-Main_Document.mlf5'.

Package minitoc Info: I0033
(minitoc)             Writing Thesis-MSc-Main_Document.mlf6.
\openout6 = `Thesis-MSc-Main_Document.mlf6'.

Package minitoc Info: I0033
(minitoc)             Writing Thesis-MSc-Main_Document.mlf7.
\openout6 = `Thesis-MSc-Main_Document.mlf7'.

Package minitoc Info: I0033
(minitoc)             Writing Thesis-MSc-Main_Document.mlf8.
\openout6 = `Thesis-MSc-Main_Document.mlf8'.

Package minitoc Info: I0033
(minitoc)             Writing Thesis-MSc-Main_Document.mlf9.
\openout6 = `Thesis-MSc-Main_Document.mlf9'.

Package minitoc Info: I0033
(minitoc)             Writing Thesis-MSc-Main_Document.mlf10.
\openout6 = `Thesis-MSc-Main_Document.mlf10'.

Package minitoc Info: I0037
(minitoc)             PREPARING MINILOTS FROM Thesis-MSc-Main_Document.lot on input line 103.
Package minitoc Info: I0033
(minitoc)             Writing Thesis-MSc-Main_Document.mlt1.
\openout6 = `Thesis-MSc-Main_Document.mlt1'.

Package minitoc Info: I0033
(minitoc)             Writing Thesis-MSc-Main_Document.mlt2.
\openout6 = `Thesis-MSc-Main_Document.mlt2'.

Package minitoc Info: I0033
(minitoc)             Writing Thesis-MSc-Main_Document.mlt3.
\openout6 = `Thesis-MSc-Main_Document.mlt3'.

Package minitoc Info: I0033
(minitoc)             Writing Thesis-MSc-Main_Document.mlt4.
\openout6 = `Thesis-MSc-Main_Document.mlt4'.

Package minitoc Info: I0033
(minitoc)             Writing Thesis-MSc-Main_Document.mlt5.
\openout6 = `Thesis-MSc-Main_Document.mlt5'.

Package minitoc Info: I0033
(minitoc)             Writing Thesis-MSc-Main_Document.mlt6.
\openout6 = `Thesis-MSc-Main_Document.mlt6'.

Package minitoc Info: I0033
(minitoc)             Writing Thesis-MSc-Main_Document.mlt7.
\openout6 = `Thesis-MSc-Main_Document.mlt7'.

Package minitoc Info: I0033
(minitoc)             Writing Thesis-MSc-Main_Document.mlt8.
\openout6 = `Thesis-MSc-Main_Document.mlt8'.

Package minitoc Info: I0033
(minitoc)             Writing Thesis-MSc-Main_Document.mlt9.
\openout6 = `Thesis-MSc-Main_Document.mlt9'.

Package minitoc Info: I0033
(minitoc)             Writing Thesis-MSc-Main_Document.mlt10.
\openout6 = `Thesis-MSc-Main_Document.mlt10'.

 (./Thesis-MSc-Main_Document.toc
Package cleveref Info: loaded `english' language definitions on input line 1.
 [7

])
\tf@toc=\write8
\openout8 = `Thesis-MSc-Main_Document.toc'.

 [8] (./Thesis-MSc-Main_Document.lof
Package cleveref Info: loaded `english' language definitions on input line 1.
)
\tf@lof=\write9
\openout9 = `Thesis-MSc-Main_Document.lof'.

 [9


] [10

] (./Thesis-MSc-Main_Document.lot
Package cleveref Info: loaded `english' language definitions on input line 1.
)
\tf@lot=\write10
\openout10 = `Thesis-MSc-Main_Document.lot'.

 [11

] [12

] (./Thesis-MSc-Main_Document.loa)
\tf@loa=\write11
\openout11 = `Thesis-MSc-Main_Document.loa'.

 [13

] [14

] (./Thesis-MSc-Main_Document.lol
LaTeX Font Info:    Trying to load font information for OT1+pcr on input line 4.
 (/usr/share/texlive/texmf-dist/tex/latex/psnfss/ot1pcr.fd
File: ot1pcr.fd 2001/06/04 font definitions for OT1/pcr.
))
\tf@lol=\write12
\openout12 = `Thesis-MSc-Main_Document.lol'.

 [15

] [16

] (./Chapters/Thesis-MSc-Acronyms.tex) [17

] [18


] (./Chapters/Thesis-MSc-Chapter_1.tex
Chapter 1.
LaTeX Font Info:    Trying to load font information for T1+pbk on input line 6.
(/usr/share/texlive/texmf-dist/tex/latex/psnfss/t1pbk.fd
File: t1pbk.fd 2001/06/04 font definitions for T1/pbk.
)
LaTeX Font Info:    Font shape `T1/pbk/b/n' in size <10> not available
(Font)              Font shape `T1/pbk/db/n' tried instead on input line 6.
LaTeX Font Info:    Font shape `T1/pbk/b/n' in size <150> not available
(Font)              Font shape `T1/pbk/db/n' tried instead on input line 6.
\openout6 = `Thesis-MSc-Main_Document.mtc'.

\openout6 = `Thesis-MSc-Main_Document.mtc'.

 (./Thesis-MSc-Main_Document.mtc1)
pdfTeX warning (ext4): destination with the same identifier (name{page.1}) has been already used, duplicate ignored
<to be read again> 
                   \relax 
l.7 \cleardoublepage
                     [1

]
pdfTeX warning (ext4): destination with the same identifier (name{page.2}) has been already used, duplicate ignored
<to be read again> 
                   \relax 
l.7 \cleardoublepage
                     [2

]
Package hyperref Info: bookmark level for unknown todo defaults to 0 on input line 10.


LaTeX Warning: Citation `Apple:2011fk' on page 3 undefined on input line 16.


LaTeX Warning: Citation `AdobeHDS:ys' on page 3 undefined on input line 16.


LaTeX Warning: Citation `A.:qy' on page 3 undefined on input line 16.


Overfull \hbox (1.99777pt too wide) in paragraph at lines 17--17
\OT1/phv/m/n/9 tesque:2014[]  
 []


Overfull \hbox (1.99777pt too wide) in paragraph at lines 17--17
\OT1/phv/m/n/9 tesque:2014[]  
 []

LaTeX Font Info:    Font shape `OT1/phv/m/it' in size <10> not available
(Font)              Font shape `OT1/phv/m/sl' tried instead on input line 20.
Package hyperref Info: bookmark level for unknown replaced defaults to 0 on input line 27.
Package hyperref Info: bookmark level for unknown added defaults to 0 on input line 27.
Package hyperref Info: bookmark level for unknown deleted defaults to 0 on input line 27.
[3]

LaTeX Warning: Reference `chap:architecture' on page 1 undefined on input line 43.

) [4] (./Chapters/Thesis_MSc-Chapter_Math-Intro.tex
Chapter 2.
\openout6 = `Thesis-MSc-Main_Document.mtc'.

\openout6 = `Thesis-MSc-Main_Document.mtc'.

(./Thesis-MSc-Main_Document.mtc2) [5


] [6

]
LaTeX Font Info:    Font shape `OT1/phv/b/it' in size <10> not available
(Font)              Font shape `OT1/phv/b/sl' tried instead on input line 18.
LaTeX Font Info:    Font shape `OT1/phv/m/it' in size <7> not available
(Font)              Font shape `OT1/phv/m/sl' tried instead on input line 24.
LaTeX Font Info:    Font shape `OT1/phv/m/it' in size <5> not available
(Font)              Font shape `OT1/phv/m/sl' tried instead on input line 24.
 [7] [8] [9]
Underfull \vbox (badness 10000) has occurred while \output is active []

 [10] [11] [12]
LaTeX Font Info:    Trying to load font information for TS1+phv on input line 221.
 (/usr/share/texlive/texmf-dist/tex/latex/psnfss/ts1phv.fd
File: ts1phv.fd 2020/03/25 scalable font definitions for TS1/phv.
) [13] [14] [15] [16] [17] [18] [19]
Overfull \hbox (3.03773pt too wide) in paragraph at lines 475--476
[]\OT1/phv/b/n/10 Remark 2.3.13. []\OT1/phv/m/sl/10 Con-sid-er-ing the in-clu-sion $\OMS/cmsy/m/n/10 D\OT1/cmr/m/n/10 (
) \OMS/cmsy/m/n/10 ^^Z \OML/cmm/m/it/10 H[]\OT1/cmr/m/n/10 (
)$\OT1/phv/m/sl/10 , it is straight-for-ward to ob-serve that $\OT1/cmr/m/n/10 (\OML/cmm/m/it/10 H[]\OT1/cmr/m/n/10 (
))[] \OMS/cmsy/m/n/10 ^^Z
 []

[20] [21]
Underfull \vbox (badness 10000) has occurred while \output is active []

 [22]) [23] [24

] (./Chapters/Thesis-MSc-Chapter_2.tex
Chapter 3.
\openout6 = `Thesis-MSc-Main_Document.mtc'.

\openout6 = `Thesis-MSc-Main_Document.mtc'.

(./Thesis-MSc-Main_Document.mtc3) [25

] [26

] [27] [28] [29]

LaTeX Warning: Reference `properties_helm' on page 30 undefined on input line 185.

[30]
Underfull \vbox (badness 10000) has occurred while \output is active []

 [31] [32] [33] [34] [35] [36] [37]
Underfull \vbox (badness 10000) has occurred while \output is active []

 [38] [39]
LaTeX Font Info:    Font shape `OT1/phv/m/it' in size <8> not available
(Font)              Font shape `OT1/phv/m/sl' tried instead on input line 638.
 [40]
Underfull \vbox (badness 10000) has occurred while \output is active []

 [41]
Underfull \vbox (badness 2318) has occurred while \output is active []

 [42]) [43] [44

] (./Chapters/Thesis-MSc-Chapter_3.tex
Chapter 4.
\openout6 = `Thesis-MSc-Main_Document.mtc'.

\openout6 = `Thesis-MSc-Main_Document.mtc'.

(./Thesis-MSc-Main_Document.mtc4) [45

] [46

]
<./Images/Flowchart_from_draw-io.pdf, id=951, 548.0475pt x 472.76625pt>
File: ./Images/Flowchart_from_draw-io.pdf Graphic file (type pdf)
<use ./Images/Flowchart_from_draw-io.pdf>
Package pdftex.def Info: ./Images/Flowchart_from_draw-io.pdf  used on input line 47.
(pdftex.def)             Requested size: 455.24408pt x 392.7205pt.


LaTeX Warning: `h' float specifier changed to `ht'.

<./Images/Network_from_draw-io.pdf, id=954, 1147.28625pt x 569.12625pt>
File: ./Images/Network_from_draw-io.pdf Graphic file (type pdf)
<use ./Images/Network_from_draw-io.pdf>
Package pdftex.def Info: ./Images/Network_from_draw-io.pdf  used on input line 58.
(pdftex.def)             Requested size: 455.24408pt x 225.82278pt.

LaTeX Warning: `h' float specifier changed to `ht'.

Package acronym Info: Label `acro:HTTP' newly defined as it shall be overridden
although it is yet undefined on input line 67.
[47]
Package acronym Info: Label `acro:CDN' newly defined as it shall be overridden
although it is yet undefined on input line 69.
Package acronym Info: Label `acro:CC' newly defined as it shall be overridden
although it is yet undefined on input line 69.
Package acronym Info: Label `acro:DASH' newly defined as it shall be overridden
although it is yet undefined on input line 71.


LaTeX Warning: Citation `ISO/IEC:2012fk' on page 48 undefined on input line 71.

Package acronym Info: Label `acro:SVC' newly defined as it shall be overridden
although it is yet undefined on input line 73.

Overfull \hbox (2.24121pt too wide) in paragraph at lines 73--74
[]\OT1/phv/m/n/10 The sys-tem should sup-port on-demand stream-ing of scal-
 []


Underfull \vbox (badness 10000) has occurred while \output is active []

 [48 <./Images/Flowchart_from_draw-io.pdf

pdfTeX warning: pdflatex (file ./Images/Flowchart_from_draw-io.pdf): PDF inclusion: invalid other resource which is no dict (key 'ProcSets', type <array>); ignored.
>]
Package acronym Info: Label `acro:LAN' newly defined as it shall be overridden
although it is yet undefined on input line 77.
Package acronym Info: Label `acro:GPRS' newly defined as it shall be overridden
although it is yet undefined on input line 77.
Package acronym Info: Label `acro:UMTS' newly defined as it shall be overridden
although it is yet undefined on input line 77.
Package acronym Info: Label `acro:LTE' newly defined as it shall be overridden
although it is yet undefined on input line 77.
 [49 <./Images/Network_from_draw-io.pdf

pdfTeX warning: pdflatex (file ./Images/Network_from_draw-io.pdf): PDF inclusion: invalid other resource which is no dict (key 'ProcSets', type <array>); ignored.
>]
Underfull \vbox (badness 1082) has occurred while \output is active []

 [50] [51])
Underfull \vbox (badness 10000) has occurred while \output is active []

 [52] [53] [54

] (./Chapters/Thesis-MSc-Chapter_4.tex
Chapter 5.
\openout6 = `Thesis-MSc-Main_Document.mtc'.

\openout6 = `Thesis-MSc-Main_Document.mtc'.

(./Thesis-MSc-Main_Document.mtc5) [55

] [56

] [57] (/usr/share/texlive/texmf-dist/tex/latex/listings/lstlang1.sty
File: lstlang1.sty 2020/03/24 1.8d listings language file
) (/usr/share/texlive/texmf-dist/tex/latex/listings/lstlang1.sty
File: lstlang1.sty 2020/03/24 1.8d listings language file
) (/usr/share/texlive/texmf-dist/tex/latex/listings/lstmisc.sty
File: lstmisc.sty 2020/03/24 1.8d (Carsten Heinz)
)
Package hyperref Info: bookmark level for unknown lstlisting defaults to 0 on input line 77.
LaTeX Font Info:    Font shape `OT1/cmtt/bx/n' in size <10> not available
(Font)              Font shape `OT1/cmtt/m/n' tried instead on input line 77.

Overfull \hbox (15.0pt too wide) in paragraph at lines 73--119
[]$[]$ 
 []

[58] [59]
<./Images/ui_loading.png, id=1091, 642.4pt x 1140.26pt>
File: ./Images/ui_loading.png Graphic file (type png)
<use ./Images/ui_loading.png>
Package pdftex.def Info: ./Images/ui_loading.png  used on input line 136.
(pdftex.def)             Requested size: 136.5746pt x 242.41948pt.
<./Images/ui_playout.png, id=1092, 642.4pt x 1140.26pt>
File: ./Images/ui_playout.png Graphic file (type png)
<use ./Images/ui_playout.png>
Package pdftex.def Info: ./Images/ui_playout.png  used on input line 138.
(pdftex.def)             Requested size: 136.5746pt x 242.41948pt.
Package acronym Info: Label `acro:UI' newly defined as it shall be overridden
although it is yet undefined on input line 143.
) (./Chapters/Thesis-MSc-Chapter_5.tex
Underfull \vbox (badness 10000) has occurred while \output is active []

 [60 <./Images/ui_loading.png> <./Images/ui_playout.png (PNG copy)>] [61] [62

]
Chapter 6.
\openout6 = `Thesis-MSc-Main_Document.mtc'.

\openout6 = `Thesis-MSc-Main_Document.mtc'.

(./Thesis-MSc-Main_Document.mtc6) [63] [64

]
<./Images/test_env.jpg, id=1121, 771.88374pt x 504.88625pt>
File: ./Images/test_env.jpg Graphic file (type jpg)
<use ./Images/test_env.jpg>
Package pdftex.def Info: ./Images/test_env.jpg  used on input line 18.
(pdftex.def)             Requested size: 364.19664pt x 238.22102pt.
 [65 <./Images/test_env.jpg>] [66]
<./Images/tx_layer_4.pdf, id=1136, 934.63657pt x 635.94908pt>
File: ./Images/tx_layer_4.pdf Graphic file (type pdf)
<use ./Images/tx_layer_4.pdf>
Package pdftex.def Info: ./Images/tx_layer_4.pdf  used on input line 72.
(pdftex.def)             Requested size: 227.62204pt x 154.87247pt.
<./Images/tx_layer_5.pdf, id=1137, 934.63681pt x 635.94914pt>
File: ./Images/tx_layer_5.pdf Graphic file (type pdf)
<use ./Images/tx_layer_5.pdf>
Package pdftex.def Info: ./Images/tx_layer_5.pdf  used on input line 74.
(pdftex.def)             Requested size: 227.62204pt x 154.87248pt.

Overfull \hbox (2.11998pt too wide) in paragraph at lines 72--75
[][] [][] 
 []

) [67 <./Images/tx_layer_4.pdf> <./Images/tx_layer_5.pdf>] [68

] (./Chapters/Thesis-MSc-Chapter_6.tex
Chapter 7.
\openout6 = `Thesis-MSc-Main_Document.mtc'.

\openout6 = `Thesis-MSc-Main_Document.mtc'.

(./Thesis-MSc-Main_Document.mtc7) [69

] [70

] [71]) [72] (./Thesis-MSc-Main_Document.bbl
Underfull \hbox (badness 10000) in paragraph at lines 47--49
[]\OT1/phv/m/n/10 H. Tavares, ``Par-tial dif-fer-en-tial equa-tions, lec-ture notes,'' [][]$https :
 []


Underfull \hbox (badness 10000) in paragraph at lines 47--49
\OT1/phv/m/n/10 / / ulisboa-[]my . sharepoint . com/ : b : /g / personal / ist27898[]tecnico[]ulisboa[]pt /
 []

[73


] [74]) [75] [76

]
No file Thesis-MSc-Main_Document.gls.

Package glossaries-extra Warning: Glossary `main' is missing on input line 243.


Overfull \hbox (32.13301pt too wide) in paragraph at lines 243--243
[]\OT1/phv/m/n/10 If you don't want this glos-sary, add \OT1/cmtt/m/n/10 nomain \OT1/phv/m/n/10 to your pack-age op-tion list when you load \OT1/cmtt/m/n/10 glossaries-extra.sty\OT1/phv/m/n/10 .
 []

[77


] [78

] (./Chapters/Thesis-MSc-AppendixA.tex
Appendix A.
(/usr/share/texlive/texmf-dist/tex/latex/listings/lstlang1.sty
File: lstlang1.sty 2020/03/24 1.8d listings language file
) (/usr/share/texlive/texmf-dist/tex/latex/listings/lstmisc.sty
File: lstmisc.sty 2020/03/24 1.8d (Carsten Heinz)
)
LaTeX Font Info:    Trying to load font information for OML+phv on input line 11.
 (/usr/share/texlive/texmf-dist/tex/latex/psnfss/omlphv.fd
File: omlphv.fd 
)
LaTeX Font Info:    Font shape `OML/phv/m/n' in size <9> not available
(Font)              Font shape `OML/cmm/m/it' tried instead on input line 11.
 [79

] (./tables_and_code/example.asm.txt [80])
LaTeX Font Info:    Trying to load font information for TS1+pcr on input line 44.
 (/usr/share/texlive/texmf-dist/tex/latex/psnfss/ts1pcr.fd
File: ts1pcr.fd 2001/06/04 font definitions for TS1/pcr.
)
LaTeX Font Info:    Trying to load font information for OML+pcr on input line 50.
 (/usr/share/texlive/texmf-dist/tex/latex/psnfss/omlpcr.fd
File: omlpcr.fd 
)
LaTeX Font Info:    Font shape `OML/pcr/m/n' in size <9> not available
(Font)              Font shape `OML/cmm/m/it' tried instead on input line 50.
LaTeX Font Info:    Trying to load font information for OT1+ptm on input line 50.
 (/usr/share/texlive/texmf-dist/tex/latex/psnfss/ot1ptm.fd
File: ot1ptm.fd 2001/06/04 font definitions for OT1/ptm.
)
LaTeX Info: Symbol \texttildelow not provided by
            font family ptm in TS1 encoding.
            Default family used instead on input line 50.
 [81] (./tables_and_code/function.m) (/usr/share/texlive/texmf-dist/tex/latex/listings/lstlang1.sty
File: lstlang1.sty 2020/03/24 1.8d listings language file
)
LaTeX Font Info:    Font shape `OT1/cmtt/bx/n' in size <9> not available
(Font)              Font shape `OT1/cmtt/m/n' tried instead on input line 71.
 [82]
LaTeX Font Info:    Trying to load font information for TS1+cmtt on input line 104.
 (/usr/share/texlive/texmf-dist/tex/latex/base/ts1cmtt.fd
File: ts1cmtt.fd 2022/07/10 v2.5l Standard LaTeX font definitions
)
Underfull \vbox (badness 10000) has occurred while \output is active []

 [83] [84] (/usr/share/texlive/texmf-dist/tex/latex/listings/lstlang1.sty
File: lstlang1.sty 2020/03/24 1.8d listings language file
)) [85] [86

] (./Chapters/Thesis-MSc-AppendixB.tex
Appendix B.
(./tables_and_code/table_example.tex) [87

] [88] [89]) [90]
\Changes@OutFile=\write13
\openout13 = `Thesis-MSc-Main_Document.soc'.

\tf@loc=\write14
\openout14 = `Thesis-MSc-Main_Document.loc'.

Package minitoc Info: I0009
(minitoc)             Listing minitoc auxiliary files. 
(minitoc)             Creating the Thesis-MSc-Main_Document.maf file.
\openout6 = `Thesis-MSc-Main_Document.maf'.



Package minitoc(hints) Warning: W0079
(minitoc(hints))                You have used \dominilof, 
(minitoc(hints))                but not \minilof.


Package minitoc(hints) Warning: W0080
(minitoc(hints))                You have used \dominilot, 
(minitoc(hints))                but not \minilot.

Package minitoc(hints) Info: I0053
(minitoc(hints))             You have loaded the float package; 
(minitoc(hints))             please be aware that the minitoc package 
(minitoc(hints))             facilities can not be used for new types 
(minitoc(hints))             of floats defined by the float package.

Package minitoc(hints) Warning: W0024
(minitoc(hints))                Some hints have been written 
(minitoc(hints))                in the Thesis-MSc-Main_Document.log file.

[91

] (./Thesis-MSc-Main_Document.aux
Package cleveref Info: loaded `english' language definitions on input line 28.
)

LaTeX Warning: There were undefined references.

Package rerunfilecheck Info: File `Thesis-MSc-Main_Document.out' has not changed.
(rerunfilecheck)             Checksum: A102422A29367D707F5AC0ED9C155778;9832.
 ) 
Here is how much of TeX's memory you used:
 52279 strings out of 476091
 1013773 string characters out of 5794081
 2006330 words of memory out of 5000000
 70846 multiletter control sequences out of 15000+600000
 568975 words of font info for 134 fonts, out of 8000000 for 9000
 1141 hyphenation exceptions out of 8191
 90i,24n,119p,2376b,3100s stack positions out of 10000i,1000n,20000p,200000b,200000s
{/usr/share/texmf/fonts/enc/dvips/cm-super/cm-super-ts1.enc}{/usr/share/texlive/texmf-dist/fonts/enc/dvips/base/8r.enc}</usr/share/texlive/texmf-dist/fonts/type1/public/amsfonts/cm/cmbx10.pfb></usr/share/texlive/texmf-dist/fonts/type1/public/amsfonts/cm/cmex10.pfb></usr/share/texlive/texmf-dist/fonts/type1/public/amsfonts/cmextra/cmex8.pfb></usr/share/texlive/texmf-dist/fonts/type1/public/amsfonts/cm/cmitt10.pfb></usr/share/texlive/texmf-dist/fonts/type1/public/amsfonts/cm/cmmi10.pfb></usr/share/texlive/texmf-dist/fonts/type1/public/amsfonts/cm/cmmi5.pfb></usr/share/texlive/texmf-dist/fonts/type1/public/amsfonts/cm/cmmi6.pfb></usr/share/texlive/texmf-dist/fonts/type1/public/amsfonts/cm/cmmi7.pfb></usr/share/texlive/texmf-dist/fonts/type1/public/amsfonts/cm/cmmi8.pfb></usr/share/texlive/texmf-dist/fonts/type1/public/amsfonts/cm/cmmi9.pfb></usr/share/texlive/texmf-dist/fonts/type1/public/amsfonts/cm/cmr10.pfb></usr/share/texlive/texmf-dist/fonts/type1/public/amsfonts/cm/cmr5.pfb></usr/share/texlive/texmf-dist/fonts/type1/public/amsfonts/cm/cmr6.pfb></usr/share/texlive/texmf-dist/fonts/type1/public/amsfonts/cm/cmr7.pfb></usr/share/texlive/texmf-dist/fonts/type1/public/amsfonts/cm/cmr8.pfb></usr/share/texlive/texmf-dist/fonts/type1/public/amsfonts/cm/cmsy10.pfb></usr/share/texlive/texmf-dist/fonts/type1/public/amsfonts/cm/cmsy5.pfb></usr/share/texlive/texmf-dist/fonts/type1/public/amsfonts/cm/cmsy7.pfb></usr/share/texlive/texmf-dist/fonts/type1/public/amsfonts/cm/cmsy8.pfb></usr/share/texlive/texmf-dist/fonts/type1/public/amsfonts/cm/cmtt10.pfb></usr/share/texlive/texmf-dist/fonts/type1/public/amsfonts/cm/cmtt9.pfb></usr/share/texlive/texmf-dist/fonts/type1/public/amsfonts/symbols/msam10.pfb></usr/share/texlive/texmf-dist/fonts/type1/public/amsfonts/symbols/msbm10.pfb></usr/share/texlive/texmf-dist/fonts/type1/public/amsfonts/symbols/msbm7.pfb></usr/share/texmf/fonts/type1/public/cm-super/sfrm0900.pfb></usr/share/texmf/fonts/type1/public/cm-super/sftt0900.pfb></usr/share/texlive/texmf-dist/fonts/type1/urw/bookman/ubkd8a.pfb></usr/share/texlive/texmf-dist/fonts/type1/urw/courier/ucrr8a.pfb></usr/share/texlive/texmf-dist/fonts/type1/urw/helvetic/uhvb8a.pfb></usr/share/texlive/texmf-dist/fonts/type1/urw/helvetic/uhvbo8a.pfb></usr/share/texlive/texmf-dist/fonts/type1/urw/helvetic/uhvr8a.pfb></usr/share/texlive/texmf-dist/fonts/type1/urw/helvetic/uhvro8a.pfb>
Output written on Thesis-MSc-Main_Document.pdf (111 pages, 1417724 bytes).
PDF statistics:
 2314 PDF objects out of 2487 (max. 8388607)
 1912 compressed objects within 20 object streams
 621 named destinations out of 1000 (max. 500000)
 442 words of extra memory for PDF output out of 10000 (max. 10000000)

